2023-12-28 14:26:33.566 +02:00 [INF] User profile is available. Using 'C:\Users\User\AppData\Local\ASP.NET\DataProtection-Keys' as key repository and Windows DPAPI to encrypt keys at rest.
2023-12-28 14:26:33.838 +02:00 [INF] Now listening on: https://localhost:7208
2023-12-28 14:26:33.839 +02:00 [INF] Now listening on: http://localhost:5118
2023-12-28 14:26:33.843 +02:00 [INF] Application started. Press Ctrl+C to shut down.
2023-12-28 14:26:33.844 +02:00 [INF] Hosting environment: Development
2023-12-28 14:26:33.844 +02:00 [INF] Content root path: C:\Users\User\Desktop\Новая папка\Quiz\WebApplication2\
2023-12-28 14:26:34.791 +02:00 [INF] Request starting HTTP/2 GET https://localhost:7208/ - -
2023-12-28 14:26:34.869 +02:00 [INF] Authorization failed. These requirements were not met:
DenyAnonymousAuthorizationRequirement: Requires an authenticated user.
2023-12-28 14:26:34.883 +02:00 [INF] AuthenticationScheme: Cookies was challenged.
2023-12-28 14:26:34.895 +02:00 [INF] Request finished HTTP/2 GET https://localhost:7208/ - - - 302 0 - 108.8805ms
2023-12-28 14:26:34.896 +02:00 [INF] Request starting HTTP/2 GET https://localhost:7208/Account/Login?ReturnUrl=%2F - -
2023-12-28 14:26:34.914 +02:00 [INF] Executing endpoint 'ISQuiz.Controllers.AccountController.Login (ISQuiz)'
2023-12-28 14:26:34.943 +02:00 [INF] Route matched with {action = "Login", controller = "Account"}. Executing controller action with signature Microsoft.AspNetCore.Mvc.IActionResult Login() on controller ISQuiz.Controllers.AccountController (ISQuiz).
2023-12-28 14:26:34.963 +02:00 [INF] Executing ViewResult, running view ~/Views/Account/Login.cshtml.
2023-12-28 14:26:35.265 +02:00 [INF] Executed ViewResult - view ~/Views/Account/Login.cshtml executed in 301.6287ms.
2023-12-28 14:26:35.274 +02:00 [INF] Executed action ISQuiz.Controllers.AccountController.Login (ISQuiz) in 329.5337ms
2023-12-28 14:26:35.275 +02:00 [INF] Executed endpoint 'ISQuiz.Controllers.AccountController.Login (ISQuiz)'
2023-12-28 14:26:35.293 +02:00 [INF] Request finished HTTP/2 GET https://localhost:7208/Account/Login?ReturnUrl=%2F - - - 200 - text/html;+charset=utf-8 396.6519ms
2023-12-28 14:26:35.302 +02:00 [INF] Request starting HTTP/2 GET https://localhost:7208/_framework/aspnetcore-browser-refresh.js - -
2023-12-28 14:26:35.302 +02:00 [INF] Request starting HTTP/2 GET https://localhost:7208/lib/jquery-validation-unobtrusive/jquery.validate.unobtrusive.min.js - -
2023-12-28 14:26:35.302 +02:00 [INF] Request starting HTTP/2 GET https://localhost:7208/lib/jquery-validation/dist/jquery.validate.min.js - -
2023-12-28 14:26:35.302 +02:00 [INF] Request starting HTTP/2 GET https://localhost:7208/_vs/browserLink - -
2023-12-28 14:26:35.305 +02:00 [INF] Request finished HTTP/2 GET https://localhost:7208/lib/jquery-validation/dist/jquery.validate.min.js - - - 404 0 - 3.0613ms
2023-12-28 14:26:35.305 +02:00 [INF] Request finished HTTP/2 GET https://localhost:7208/lib/jquery-validation-unobtrusive/jquery.validate.unobtrusive.min.js - - - 404 0 - 2.9492ms
2023-12-28 14:26:35.306 +02:00 [INF] Request finished HTTP/2 GET https://localhost:7208/_framework/aspnetcore-browser-refresh.js - - - 200 12344 application/javascript;+charset=utf-8 4.3580ms
2023-12-28 14:26:35.317 +02:00 [INF] Request finished HTTP/2 GET https://localhost:7208/_vs/browserLink - - - 200 - text/javascript;+charset=UTF-8 14.5804ms
2023-12-28 14:26:36.366 +02:00 [INF] Request starting HTTP/2 POST https://localhost:7208/Account/Login application/x-www-form-urlencoded 241
2023-12-28 14:26:36.369 +02:00 [INF] Executing endpoint 'ISQuiz.Controllers.AccountController.Login (ISQuiz)'
2023-12-28 14:26:36.382 +02:00 [INF] Route matched with {action = "Login", controller = "Account"}. Executing controller action with signature System.Threading.Tasks.Task`1[Microsoft.AspNetCore.Mvc.IActionResult] Login(ISQuiz.ViewModels.AuthorizeViewModel) on controller ISQuiz.Controllers.AccountController (ISQuiz).
2023-12-28 14:26:36.819 +02:00 [INF] AuthenticationScheme: Cookies signed in.
2023-12-28 14:26:36.826 +02:00 [INF] Executing RedirectResult, redirecting to /.
2023-12-28 14:26:36.826 +02:00 [INF] Executed action ISQuiz.Controllers.AccountController.Login (ISQuiz) in 442.288ms
2023-12-28 14:26:36.828 +02:00 [INF] Executed endpoint 'ISQuiz.Controllers.AccountController.Login (ISQuiz)'
2023-12-28 14:26:36.829 +02:00 [INF] Request finished HTTP/2 POST https://localhost:7208/Account/Login application/x-www-form-urlencoded 241 - 302 0 - 462.5796ms
2023-12-28 14:26:36.830 +02:00 [INF] Request starting HTTP/2 GET https://localhost:7208/ - -
2023-12-28 14:26:36.833 +02:00 [INF] Executing endpoint 'ISQuiz.Controllers.HomeController.Index (ISQuiz)'
2023-12-28 14:26:36.836 +02:00 [INF] Route matched with {action = "Index", controller = "Home"}. Executing controller action with signature System.Threading.Tasks.Task`1[Microsoft.AspNetCore.Mvc.IActionResult] Index() on controller ISQuiz.Controllers.HomeController (ISQuiz).
2023-12-28 14:26:36.838 +02:00 [INF] Index method called.
2023-12-28 14:26:36.894 +02:00 [INF] Executing ViewResult, running view ~/Views/Home/Index.cshtml.
2023-12-28 14:26:36.947 +02:00 [INF] Executed ViewResult - view ~/Views/Home/Index.cshtml executed in 53.704ms.
2023-12-28 14:26:36.948 +02:00 [INF] Executed action ISQuiz.Controllers.HomeController.Index (ISQuiz) in 111.9182ms
2023-12-28 14:26:36.949 +02:00 [INF] Executed endpoint 'ISQuiz.Controllers.HomeController.Index (ISQuiz)'
2023-12-28 14:26:36.955 +02:00 [INF] Request finished HTTP/2 GET https://localhost:7208/ - - - 200 - text/html;+charset=utf-8 124.3870ms
2023-12-28 14:26:36.977 +02:00 [INF] Request starting HTTP/2 GET https://localhost:7208/_framework/aspnetcore-browser-refresh.js - -
2023-12-28 14:26:36.978 +02:00 [INF] Request finished HTTP/2 GET https://localhost:7208/_framework/aspnetcore-browser-refresh.js - - - 200 12344 application/javascript;+charset=utf-8 1.0117ms
2023-12-28 14:26:36.984 +02:00 [INF] Request starting HTTP/2 GET https://localhost:7208/_vs/browserLink - -
2023-12-28 14:26:36.987 +02:00 [INF] Request finished HTTP/2 GET https://localhost:7208/_vs/browserLink - - - 200 - text/javascript;+charset=UTF-8 3.5516ms
2023-12-28 14:28:24.095 +02:00 [INF] User profile is available. Using 'C:\Users\User\AppData\Local\ASP.NET\DataProtection-Keys' as key repository and Windows DPAPI to encrypt keys at rest.
2023-12-28 14:28:24.427 +02:00 [INF] Now listening on: https://localhost:7208
2023-12-28 14:28:24.428 +02:00 [INF] Now listening on: http://localhost:5118
2023-12-28 14:28:24.432 +02:00 [INF] Application started. Press Ctrl+C to shut down.
2023-12-28 14:28:24.433 +02:00 [INF] Hosting environment: Development
2023-12-28 14:28:24.434 +02:00 [INF] Content root path: C:\Users\User\Desktop\Новая папка\Quiz\WebApplication2\
2023-12-28 14:28:25.358 +02:00 [INF] Request starting HTTP/2 GET https://localhost:7208/ - -
2023-12-28 14:28:25.435 +02:00 [INF] Authorization failed. These requirements were not met:
DenyAnonymousAuthorizationRequirement: Requires an authenticated user.
2023-12-28 14:28:25.447 +02:00 [INF] AuthenticationScheme: Cookies was challenged.
2023-12-28 14:28:25.458 +02:00 [INF] Request finished HTTP/2 GET https://localhost:7208/ - - - 302 0 - 103.4810ms
2023-12-28 14:28:25.460 +02:00 [INF] Request starting HTTP/2 GET https://localhost:7208/Account/Login?ReturnUrl=%2F - -
2023-12-28 14:28:25.477 +02:00 [INF] Executing endpoint 'ISQuiz.Controllers.AccountController.Login (ISQuiz)'
2023-12-28 14:28:25.508 +02:00 [INF] Route matched with {action = "Login", controller = "Account"}. Executing controller action with signature Microsoft.AspNetCore.Mvc.IActionResult Login() on controller ISQuiz.Controllers.AccountController (ISQuiz).
2023-12-28 14:28:25.528 +02:00 [INF] Executing ViewResult, running view ~/Views/Account/Login.cshtml.
2023-12-28 14:28:25.809 +02:00 [INF] Executed ViewResult - view ~/Views/Account/Login.cshtml executed in 280.2363ms.
2023-12-28 14:28:25.819 +02:00 [INF] Executed action ISQuiz.Controllers.AccountController.Login (ISQuiz) in 308.8304ms
2023-12-28 14:28:25.820 +02:00 [INF] Executed endpoint 'ISQuiz.Controllers.AccountController.Login (ISQuiz)'
2023-12-28 14:28:25.837 +02:00 [INF] Request finished HTTP/2 GET https://localhost:7208/Account/Login?ReturnUrl=%2F - - - 200 - text/html;+charset=utf-8 377.5145ms
2023-12-28 14:28:25.844 +02:00 [INF] Request starting HTTP/2 GET https://localhost:7208/_framework/aspnetcore-browser-refresh.js - -
2023-12-28 14:28:25.844 +02:00 [INF] Request starting HTTP/2 GET https://localhost:7208/lib/jquery-validation-unobtrusive/jquery.validate.unobtrusive.min.js - -
2023-12-28 14:28:25.844 +02:00 [INF] Request starting HTTP/2 GET https://localhost:7208/lib/jquery-validation/dist/jquery.validate.min.js - -
2023-12-28 14:28:25.844 +02:00 [INF] Request starting HTTP/2 GET https://localhost:7208/_vs/browserLink - -
2023-12-28 14:28:25.847 +02:00 [INF] Request finished HTTP/2 GET https://localhost:7208/lib/jquery-validation-unobtrusive/jquery.validate.unobtrusive.min.js - - - 404 0 - 2.9009ms
2023-12-28 14:28:25.847 +02:00 [INF] Request finished HTTP/2 GET https://localhost:7208/lib/jquery-validation/dist/jquery.validate.min.js - - - 404 0 - 2.9823ms
2023-12-28 14:28:25.848 +02:00 [INF] Request finished HTTP/2 GET https://localhost:7208/_framework/aspnetcore-browser-refresh.js - - - 200 12344 application/javascript;+charset=utf-8 4.5276ms
2023-12-28 14:28:25.859 +02:00 [INF] Request finished HTTP/2 GET https://localhost:7208/_vs/browserLink - - - 200 - text/javascript;+charset=UTF-8 14.9767ms
2023-12-28 14:28:29.169 +02:00 [INF] Request starting HTTP/2 POST https://localhost:7208/Account/Login application/x-www-form-urlencoded 241
2023-12-28 14:28:29.172 +02:00 [INF] Executing endpoint 'ISQuiz.Controllers.AccountController.Login (ISQuiz)'
2023-12-28 14:28:29.184 +02:00 [INF] Route matched with {action = "Login", controller = "Account"}. Executing controller action with signature System.Threading.Tasks.Task`1[Microsoft.AspNetCore.Mvc.IActionResult] Login(ISQuiz.ViewModels.AuthorizeViewModel) on controller ISQuiz.Controllers.AccountController (ISQuiz).
2023-12-28 14:28:30.028 +02:00 [INF] AuthenticationScheme: Cookies signed in.
2023-12-28 14:28:30.035 +02:00 [INF] Executing RedirectResult, redirecting to /.
2023-12-28 14:28:30.037 +02:00 [INF] Executed action ISQuiz.Controllers.AccountController.Login (ISQuiz) in 849.4748ms
2023-12-28 14:28:30.038 +02:00 [INF] Executed endpoint 'ISQuiz.Controllers.AccountController.Login (ISQuiz)'
2023-12-28 14:28:30.039 +02:00 [INF] Request finished HTTP/2 POST https://localhost:7208/Account/Login application/x-www-form-urlencoded 241 - 302 0 - 870.3505ms
2023-12-28 14:28:30.041 +02:00 [INF] Request starting HTTP/2 GET https://localhost:7208/ - -
2023-12-28 14:28:30.044 +02:00 [INF] Executing endpoint 'ISQuiz.Controllers.HomeController.Index (ISQuiz)'
2023-12-28 14:28:30.046 +02:00 [INF] Route matched with {action = "Index", controller = "Home"}. Executing controller action with signature System.Threading.Tasks.Task`1[Microsoft.AspNetCore.Mvc.IActionResult] Index() on controller ISQuiz.Controllers.HomeController (ISQuiz).
2023-12-28 14:28:30.049 +02:00 [INF] Index method called.
2023-12-28 14:28:30.434 +02:00 [INF] Executing ViewResult, running view ~/Views/Home/Index.cshtml.
2023-12-28 14:28:30.479 +02:00 [INF] Executed ViewResult - view ~/Views/Home/Index.cshtml executed in 45.6178ms.
2023-12-28 14:28:30.480 +02:00 [INF] Executed action ISQuiz.Controllers.HomeController.Index (ISQuiz) in 432.7017ms
2023-12-28 14:28:30.481 +02:00 [INF] Executed endpoint 'ISQuiz.Controllers.HomeController.Index (ISQuiz)'
2023-12-28 14:28:30.486 +02:00 [INF] Request finished HTTP/2 GET https://localhost:7208/ - - - 200 - text/html;+charset=utf-8 444.8481ms
2023-12-28 14:28:30.507 +02:00 [INF] Request starting HTTP/2 GET https://localhost:7208/_framework/aspnetcore-browser-refresh.js - -
2023-12-28 14:28:30.508 +02:00 [INF] Request finished HTTP/2 GET https://localhost:7208/_framework/aspnetcore-browser-refresh.js - - - 200 12344 application/javascript;+charset=utf-8 1.1239ms
2023-12-28 14:28:30.513 +02:00 [INF] Request starting HTTP/2 GET https://localhost:7208/_vs/browserLink - -
2023-12-28 14:28:30.516 +02:00 [INF] Request finished HTTP/2 GET https://localhost:7208/_vs/browserLink - - - 200 - text/javascript;+charset=UTF-8 2.4030ms
2023-12-28 14:28:32.246 +02:00 [INF] Request starting HTTP/2 GET https://localhost:7208/Home/Detail/29 - -
2023-12-28 14:28:32.248 +02:00 [INF] Executing endpoint 'ISQuiz.Controllers.HomeController.Detail (ISQuiz)'
2023-12-28 14:28:32.251 +02:00 [INF] Route matched with {action = "Detail", controller = "Home"}. Executing controller action with signature Microsoft.AspNetCore.Mvc.IActionResult Detail(Int32) on controller ISQuiz.Controllers.HomeController (ISQuiz).
2023-12-28 14:28:32.254 +02:00 [INF] Executing ViewResult, running view ~/Views/Home/Detail.cshtml.
2023-12-28 14:28:32.266 +02:00 [INF] Executed ViewResult - view ~/Views/Home/Detail.cshtml executed in 13.2291ms.
2023-12-28 14:28:32.267 +02:00 [INF] Executed action ISQuiz.Controllers.HomeController.Detail (ISQuiz) in 15.2312ms
2023-12-28 14:28:32.268 +02:00 [INF] Executed endpoint 'ISQuiz.Controllers.HomeController.Detail (ISQuiz)'
2023-12-28 14:28:32.271 +02:00 [INF] Request finished HTTP/2 GET https://localhost:7208/Home/Detail/29 - - - 200 - text/html;+charset=utf-8 25.4672ms
2023-12-28 14:28:32.275 +02:00 [INF] Request starting HTTP/2 GET https://localhost:7208/_framework/aspnetcore-browser-refresh.js - -
2023-12-28 14:28:32.275 +02:00 [INF] Request starting HTTP/2 GET https://localhost:7208/_vs/browserLink - -
2023-12-28 14:28:32.276 +02:00 [INF] Request finished HTTP/2 GET https://localhost:7208/_framework/aspnetcore-browser-refresh.js - - - 200 12344 application/javascript;+charset=utf-8 0.7892ms
2023-12-28 14:28:32.278 +02:00 [INF] Request finished HTTP/2 GET https://localhost:7208/_vs/browserLink - - - 200 - text/javascript;+charset=UTF-8 2.9120ms
2023-12-28 14:28:32.292 +02:00 [INF] Request starting HTTP/2 GET https://localhost:7208/Home/GetInfoQuestionnaire/29?_=1703766512288 - -
2023-12-28 14:28:32.292 +02:00 [INF] Request starting HTTP/2 GET https://localhost:7208/Home/QuestionnaireStatistic/29?_=1703766512289 - -
2023-12-28 14:28:32.296 +02:00 [INF] Executing endpoint 'ISQuiz.Controllers.HomeController.GetInfoQuestionnaire (ISQuiz)'
2023-12-28 14:28:32.296 +02:00 [INF] Executing endpoint 'ISQuiz.Controllers.HomeController.QuestionnaireStatistic (ISQuiz)'
2023-12-28 14:28:32.299 +02:00 [INF] Route matched with {action = "GetInfoQuestionnaire", controller = "Home"}. Executing controller action with signature System.Threading.Tasks.Task`1[Microsoft.AspNetCore.Mvc.IActionResult] GetInfoQuestionnaire(Int32) on controller ISQuiz.Controllers.HomeController (ISQuiz).
2023-12-28 14:28:32.299 +02:00 [INF] Route matched with {action = "QuestionnaireStatistic", controller = "Home"}. Executing controller action with signature System.Threading.Tasks.Task`1[Microsoft.AspNetCore.Mvc.IActionResult] QuestionnaireStatistic(Int32) on controller ISQuiz.Controllers.HomeController (ISQuiz).
2023-12-28 14:28:32.302 +02:00 [INF] QuestionnaireStatistic method called. Id = 29
2023-12-28 14:28:32.302 +02:00 [INF] GetInfoQuestionnaire method called. Id = 29
2023-12-28 14:28:32.305 +02:00 [INF] QuestionnaireDetail method called. Id = 29
2023-12-28 14:28:32.332 +02:00 [INF] Request starting HTTP/2 GET https://localhost:7208/Home/Detail/assets/css/bootstrap.min.css - -
2023-12-28 14:28:32.332 +02:00 [INF] Request starting HTTP/2 GET https://localhost:7208/Home/Detail/assets/css/app.min.css - -
2023-12-28 14:28:32.333 +02:00 [INF] Request finished HTTP/2 GET https://localhost:7208/Home/Detail/assets/css/bootstrap.min.css - - - 404 0 - 1.0577ms
2023-12-28 14:28:32.333 +02:00 [INF] Request finished HTTP/2 GET https://localhost:7208/Home/Detail/assets/css/app.min.css - - - 404 0 - 1.4037ms
2023-12-28 14:28:32.548 +02:00 [INF] QuestionsDetail method called. Id = 29
2023-12-28 14:28:32.552 +02:00 [INF] Executing PartialViewResult, running view ~/Views/Home/_Statistic.cshtml.
2023-12-28 14:28:32.557 +02:00 [INF] Executed PartialViewResult - view ~/Views/Home/_Statistic.cshtml executed in 4.8687ms.
2023-12-28 14:28:32.557 +02:00 [INF] Executed action ISQuiz.Controllers.HomeController.QuestionnaireStatistic (ISQuiz) in 256.592ms
2023-12-28 14:28:32.558 +02:00 [INF] Executed endpoint 'ISQuiz.Controllers.HomeController.QuestionnaireStatistic (ISQuiz)'
2023-12-28 14:28:32.559 +02:00 [INF] Request finished HTTP/2 GET https://localhost:7208/Home/QuestionnaireStatistic/29?_=1703766512289 - - - 200 - text/html;+charset=utf-8 266.4383ms
2023-12-28 14:28:32.723 +02:00 [INF] Executing PartialViewResult, running view ~/Views/Home/_Info.cshtml.
2023-12-28 14:28:32.739 +02:00 [INF] Executed PartialViewResult - view ~/Views/Home/_Info.cshtml executed in 15.6365ms.
2023-12-28 14:28:32.740 +02:00 [INF] Executed action ISQuiz.Controllers.HomeController.GetInfoQuestionnaire (ISQuiz) in 440.0153ms
2023-12-28 14:28:32.740 +02:00 [INF] Executed endpoint 'ISQuiz.Controllers.HomeController.GetInfoQuestionnaire (ISQuiz)'
2023-12-28 14:28:32.744 +02:00 [INF] Request finished HTTP/2 GET https://localhost:7208/Home/GetInfoQuestionnaire/29?_=1703766512288 - - - 200 - text/html;+charset=utf-8 451.4000ms
2023-12-28 14:28:32.748 +02:00 [INF] Request starting HTTP/2 GET https://localhost:7208/Home/GetQuestions/29?_=1703766512290 - -
2023-12-28 14:28:32.749 +02:00 [INF] Executing endpoint 'ISQuiz.Controllers.HomeController.GetQuestions (ISQuiz)'
2023-12-28 14:28:32.752 +02:00 [INF] Route matched with {action = "GetQuestions", controller = "Home"}. Executing controller action with signature System.Threading.Tasks.Task`1[Microsoft.AspNetCore.Mvc.IActionResult] GetQuestions(Int32) on controller ISQuiz.Controllers.HomeController (ISQuiz).
2023-12-28 14:28:32.754 +02:00 [INF] GetQuestions method called. Id = 29
2023-12-28 14:28:32.754 +02:00 [INF] QuestionsDetail method called. Id = 29
2023-12-28 14:28:32.781 +02:00 [INF] Executing PartialViewResult, running view ~/Views/Home/_Questions.cshtml.
2023-12-28 14:28:32.787 +02:00 [INF] Executed PartialViewResult - view ~/Views/Home/_Questions.cshtml executed in 6.4902ms.
2023-12-28 14:28:32.788 +02:00 [INF] Executed action ISQuiz.Controllers.HomeController.GetQuestions (ISQuiz) in 35.0645ms
2023-12-28 14:28:32.789 +02:00 [INF] Executed endpoint 'ISQuiz.Controllers.HomeController.GetQuestions (ISQuiz)'
2023-12-28 14:28:32.795 +02:00 [INF] Request finished HTTP/2 GET https://localhost:7208/Home/GetQuestions/29?_=1703766512290 - - - 200 - text/html;+charset=utf-8 47.2656ms
2023-12-28 14:28:41.702 +02:00 [INF] Request starting HTTP/2 GET https://localhost:7208/ - -
2023-12-28 14:28:41.703 +02:00 [INF] Executing endpoint 'ISQuiz.Controllers.HomeController.Index (ISQuiz)'
2023-12-28 14:28:41.704 +02:00 [INF] Route matched with {action = "Index", controller = "Home"}. Executing controller action with signature System.Threading.Tasks.Task`1[Microsoft.AspNetCore.Mvc.IActionResult] Index() on controller ISQuiz.Controllers.HomeController (ISQuiz).
2023-12-28 14:28:41.705 +02:00 [INF] Index method called.
2023-12-28 14:28:42.140 +02:00 [INF] Executing ViewResult, running view ~/Views/Home/Index.cshtml.
2023-12-28 14:28:42.145 +02:00 [INF] Executed ViewResult - view ~/Views/Home/Index.cshtml executed in 4.6179ms.
2023-12-28 14:28:42.146 +02:00 [INF] Executed action ISQuiz.Controllers.HomeController.Index (ISQuiz) in 440.6437ms
2023-12-28 14:28:42.147 +02:00 [INF] Executed endpoint 'ISQuiz.Controllers.HomeController.Index (ISQuiz)'
2023-12-28 14:28:42.150 +02:00 [INF] Request finished HTTP/2 GET https://localhost:7208/ - - - 200 - text/html;+charset=utf-8 448.1310ms
2023-12-28 14:28:42.154 +02:00 [INF] Request starting HTTP/2 GET https://localhost:7208/_framework/aspnetcore-browser-refresh.js - -
2023-12-28 14:28:42.154 +02:00 [INF] Request starting HTTP/2 GET https://localhost:7208/_vs/browserLink - -
2023-12-28 14:28:42.154 +02:00 [INF] Request finished HTTP/2 GET https://localhost:7208/_framework/aspnetcore-browser-refresh.js - - - 200 12344 application/javascript;+charset=utf-8 0.6870ms
2023-12-28 14:28:42.157 +02:00 [INF] Request finished HTTP/2 GET https://localhost:7208/_vs/browserLink - - - 200 - text/javascript;+charset=UTF-8 2.6999ms
2023-12-28 14:51:49.267 +02:00 [INF] User profile is available. Using 'C:\Users\User\AppData\Local\ASP.NET\DataProtection-Keys' as key repository and Windows DPAPI to encrypt keys at rest.
2023-12-28 14:51:49.567 +02:00 [INF] Now listening on: https://localhost:7208
2023-12-28 14:51:49.567 +02:00 [INF] Now listening on: http://localhost:5118
2023-12-28 14:51:49.571 +02:00 [INF] Application started. Press Ctrl+C to shut down.
2023-12-28 14:51:49.572 +02:00 [INF] Hosting environment: Development
2023-12-28 14:51:49.572 +02:00 [INF] Content root path: C:\Users\User\Desktop\Новая папка\Quiz\WebApplication2\
2023-12-28 14:51:50.351 +02:00 [INF] Request starting HTTP/2 GET https://localhost:7208/ - -
2023-12-28 14:51:50.428 +02:00 [INF] Authorization failed. These requirements were not met:
DenyAnonymousAuthorizationRequirement: Requires an authenticated user.
2023-12-28 14:51:50.442 +02:00 [INF] AuthenticationScheme: Cookies was challenged.
2023-12-28 14:51:50.453 +02:00 [INF] Request finished HTTP/2 GET https://localhost:7208/ - - - 302 0 - 105.7098ms
2023-12-28 14:51:50.455 +02:00 [INF] Request starting HTTP/2 GET https://localhost:7208/Account/Login?ReturnUrl=%2F - -
2023-12-28 14:51:50.472 +02:00 [INF] Executing endpoint 'ISQuiz.Controllers.AccountController.Login (ISQuiz)'
2023-12-28 14:51:50.500 +02:00 [INF] Route matched with {action = "Login", controller = "Account"}. Executing controller action with signature Microsoft.AspNetCore.Mvc.IActionResult Login() on controller ISQuiz.Controllers.AccountController (ISQuiz).
2023-12-28 14:51:50.521 +02:00 [INF] Executing ViewResult, running view ~/Views/Account/Login.cshtml.
2023-12-28 14:51:50.796 +02:00 [INF] Executed ViewResult - view ~/Views/Account/Login.cshtml executed in 275.1937ms.
2023-12-28 14:51:50.806 +02:00 [INF] Executed action ISQuiz.Controllers.AccountController.Login (ISQuiz) in 304.0581ms
2023-12-28 14:51:50.807 +02:00 [INF] Executed endpoint 'ISQuiz.Controllers.AccountController.Login (ISQuiz)'
2023-12-28 14:51:50.825 +02:00 [INF] Request finished HTTP/2 GET https://localhost:7208/Account/Login?ReturnUrl=%2F - - - 200 - text/html;+charset=utf-8 369.8100ms
2023-12-28 14:51:50.834 +02:00 [INF] Request starting HTTP/2 GET https://localhost:7208/_framework/aspnetcore-browser-refresh.js - -
2023-12-28 14:51:50.834 +02:00 [INF] Request starting HTTP/2 GET https://localhost:7208/lib/jquery-validation/dist/jquery.validate.min.js - -
2023-12-28 14:51:50.834 +02:00 [INF] Request starting HTTP/2 GET https://localhost:7208/lib/jquery-validation-unobtrusive/jquery.validate.unobtrusive.min.js - -
2023-12-28 14:51:50.834 +02:00 [INF] Request starting HTTP/2 GET https://localhost:7208/_vs/browserLink - -
2023-12-28 14:51:50.837 +02:00 [INF] Request finished HTTP/2 GET https://localhost:7208/lib/jquery-validation/dist/jquery.validate.min.js - - - 404 0 - 3.2122ms
2023-12-28 14:51:50.837 +02:00 [INF] Request finished HTTP/2 GET https://localhost:7208/lib/jquery-validation-unobtrusive/jquery.validate.unobtrusive.min.js - - - 404 0 - 3.1142ms
2023-12-28 14:51:50.838 +02:00 [INF] Request finished HTTP/2 GET https://localhost:7208/_framework/aspnetcore-browser-refresh.js - - - 200 12344 application/javascript;+charset=utf-8 4.6966ms
2023-12-28 14:51:50.850 +02:00 [INF] Request finished HTTP/2 GET https://localhost:7208/_vs/browserLink - - - 200 - text/javascript;+charset=UTF-8 16.0334ms
2023-12-28 14:51:51.987 +02:00 [INF] Request starting HTTP/2 POST https://localhost:7208/Account/Login application/x-www-form-urlencoded 241
2023-12-28 14:51:51.990 +02:00 [INF] Executing endpoint 'ISQuiz.Controllers.AccountController.Login (ISQuiz)'
2023-12-28 14:51:52.003 +02:00 [INF] Route matched with {action = "Login", controller = "Account"}. Executing controller action with signature System.Threading.Tasks.Task`1[Microsoft.AspNetCore.Mvc.IActionResult] Login(ISQuiz.ViewModels.AuthorizeViewModel) on controller ISQuiz.Controllers.AccountController (ISQuiz).
2023-12-28 14:51:53.354 +02:00 [INF] AuthenticationScheme: Cookies signed in.
2023-12-28 14:51:53.360 +02:00 [INF] Executing RedirectResult, redirecting to /.
2023-12-28 14:51:53.362 +02:00 [INF] Executed action ISQuiz.Controllers.AccountController.Login (ISQuiz) in 1357.2077ms
2023-12-28 14:51:53.362 +02:00 [INF] Executed endpoint 'ISQuiz.Controllers.AccountController.Login (ISQuiz)'
2023-12-28 14:51:53.363 +02:00 [INF] Request finished HTTP/2 POST https://localhost:7208/Account/Login application/x-www-form-urlencoded 241 - 302 0 - 1376.6971ms
2023-12-28 14:51:53.365 +02:00 [INF] Request starting HTTP/2 GET https://localhost:7208/ - -
2023-12-28 14:51:53.368 +02:00 [INF] Executing endpoint 'ISQuiz.Controllers.HomeController.Index (ISQuiz)'
2023-12-28 14:51:53.370 +02:00 [INF] Route matched with {action = "Index", controller = "Home"}. Executing controller action with signature System.Threading.Tasks.Task`1[Microsoft.AspNetCore.Mvc.IActionResult] Index() on controller ISQuiz.Controllers.HomeController (ISQuiz).
2023-12-28 14:51:53.372 +02:00 [INF] Index method called.
2023-12-28 14:51:53.933 +02:00 [INF] Executing ViewResult, running view ~/Views/Home/Index.cshtml.
2023-12-28 14:51:53.977 +02:00 [INF] Executed ViewResult - view ~/Views/Home/Index.cshtml executed in 44.2577ms.
2023-12-28 14:51:53.978 +02:00 [INF] Executed action ISQuiz.Controllers.HomeController.Index (ISQuiz) in 606.4587ms
2023-12-28 14:51:53.978 +02:00 [INF] Executed endpoint 'ISQuiz.Controllers.HomeController.Index (ISQuiz)'
2023-12-28 14:51:53.983 +02:00 [INF] Request finished HTTP/2 GET https://localhost:7208/ - - - 200 - text/html;+charset=utf-8 618.0868ms
2023-12-28 14:51:54.004 +02:00 [INF] Request starting HTTP/2 GET https://localhost:7208/_framework/aspnetcore-browser-refresh.js - -
2023-12-28 14:51:54.005 +02:00 [INF] Request finished HTTP/2 GET https://localhost:7208/_framework/aspnetcore-browser-refresh.js - - - 200 12344 application/javascript;+charset=utf-8 1.2161ms
2023-12-28 14:51:54.010 +02:00 [INF] Request starting HTTP/2 GET https://localhost:7208/_vs/browserLink - -
2023-12-28 14:51:54.012 +02:00 [INF] Request finished HTTP/2 GET https://localhost:7208/_vs/browserLink - - - 200 - text/javascript;+charset=UTF-8 2.4429ms
2023-12-28 14:51:57.246 +02:00 [INF] Request starting HTTP/2 GET https://localhost:7208/Home/Detail/29 - -
2023-12-28 14:51:57.248 +02:00 [INF] Executing endpoint 'ISQuiz.Controllers.HomeController.Detail (ISQuiz)'
2023-12-28 14:51:57.249 +02:00 [INF] Route matched with {action = "Detail", controller = "Home"}. Executing controller action with signature Microsoft.AspNetCore.Mvc.IActionResult Detail(Int32) on controller ISQuiz.Controllers.HomeController (ISQuiz).
2023-12-28 14:51:57.252 +02:00 [INF] Executing ViewResult, running view ~/Views/Home/Detail.cshtml.
2023-12-28 14:51:57.264 +02:00 [INF] Executed ViewResult - view ~/Views/Home/Detail.cshtml executed in 12.3784ms.
2023-12-28 14:51:57.265 +02:00 [INF] Executed action ISQuiz.Controllers.HomeController.Detail (ISQuiz) in 14.3379ms
2023-12-28 14:51:57.266 +02:00 [INF] Executed endpoint 'ISQuiz.Controllers.HomeController.Detail (ISQuiz)'
2023-12-28 14:51:57.269 +02:00 [INF] Request finished HTTP/2 GET https://localhost:7208/Home/Detail/29 - - - 200 - text/html;+charset=utf-8 22.4715ms
2023-12-28 14:51:57.272 +02:00 [INF] Request starting HTTP/2 GET https://localhost:7208/_vs/browserLink - -
2023-12-28 14:51:57.272 +02:00 [INF] Request starting HTTP/2 GET https://localhost:7208/_framework/aspnetcore-browser-refresh.js - -
2023-12-28 14:51:57.274 +02:00 [INF] Request finished HTTP/2 GET https://localhost:7208/_framework/aspnetcore-browser-refresh.js - - - 200 12344 application/javascript;+charset=utf-8 1.7373ms
2023-12-28 14:51:57.275 +02:00 [INF] Request finished HTTP/2 GET https://localhost:7208/_vs/browserLink - - - 200 - text/javascript;+charset=UTF-8 2.5348ms
2023-12-28 14:51:57.290 +02:00 [INF] Request starting HTTP/2 GET https://localhost:7208/Home/QuestionnaireStatistic/29?_=1703767917287 - -
2023-12-28 14:51:57.290 +02:00 [INF] Request starting HTTP/2 GET https://localhost:7208/Home/GetInfoQuestionnaire/29?_=1703767917286 - -
2023-12-28 14:51:57.294 +02:00 [INF] Executing endpoint 'ISQuiz.Controllers.HomeController.GetInfoQuestionnaire (ISQuiz)'
2023-12-28 14:51:57.294 +02:00 [INF] Executing endpoint 'ISQuiz.Controllers.HomeController.QuestionnaireStatistic (ISQuiz)'
2023-12-28 14:51:57.296 +02:00 [INF] Route matched with {action = "GetInfoQuestionnaire", controller = "Home"}. Executing controller action with signature System.Threading.Tasks.Task`1[Microsoft.AspNetCore.Mvc.IActionResult] GetInfoQuestionnaire(Int32) on controller ISQuiz.Controllers.HomeController (ISQuiz).
2023-12-28 14:51:57.297 +02:00 [INF] Route matched with {action = "QuestionnaireStatistic", controller = "Home"}. Executing controller action with signature System.Threading.Tasks.Task`1[Microsoft.AspNetCore.Mvc.IActionResult] QuestionnaireStatistic(Int32) on controller ISQuiz.Controllers.HomeController (ISQuiz).
2023-12-28 14:51:57.300 +02:00 [INF] GetInfoQuestionnaire method called. Id = 29
2023-12-28 14:51:57.300 +02:00 [INF] QuestionnaireStatistic method called. Id = 29
2023-12-28 14:51:57.301 +02:00 [INF] QuestionnaireDetail method called. Id = 29
2023-12-28 14:51:57.331 +02:00 [INF] Request starting HTTP/2 GET https://localhost:7208/Home/Detail/assets/css/bootstrap.min.css - -
2023-12-28 14:51:57.331 +02:00 [INF] Request starting HTTP/2 GET https://localhost:7208/Home/Detail/assets/css/app.min.css - -
2023-12-28 14:51:57.333 +02:00 [INF] Request finished HTTP/2 GET https://localhost:7208/Home/Detail/assets/css/bootstrap.min.css - - - 404 0 - 1.1986ms
2023-12-28 14:51:57.333 +02:00 [INF] Request finished HTTP/2 GET https://localhost:7208/Home/Detail/assets/css/app.min.css - - - 404 0 - 1.7381ms
2023-12-28 14:51:57.654 +02:00 [INF] QuestionsDetail method called. Id = 29
2023-12-28 14:51:57.658 +02:00 [INF] Executing PartialViewResult, running view ~/Views/Home/_Statistic.cshtml.
2023-12-28 14:51:57.662 +02:00 [INF] Executed PartialViewResult - view ~/Views/Home/_Statistic.cshtml executed in 4.3558ms.
2023-12-28 14:51:57.663 +02:00 [INF] Executed action ISQuiz.Controllers.HomeController.QuestionnaireStatistic (ISQuiz) in 364.0545ms
2023-12-28 14:51:57.664 +02:00 [INF] Executed endpoint 'ISQuiz.Controllers.HomeController.QuestionnaireStatistic (ISQuiz)'
2023-12-28 14:51:57.664 +02:00 [INF] Request finished HTTP/2 GET https://localhost:7208/Home/QuestionnaireStatistic/29?_=1703767917287 - - - 200 - text/html;+charset=utf-8 374.3665ms
2023-12-28 14:51:57.942 +02:00 [INF] Executing PartialViewResult, running view ~/Views/Home/_Info.cshtml.
2023-12-28 14:51:57.960 +02:00 [INF] Executed PartialViewResult - view ~/Views/Home/_Info.cshtml executed in 17.9654ms.
2023-12-28 14:51:57.960 +02:00 [INF] Executed action ISQuiz.Controllers.HomeController.GetInfoQuestionnaire (ISQuiz) in 662.7713ms
2023-12-28 14:51:57.961 +02:00 [INF] Executed endpoint 'ISQuiz.Controllers.HomeController.GetInfoQuestionnaire (ISQuiz)'
2023-12-28 14:51:57.964 +02:00 [INF] Request finished HTTP/2 GET https://localhost:7208/Home/GetInfoQuestionnaire/29?_=1703767917286 - - - 200 - text/html;+charset=utf-8 674.3885ms
2023-12-28 14:51:57.969 +02:00 [INF] Request starting HTTP/2 GET https://localhost:7208/Home/GetQuestions/29?_=1703767917288 - -
2023-12-28 14:51:57.970 +02:00 [INF] Executing endpoint 'ISQuiz.Controllers.HomeController.GetQuestions (ISQuiz)'
2023-12-28 14:51:57.973 +02:00 [INF] Route matched with {action = "GetQuestions", controller = "Home"}. Executing controller action with signature System.Threading.Tasks.Task`1[Microsoft.AspNetCore.Mvc.IActionResult] GetQuestions(Int32) on controller ISQuiz.Controllers.HomeController (ISQuiz).
2023-12-28 14:51:57.975 +02:00 [INF] GetQuestions method called. Id = 29
2023-12-28 14:51:57.975 +02:00 [INF] QuestionsDetail method called. Id = 29
2023-12-28 14:51:58.300 +02:00 [INF] Executing PartialViewResult, running view ~/Views/Home/_Questions.cshtml.
2023-12-28 14:51:58.307 +02:00 [INF] Executed PartialViewResult - view ~/Views/Home/_Questions.cshtml executed in 7.8463ms.
2023-12-28 14:51:58.308 +02:00 [INF] Executed action ISQuiz.Controllers.HomeController.GetQuestions (ISQuiz) in 333.941ms
2023-12-28 14:51:58.309 +02:00 [INF] Executed endpoint 'ISQuiz.Controllers.HomeController.GetQuestions (ISQuiz)'
2023-12-28 14:51:58.314 +02:00 [INF] Request finished HTTP/2 GET https://localhost:7208/Home/GetQuestions/29?_=1703767917288 - - - 200 - text/html;+charset=utf-8 344.8073ms
2023-12-28 14:52:03.943 +02:00 [INF] Request starting HTTP/2 GET https://localhost:7208/ - -
2023-12-28 14:52:03.944 +02:00 [INF] Executing endpoint 'ISQuiz.Controllers.HomeController.Index (ISQuiz)'
2023-12-28 14:52:03.945 +02:00 [INF] Route matched with {action = "Index", controller = "Home"}. Executing controller action with signature System.Threading.Tasks.Task`1[Microsoft.AspNetCore.Mvc.IActionResult] Index() on controller ISQuiz.Controllers.HomeController (ISQuiz).
2023-12-28 14:52:03.947 +02:00 [INF] Index method called.
2023-12-28 14:52:04.301 +02:00 [INF] Executing ViewResult, running view ~/Views/Home/Index.cshtml.
2023-12-28 14:52:04.306 +02:00 [INF] Executed ViewResult - view ~/Views/Home/Index.cshtml executed in 4.8866ms.
2023-12-28 14:52:04.307 +02:00 [INF] Executed action ISQuiz.Controllers.HomeController.Index (ISQuiz) in 360.3853ms
2023-12-28 14:52:04.308 +02:00 [INF] Executed endpoint 'ISQuiz.Controllers.HomeController.Index (ISQuiz)'
2023-12-28 14:52:04.312 +02:00 [INF] Request finished HTTP/2 GET https://localhost:7208/ - - - 200 - text/html;+charset=utf-8 368.8128ms
2023-12-28 14:52:04.315 +02:00 [INF] Request starting HTTP/2 GET https://localhost:7208/_framework/aspnetcore-browser-refresh.js - -
2023-12-28 14:52:04.315 +02:00 [INF] Request starting HTTP/2 GET https://localhost:7208/_vs/browserLink - -
2023-12-28 14:52:04.315 +02:00 [INF] Request finished HTTP/2 GET https://localhost:7208/_framework/aspnetcore-browser-refresh.js - - - 200 12344 application/javascript;+charset=utf-8 0.6331ms
2023-12-28 14:52:04.318 +02:00 [INF] Request finished HTTP/2 GET https://localhost:7208/_vs/browserLink - - - 200 - text/javascript;+charset=UTF-8 2.9326ms
2023-12-28 14:53:12.346 +02:00 [INF] User profile is available. Using 'C:\Users\User\AppData\Local\ASP.NET\DataProtection-Keys' as key repository and Windows DPAPI to encrypt keys at rest.
2023-12-28 14:53:12.652 +02:00 [INF] Now listening on: https://localhost:7208
2023-12-28 14:53:12.652 +02:00 [INF] Now listening on: http://localhost:5118
2023-12-28 14:53:12.662 +02:00 [INF] Application started. Press Ctrl+C to shut down.
2023-12-28 14:53:12.664 +02:00 [INF] Hosting environment: Development
2023-12-28 14:53:12.665 +02:00 [INF] Content root path: C:\Users\User\Desktop\Новая папка\Quiz\WebApplication2\
2023-12-28 14:53:13.616 +02:00 [INF] Request starting HTTP/2 GET https://localhost:7208/ - -
2023-12-28 14:53:13.691 +02:00 [INF] Authorization failed. These requirements were not met:
DenyAnonymousAuthorizationRequirement: Requires an authenticated user.
2023-12-28 14:53:13.704 +02:00 [INF] AuthenticationScheme: Cookies was challenged.
2023-12-28 14:53:13.717 +02:00 [INF] Request finished HTTP/2 GET https://localhost:7208/ - - - 302 0 - 103.9621ms
2023-12-28 14:53:13.718 +02:00 [INF] Request starting HTTP/2 GET https://localhost:7208/Account/Login?ReturnUrl=%2F - -
2023-12-28 14:53:13.735 +02:00 [INF] Executing endpoint 'ISQuiz.Controllers.AccountController.Login (ISQuiz)'
2023-12-28 14:53:13.763 +02:00 [INF] Route matched with {action = "Login", controller = "Account"}. Executing controller action with signature Microsoft.AspNetCore.Mvc.IActionResult Login() on controller ISQuiz.Controllers.AccountController (ISQuiz).
2023-12-28 14:53:13.784 +02:00 [INF] Executing ViewResult, running view ~/Views/Account/Login.cshtml.
2023-12-28 14:53:14.069 +02:00 [INF] Executed ViewResult - view ~/Views/Account/Login.cshtml executed in 284.6581ms.
2023-12-28 14:53:14.079 +02:00 [INF] Executed action ISQuiz.Controllers.AccountController.Login (ISQuiz) in 313.0756ms
2023-12-28 14:53:14.080 +02:00 [INF] Executed endpoint 'ISQuiz.Controllers.AccountController.Login (ISQuiz)'
2023-12-28 14:53:14.097 +02:00 [INF] Request finished HTTP/2 GET https://localhost:7208/Account/Login?ReturnUrl=%2F - - - 200 - text/html;+charset=utf-8 378.8784ms
2023-12-28 14:53:14.106 +02:00 [INF] Request starting HTTP/2 GET https://localhost:7208/_framework/aspnetcore-browser-refresh.js - -
2023-12-28 14:53:14.106 +02:00 [INF] Request starting HTTP/2 GET https://localhost:7208/lib/jquery-validation-unobtrusive/jquery.validate.unobtrusive.min.js - -
2023-12-28 14:53:14.106 +02:00 [INF] Request starting HTTP/2 GET https://localhost:7208/lib/jquery-validation/dist/jquery.validate.min.js - -
2023-12-28 14:53:14.106 +02:00 [INF] Request starting HTTP/2 GET https://localhost:7208/_vs/browserLink - -
2023-12-28 14:53:14.109 +02:00 [INF] Request finished HTTP/2 GET https://localhost:7208/lib/jquery-validation-unobtrusive/jquery.validate.unobtrusive.min.js - - - 404 0 - 3.6145ms
2023-12-28 14:53:14.109 +02:00 [INF] Request finished HTTP/2 GET https://localhost:7208/lib/jquery-validation/dist/jquery.validate.min.js - - - 404 0 - 3.7359ms
2023-12-28 14:53:14.111 +02:00 [INF] Request finished HTTP/2 GET https://localhost:7208/_framework/aspnetcore-browser-refresh.js - - - 200 12344 application/javascript;+charset=utf-8 4.9152ms
2023-12-28 14:53:14.121 +02:00 [INF] Request finished HTTP/2 GET https://localhost:7208/_vs/browserLink - - - 200 - text/javascript;+charset=UTF-8 14.6396ms
2023-12-28 14:53:16.149 +02:00 [INF] Request starting HTTP/2 POST https://localhost:7208/Account/Login application/x-www-form-urlencoded 241
2023-12-28 14:53:16.152 +02:00 [INF] Executing endpoint 'ISQuiz.Controllers.AccountController.Login (ISQuiz)'
2023-12-28 14:53:16.165 +02:00 [INF] Route matched with {action = "Login", controller = "Account"}. Executing controller action with signature System.Threading.Tasks.Task`1[Microsoft.AspNetCore.Mvc.IActionResult] Login(ISQuiz.ViewModels.AuthorizeViewModel) on controller ISQuiz.Controllers.AccountController (ISQuiz).
2023-12-28 14:53:17.075 +02:00 [INF] AuthenticationScheme: Cookies signed in.
2023-12-28 14:53:17.082 +02:00 [INF] Executing RedirectResult, redirecting to /.
2023-12-28 14:53:17.083 +02:00 [INF] Executed action ISQuiz.Controllers.AccountController.Login (ISQuiz) in 917.0214ms
2023-12-28 14:53:17.084 +02:00 [INF] Executed endpoint 'ISQuiz.Controllers.AccountController.Login (ISQuiz)'
2023-12-28 14:53:17.084 +02:00 [INF] Request finished HTTP/2 POST https://localhost:7208/Account/Login application/x-www-form-urlencoded 241 - 302 0 - 935.4922ms
2023-12-28 14:53:17.086 +02:00 [INF] Request starting HTTP/2 GET https://localhost:7208/ - -
2023-12-28 14:53:17.089 +02:00 [INF] Executing endpoint 'ISQuiz.Controllers.HomeController.Index (ISQuiz)'
2023-12-28 14:53:17.091 +02:00 [INF] Route matched with {action = "Index", controller = "Home"}. Executing controller action with signature System.Threading.Tasks.Task`1[Microsoft.AspNetCore.Mvc.IActionResult] Index() on controller ISQuiz.Controllers.HomeController (ISQuiz).
2023-12-28 14:53:17.093 +02:00 [INF] Index method called.
2023-12-28 14:53:17.506 +02:00 [INF] Executing ViewResult, running view ~/Views/Home/Index.cshtml.
2023-12-28 14:53:17.554 +02:00 [INF] Executed ViewResult - view ~/Views/Home/Index.cshtml executed in 48.6066ms.
2023-12-28 14:53:17.555 +02:00 [INF] Executed action ISQuiz.Controllers.HomeController.Index (ISQuiz) in 462.7633ms
2023-12-28 14:53:17.556 +02:00 [INF] Executed endpoint 'ISQuiz.Controllers.HomeController.Index (ISQuiz)'
2023-12-28 14:53:17.560 +02:00 [INF] Request finished HTTP/2 GET https://localhost:7208/ - - - 200 - text/html;+charset=utf-8 474.2207ms
2023-12-28 14:53:17.582 +02:00 [INF] Request starting HTTP/2 GET https://localhost:7208/_framework/aspnetcore-browser-refresh.js - -
2023-12-28 14:53:17.582 +02:00 [INF] Request finished HTTP/2 GET https://localhost:7208/_framework/aspnetcore-browser-refresh.js - - - 200 12344 application/javascript;+charset=utf-8 0.8919ms
2023-12-28 14:53:17.590 +02:00 [INF] Request starting HTTP/2 GET https://localhost:7208/_vs/browserLink - -
2023-12-28 14:53:17.592 +02:00 [INF] Request finished HTTP/2 GET https://localhost:7208/_vs/browserLink - - - 200 - text/javascript;+charset=UTF-8 2.5557ms
2023-12-28 14:53:20.631 +02:00 [INF] Request starting HTTP/2 GET https://localhost:7208/Home/Detail/29 - -
2023-12-28 14:53:20.633 +02:00 [INF] Executing endpoint 'ISQuiz.Controllers.HomeController.Detail (ISQuiz)'
2023-12-28 14:53:20.635 +02:00 [INF] Route matched with {action = "Detail", controller = "Home"}. Executing controller action with signature Microsoft.AspNetCore.Mvc.IActionResult Detail(Int32) on controller ISQuiz.Controllers.HomeController (ISQuiz).
2023-12-28 14:53:20.637 +02:00 [INF] Executing ViewResult, running view ~/Views/Home/Detail.cshtml.
2023-12-28 14:53:20.651 +02:00 [INF] Executed ViewResult - view ~/Views/Home/Detail.cshtml executed in 14.9377ms.
2023-12-28 14:53:20.652 +02:00 [INF] Executed action ISQuiz.Controllers.HomeController.Detail (ISQuiz) in 16.7578ms
2023-12-28 14:53:20.653 +02:00 [INF] Executed endpoint 'ISQuiz.Controllers.HomeController.Detail (ISQuiz)'
2023-12-28 14:53:20.656 +02:00 [INF] Request finished HTTP/2 GET https://localhost:7208/Home/Detail/29 - - - 200 - text/html;+charset=utf-8 25.6148ms
2023-12-28 14:53:20.659 +02:00 [INF] Request starting HTTP/2 GET https://localhost:7208/_framework/aspnetcore-browser-refresh.js - -
2023-12-28 14:53:20.659 +02:00 [INF] Request starting HTTP/2 GET https://localhost:7208/_vs/browserLink - -
2023-12-28 14:53:20.660 +02:00 [INF] Request finished HTTP/2 GET https://localhost:7208/_framework/aspnetcore-browser-refresh.js - - - 200 12344 application/javascript;+charset=utf-8 0.6858ms
2023-12-28 14:53:20.662 +02:00 [INF] Request finished HTTP/2 GET https://localhost:7208/_vs/browserLink - - - 200 - text/javascript;+charset=UTF-8 2.7021ms
2023-12-28 14:53:20.677 +02:00 [INF] Request starting HTTP/2 GET https://localhost:7208/Home/GetInfoQuestionnaire/29?_=1703768000673 - -
2023-12-28 14:53:20.677 +02:00 [INF] Request starting HTTP/2 GET https://localhost:7208/Home/QuestionnaireStatistic/29?_=1703768000674 - -
2023-12-28 14:53:20.681 +02:00 [INF] Executing endpoint 'ISQuiz.Controllers.HomeController.GetInfoQuestionnaire (ISQuiz)'
2023-12-28 14:53:20.681 +02:00 [INF] Executing endpoint 'ISQuiz.Controllers.HomeController.QuestionnaireStatistic (ISQuiz)'
2023-12-28 14:53:20.684 +02:00 [INF] Route matched with {action = "GetInfoQuestionnaire", controller = "Home"}. Executing controller action with signature System.Threading.Tasks.Task`1[Microsoft.AspNetCore.Mvc.IActionResult] GetInfoQuestionnaire(Int32) on controller ISQuiz.Controllers.HomeController (ISQuiz).
2023-12-28 14:53:20.684 +02:00 [INF] Route matched with {action = "QuestionnaireStatistic", controller = "Home"}. Executing controller action with signature System.Threading.Tasks.Task`1[Microsoft.AspNetCore.Mvc.IActionResult] QuestionnaireStatistic(Int32) on controller ISQuiz.Controllers.HomeController (ISQuiz).
2023-12-28 14:53:20.687 +02:00 [INF] GetInfoQuestionnaire method called. Id = 29
2023-12-28 14:53:20.687 +02:00 [INF] QuestionnaireStatistic method called. Id = 29
2023-12-28 14:53:20.688 +02:00 [INF] QuestionnaireDetail method called. Id = 29
2023-12-28 14:53:20.717 +02:00 [INF] Request starting HTTP/2 GET https://localhost:7208/Home/Detail/assets/css/bootstrap.min.css - -
2023-12-28 14:53:20.717 +02:00 [INF] Request starting HTTP/2 GET https://localhost:7208/Home/Detail/assets/css/app.min.css - -
2023-12-28 14:53:20.718 +02:00 [INF] Request finished HTTP/2 GET https://localhost:7208/Home/Detail/assets/css/bootstrap.min.css - - - 404 0 - 1.1091ms
2023-12-28 14:53:20.718 +02:00 [INF] Request finished HTTP/2 GET https://localhost:7208/Home/Detail/assets/css/app.min.css - - - 404 0 - 1.4695ms
2023-12-28 14:53:21.050 +02:00 [INF] QuestionsDetail method called. Id = 29
2023-12-28 14:53:21.054 +02:00 [INF] Executing PartialViewResult, running view ~/Views/Home/_Statistic.cshtml.
2023-12-28 14:53:21.058 +02:00 [INF] Executed PartialViewResult - view ~/Views/Home/_Statistic.cshtml executed in 4.0617ms.
2023-12-28 14:53:21.059 +02:00 [INF] Executed action ISQuiz.Controllers.HomeController.QuestionnaireStatistic (ISQuiz) in 373.4008ms
2023-12-28 14:53:21.060 +02:00 [INF] Executed endpoint 'ISQuiz.Controllers.HomeController.QuestionnaireStatistic (ISQuiz)'
2023-12-28 14:53:21.061 +02:00 [INF] Request finished HTTP/2 GET https://localhost:7208/Home/QuestionnaireStatistic/29?_=1703768000674 - - - 200 - text/html;+charset=utf-8 383.7495ms
2023-12-28 14:53:21.326 +02:00 [INF] Executing PartialViewResult, running view ~/Views/Home/_Info.cshtml.
2023-12-28 14:53:21.342 +02:00 [INF] Executed PartialViewResult - view ~/Views/Home/_Info.cshtml executed in 15.8138ms.
2023-12-28 14:53:21.342 +02:00 [INF] Executed action ISQuiz.Controllers.HomeController.GetInfoQuestionnaire (ISQuiz) in 657.5601ms
2023-12-28 14:53:21.343 +02:00 [INF] Executed endpoint 'ISQuiz.Controllers.HomeController.GetInfoQuestionnaire (ISQuiz)'
2023-12-28 14:53:21.346 +02:00 [INF] Request finished HTTP/2 GET https://localhost:7208/Home/GetInfoQuestionnaire/29?_=1703768000673 - - - 200 - text/html;+charset=utf-8 669.3048ms
2023-12-28 14:53:21.351 +02:00 [INF] Request starting HTTP/2 GET https://localhost:7208/Home/GetQuestions/29?_=1703768000675 - -
2023-12-28 14:53:21.352 +02:00 [INF] Executing endpoint 'ISQuiz.Controllers.HomeController.GetQuestions (ISQuiz)'
2023-12-28 14:53:21.355 +02:00 [INF] Route matched with {action = "GetQuestions", controller = "Home"}. Executing controller action with signature System.Threading.Tasks.Task`1[Microsoft.AspNetCore.Mvc.IActionResult] GetQuestions(Int32) on controller ISQuiz.Controllers.HomeController (ISQuiz).
2023-12-28 14:53:21.356 +02:00 [INF] GetQuestions method called. Id = 29
2023-12-28 14:53:21.357 +02:00 [INF] QuestionsDetail method called. Id = 29
2023-12-28 14:53:21.550 +02:00 [INF] Executing PartialViewResult, running view ~/Views/Home/_Questions.cshtml.
2023-12-28 14:53:21.557 +02:00 [INF] Executed PartialViewResult - view ~/Views/Home/_Questions.cshtml executed in 6.9943ms.
2023-12-28 14:53:21.557 +02:00 [INF] Executed action ISQuiz.Controllers.HomeController.GetQuestions (ISQuiz) in 201.6901ms
2023-12-28 14:53:21.558 +02:00 [INF] Executed endpoint 'ISQuiz.Controllers.HomeController.GetQuestions (ISQuiz)'
2023-12-28 14:53:21.564 +02:00 [INF] Request finished HTTP/2 GET https://localhost:7208/Home/GetQuestions/29?_=1703768000675 - - - 200 - text/html;+charset=utf-8 212.9783ms
2023-12-28 14:53:26.142 +02:00 [INF] Request starting HTTP/2 GET https://localhost:7208/ - -
2023-12-28 14:53:26.143 +02:00 [INF] Executing endpoint 'ISQuiz.Controllers.HomeController.Index (ISQuiz)'
2023-12-28 14:53:26.144 +02:00 [INF] Route matched with {action = "Index", controller = "Home"}. Executing controller action with signature System.Threading.Tasks.Task`1[Microsoft.AspNetCore.Mvc.IActionResult] Index() on controller ISQuiz.Controllers.HomeController (ISQuiz).
2023-12-28 14:53:26.145 +02:00 [INF] Index method called.
2023-12-28 14:53:26.649 +02:00 [INF] Executing ViewResult, running view ~/Views/Home/Index.cshtml.
2023-12-28 14:53:26.653 +02:00 [INF] Executed ViewResult - view ~/Views/Home/Index.cshtml executed in 4.5604ms.
2023-12-28 14:53:26.654 +02:00 [INF] Executed action ISQuiz.Controllers.HomeController.Index (ISQuiz) in 509.3745ms
2023-12-28 14:53:26.655 +02:00 [INF] Executed endpoint 'ISQuiz.Controllers.HomeController.Index (ISQuiz)'
2023-12-28 14:53:26.659 +02:00 [INF] Request finished HTTP/2 GET https://localhost:7208/ - - - 200 - text/html;+charset=utf-8 516.9330ms
2023-12-28 14:53:26.662 +02:00 [INF] Request starting HTTP/2 GET https://localhost:7208/_framework/aspnetcore-browser-refresh.js - -
2023-12-28 14:53:26.662 +02:00 [INF] Request starting HTTP/2 GET https://localhost:7208/_vs/browserLink - -
2023-12-28 14:53:26.663 +02:00 [INF] Request finished HTTP/2 GET https://localhost:7208/_framework/aspnetcore-browser-refresh.js - - - 200 12344 application/javascript;+charset=utf-8 0.6883ms
2023-12-28 14:53:26.665 +02:00 [INF] Request finished HTTP/2 GET https://localhost:7208/_vs/browserLink - - - 200 - text/javascript;+charset=UTF-8 2.7850ms
2023-12-28 14:53:50.361 +02:00 [INF] User profile is available. Using 'C:\Users\User\AppData\Local\ASP.NET\DataProtection-Keys' as key repository and Windows DPAPI to encrypt keys at rest.
2023-12-28 14:53:50.741 +02:00 [INF] Now listening on: https://localhost:7208
2023-12-28 14:53:50.742 +02:00 [INF] Now listening on: http://localhost:5118
2023-12-28 14:53:50.746 +02:00 [INF] Application started. Press Ctrl+C to shut down.
2023-12-28 14:53:50.746 +02:00 [INF] Hosting environment: Development
2023-12-28 14:53:50.747 +02:00 [INF] Content root path: C:\Users\User\Desktop\Новая папка\Quiz\WebApplication2\
2023-12-28 14:53:51.644 +02:00 [INF] Request starting HTTP/2 GET https://localhost:7208/ - -
2023-12-28 14:53:51.722 +02:00 [INF] Authorization failed. These requirements were not met:
DenyAnonymousAuthorizationRequirement: Requires an authenticated user.
2023-12-28 14:53:51.734 +02:00 [INF] AuthenticationScheme: Cookies was challenged.
2023-12-28 14:53:51.745 +02:00 [INF] Request finished HTTP/2 GET https://localhost:7208/ - - - 302 0 - 105.3865ms
2023-12-28 14:53:51.747 +02:00 [INF] Request starting HTTP/2 GET https://localhost:7208/Account/Login?ReturnUrl=%2F - -
2023-12-28 14:53:51.763 +02:00 [INF] Executing endpoint 'ISQuiz.Controllers.AccountController.Login (ISQuiz)'
2023-12-28 14:53:51.791 +02:00 [INF] Route matched with {action = "Login", controller = "Account"}. Executing controller action with signature Microsoft.AspNetCore.Mvc.IActionResult Login() on controller ISQuiz.Controllers.AccountController (ISQuiz).
2023-12-28 14:53:51.813 +02:00 [INF] Executing ViewResult, running view ~/Views/Account/Login.cshtml.
2023-12-28 14:53:52.094 +02:00 [INF] Executed ViewResult - view ~/Views/Account/Login.cshtml executed in 282.5002ms.
2023-12-28 14:53:52.104 +02:00 [INF] Executed action ISQuiz.Controllers.AccountController.Login (ISQuiz) in 311.0681ms
2023-12-28 14:53:52.106 +02:00 [INF] Executed endpoint 'ISQuiz.Controllers.AccountController.Login (ISQuiz)'
2023-12-28 14:53:52.123 +02:00 [INF] Request finished HTTP/2 GET https://localhost:7208/Account/Login?ReturnUrl=%2F - - - 200 - text/html;+charset=utf-8 376.1769ms
2023-12-28 14:53:52.131 +02:00 [INF] Request starting HTTP/2 GET https://localhost:7208/_framework/aspnetcore-browser-refresh.js - -
2023-12-28 14:53:52.131 +02:00 [INF] Request starting HTTP/2 GET https://localhost:7208/lib/jquery-validation-unobtrusive/jquery.validate.unobtrusive.min.js - -
2023-12-28 14:53:52.131 +02:00 [INF] Request starting HTTP/2 GET https://localhost:7208/lib/jquery-validation/dist/jquery.validate.min.js - -
2023-12-28 14:53:52.132 +02:00 [INF] Request starting HTTP/2 GET https://localhost:7208/_vs/browserLink - -
2023-12-28 14:53:52.134 +02:00 [INF] Request finished HTTP/2 GET https://localhost:7208/lib/jquery-validation-unobtrusive/jquery.validate.unobtrusive.min.js - - - 404 0 - 2.8429ms
2023-12-28 14:53:52.134 +02:00 [INF] Request finished HTTP/2 GET https://localhost:7208/lib/jquery-validation/dist/jquery.validate.min.js - - - 404 0 - 2.9638ms
2023-12-28 14:53:52.136 +02:00 [INF] Request finished HTTP/2 GET https://localhost:7208/_framework/aspnetcore-browser-refresh.js - - - 200 12344 application/javascript;+charset=utf-8 4.3744ms
2023-12-28 14:53:52.146 +02:00 [INF] Request finished HTTP/2 GET https://localhost:7208/_vs/browserLink - - - 200 - text/javascript;+charset=UTF-8 13.9462ms
2023-12-28 14:54:23.981 +02:00 [INF] Request starting HTTP/2 POST https://localhost:7208/Account/Login application/x-www-form-urlencoded 241
2023-12-28 14:54:23.984 +02:00 [INF] Executing endpoint 'ISQuiz.Controllers.AccountController.Login (ISQuiz)'
2023-12-28 14:54:23.997 +02:00 [INF] Route matched with {action = "Login", controller = "Account"}. Executing controller action with signature System.Threading.Tasks.Task`1[Microsoft.AspNetCore.Mvc.IActionResult] Login(ISQuiz.ViewModels.AuthorizeViewModel) on controller ISQuiz.Controllers.AccountController (ISQuiz).
2023-12-28 14:54:24.409 +02:00 [INF] AuthenticationScheme: Cookies signed in.
2023-12-28 14:54:24.415 +02:00 [INF] Executing RedirectResult, redirecting to /.
2023-12-28 14:54:24.416 +02:00 [INF] Executed action ISQuiz.Controllers.AccountController.Login (ISQuiz) in 417.6672ms
2023-12-28 14:54:24.417 +02:00 [INF] Executed endpoint 'ISQuiz.Controllers.AccountController.Login (ISQuiz)'
2023-12-28 14:54:24.418 +02:00 [INF] Request finished HTTP/2 POST https://localhost:7208/Account/Login application/x-www-form-urlencoded 241 - 302 0 - 436.6745ms
2023-12-28 14:54:24.419 +02:00 [INF] Request starting HTTP/2 GET https://localhost:7208/ - -
2023-12-28 14:54:24.422 +02:00 [INF] Executing endpoint 'ISQuiz.Controllers.HomeController.Index (ISQuiz)'
2023-12-28 14:54:24.425 +02:00 [INF] Route matched with {action = "Index", controller = "Home"}. Executing controller action with signature System.Threading.Tasks.Task`1[Microsoft.AspNetCore.Mvc.IActionResult] Index() on controller ISQuiz.Controllers.HomeController (ISQuiz).
2023-12-28 14:54:24.427 +02:00 [INF] Index method called.
2023-12-28 14:54:24.461 +02:00 [INF] Executing ViewResult, running view ~/Views/Home/Index.cshtml.
2023-12-28 14:54:24.509 +02:00 [INF] Executed ViewResult - view ~/Views/Home/Index.cshtml executed in 49.1212ms.
2023-12-28 14:54:24.511 +02:00 [INF] Executed action ISQuiz.Controllers.HomeController.Index (ISQuiz) in 84.7885ms
2023-12-28 14:54:24.511 +02:00 [INF] Executed endpoint 'ISQuiz.Controllers.HomeController.Index (ISQuiz)'
2023-12-28 14:54:24.516 +02:00 [INF] Request finished HTTP/2 GET https://localhost:7208/ - - - 200 - text/html;+charset=utf-8 96.6673ms
2023-12-28 14:54:24.522 +02:00 [INF] Request starting HTTP/2 GET https://localhost:7208/_framework/aspnetcore-browser-refresh.js - -
2023-12-28 14:54:24.523 +02:00 [INF] Request finished HTTP/2 GET https://localhost:7208/_framework/aspnetcore-browser-refresh.js - - - 200 12344 application/javascript;+charset=utf-8 1.1933ms
2023-12-28 14:54:24.546 +02:00 [INF] Request starting HTTP/2 GET https://localhost:7208/_vs/browserLink - -
2023-12-28 14:54:24.548 +02:00 [INF] Request finished HTTP/2 GET https://localhost:7208/_vs/browserLink - - - 200 - text/javascript;+charset=UTF-8 2.4176ms
2023-12-28 14:54:26.685 +02:00 [INF] Request starting HTTP/2 GET https://localhost:7208/Home/Delete/29?_=1703768064528 - -
2023-12-28 14:54:26.687 +02:00 [INF] Executing endpoint 'ISQuiz.Controllers.HomeController.Delete (ISQuiz)'
2023-12-28 14:54:26.689 +02:00 [INF] Route matched with {action = "Delete", controller = "Home"}. Executing controller action with signature System.Threading.Tasks.Task`1[Microsoft.AspNetCore.Mvc.IActionResult] Delete(Int32) on controller ISQuiz.Controllers.HomeController (ISQuiz).
2023-12-28 14:54:26.692 +02:00 [INF] Delete methodGET called.
2023-12-28 14:54:26.693 +02:00 [INF] QuestionnaireDetail method called. Id = 29
2023-12-28 14:54:27.159 +02:00 [INF] QuestionsDetail method called. Id = 29
2023-12-28 14:54:27.275 +02:00 [INF] Executing PartialViewResult, running view ~/Views/Home/Delete.cshtml.
2023-12-28 14:54:27.282 +02:00 [INF] Executed PartialViewResult - view ~/Views/Home/Delete.cshtml executed in 6.5444ms.
2023-12-28 14:54:27.283 +02:00 [INF] Executed action ISQuiz.Controllers.HomeController.Delete (ISQuiz) in 592.505ms
2023-12-28 14:54:27.284 +02:00 [INF] Executed endpoint 'ISQuiz.Controllers.HomeController.Delete (ISQuiz)'
2023-12-28 14:54:27.284 +02:00 [INF] Request finished HTTP/2 GET https://localhost:7208/Home/Delete/29?_=1703768064528 - - - 200 - text/html;+charset=utf-8 599.1008ms
2023-12-28 14:54:34.558 +02:00 [INF] Request starting HTTP/2 GET https://localhost:7208/User/Settings - -
2023-12-28 14:54:34.559 +02:00 [INF] Executing endpoint 'ISQuiz.Controllers.UserController.Settings (ISQuiz)'
2023-12-28 14:54:34.562 +02:00 [INF] Route matched with {action = "Settings", controller = "User"}. Executing controller action with signature System.Threading.Tasks.Task`1[Microsoft.AspNetCore.Mvc.IActionResult] Settings() on controller ISQuiz.Controllers.UserController (ISQuiz).
2023-12-28 14:54:35.464 +02:00 [INF] Executing ViewResult, running view ~/Views/User/Settings.cshtml.
2023-12-28 14:54:35.480 +02:00 [INF] Executed ViewResult - view ~/Views/User/Settings.cshtml executed in 16.8682ms.
2023-12-28 14:54:35.481 +02:00 [INF] Executed action ISQuiz.Controllers.UserController.Settings (ISQuiz) in 917.731ms
2023-12-28 14:54:35.482 +02:00 [INF] Executed endpoint 'ISQuiz.Controllers.UserController.Settings (ISQuiz)'
2023-12-28 14:54:35.486 +02:00 [INF] Request finished HTTP/2 GET https://localhost:7208/User/Settings - - - 200 - text/html;+charset=utf-8 927.4902ms
2023-12-28 14:54:35.490 +02:00 [INF] Request starting HTTP/2 GET https://localhost:7208/_framework/aspnetcore-browser-refresh.js - -
2023-12-28 14:54:35.490 +02:00 [INF] Request starting HTTP/2 GET https://localhost:7208/_vs/browserLink - -
2023-12-28 14:54:35.491 +02:00 [INF] Request finished HTTP/2 GET https://localhost:7208/_framework/aspnetcore-browser-refresh.js - - - 200 12344 application/javascript;+charset=utf-8 0.8561ms
2023-12-28 14:54:35.493 +02:00 [INF] Request finished HTTP/2 GET https://localhost:7208/_vs/browserLink - - - 200 - text/javascript;+charset=UTF-8 3.1081ms
2023-12-28 14:54:35.519 +02:00 [INF] Request starting HTTP/2 GET https://localhost:7208/User/ChangePassword?_=1703768075490 - -
2023-12-28 14:54:35.522 +02:00 [INF] Executing endpoint 'ISQuiz.Controllers.UserController.ChangePassword (ISQuiz)'
2023-12-28 14:54:35.523 +02:00 [INF] Route matched with {action = "ChangePassword", controller = "User"}. Executing controller action with signature Microsoft.AspNetCore.Mvc.IActionResult ChangePassword() on controller ISQuiz.Controllers.UserController (ISQuiz).
2023-12-28 14:54:35.525 +02:00 [INF] Executing PartialViewResult, running view ~/Views/User/_ChangePassword.cshtml.
2023-12-28 14:54:35.546 +02:00 [INF] Executed PartialViewResult - view ~/Views/User/_ChangePassword.cshtml executed in 21.1462ms.
2023-12-28 14:54:35.547 +02:00 [INF] Executed action ISQuiz.Controllers.UserController.ChangePassword (ISQuiz) in 22.7455ms
2023-12-28 14:54:35.548 +02:00 [INF] Executed endpoint 'ISQuiz.Controllers.UserController.ChangePassword (ISQuiz)'
2023-12-28 14:54:35.549 +02:00 [INF] Request finished HTTP/2 GET https://localhost:7208/User/ChangePassword?_=1703768075490 - - - 200 - text/html;+charset=utf-8 29.2690ms
2023-12-28 14:54:35.554 +02:00 [INF] Request starting HTTP/2 GET https://localhost:7208/User/assets/css/bootstrap.min.css - -
2023-12-28 14:54:35.554 +02:00 [INF] Request starting HTTP/2 GET https://localhost:7208/User/assets/css/app.min.css - -
2023-12-28 14:54:35.556 +02:00 [INF] Request finished HTTP/2 GET https://localhost:7208/User/assets/css/bootstrap.min.css - - - 404 0 - 1.6781ms
2023-12-28 14:54:35.557 +02:00 [INF] Request finished HTTP/2 GET https://localhost:7208/User/assets/css/app.min.css - - - 404 0 - 2.4534ms
2023-12-28 14:54:37.885 +02:00 [INF] Request starting HTTP/2 GET https://localhost:7208/ - -
2023-12-28 14:54:37.886 +02:00 [INF] Executing endpoint 'ISQuiz.Controllers.HomeController.Index (ISQuiz)'
2023-12-28 14:54:37.887 +02:00 [INF] Route matched with {action = "Index", controller = "Home"}. Executing controller action with signature System.Threading.Tasks.Task`1[Microsoft.AspNetCore.Mvc.IActionResult] Index() on controller ISQuiz.Controllers.HomeController (ISQuiz).
2023-12-28 14:54:37.889 +02:00 [INF] Index method called.
2023-12-28 14:54:38.832 +02:00 [INF] Executing ViewResult, running view ~/Views/Home/Index.cshtml.
2023-12-28 14:54:38.836 +02:00 [INF] Executed ViewResult - view ~/Views/Home/Index.cshtml executed in 4.6301ms.
2023-12-28 14:54:38.837 +02:00 [INF] Executed action ISQuiz.Controllers.HomeController.Index (ISQuiz) in 949.3066ms
2023-12-28 14:54:38.838 +02:00 [INF] Executed endpoint 'ISQuiz.Controllers.HomeController.Index (ISQuiz)'
2023-12-28 14:54:38.842 +02:00 [INF] Request finished HTTP/2 GET https://localhost:7208/ - - - 200 - text/html;+charset=utf-8 957.0128ms
2023-12-28 14:54:38.845 +02:00 [INF] Request starting HTTP/2 GET https://localhost:7208/_vs/browserLink - -
2023-12-28 14:54:38.845 +02:00 [INF] Request starting HTTP/2 GET https://localhost:7208/_framework/aspnetcore-browser-refresh.js - -
2023-12-28 14:54:38.847 +02:00 [INF] Request finished HTTP/2 GET https://localhost:7208/_framework/aspnetcore-browser-refresh.js - - - 200 12344 application/javascript;+charset=utf-8 1.4532ms
2023-12-28 14:54:38.848 +02:00 [INF] Request finished HTTP/2 GET https://localhost:7208/_vs/browserLink - - - 200 - text/javascript;+charset=UTF-8 2.6002ms
2023-12-28 14:57:32.327 +02:00 [INF] Request starting HTTP/2 GET https://localhost:7208/User/Settings - -
2023-12-28 14:57:32.335 +02:00 [INF] Executing endpoint 'ISQuiz.Controllers.UserController.Settings (ISQuiz)'
2023-12-28 14:57:32.335 +02:00 [INF] Route matched with {action = "Settings", controller = "User"}. Executing controller action with signature System.Threading.Tasks.Task`1[Microsoft.AspNetCore.Mvc.IActionResult] Settings() on controller ISQuiz.Controllers.UserController (ISQuiz).
2023-12-28 14:57:35.103 +02:00 [INF] AuthenticationScheme: Cookies signed out.
2023-12-28 14:57:35.105 +02:00 [INF] AuthenticationScheme: Cookies signed in.
2023-12-28 14:57:35.472 +02:00 [INF] Executing ViewResult, running view ~/Views/User/Settings.cshtml.
2023-12-28 14:57:35.480 +02:00 [INF] Executed ViewResult - view ~/Views/User/Settings.cshtml executed in 7.9688ms.
2023-12-28 14:57:35.480 +02:00 [INF] Executed action ISQuiz.Controllers.UserController.Settings (ISQuiz) in 3144.1318ms
2023-12-28 14:57:35.481 +02:00 [INF] Executed endpoint 'ISQuiz.Controllers.UserController.Settings (ISQuiz)'
2023-12-28 14:57:35.486 +02:00 [INF] Request finished HTTP/2 GET https://localhost:7208/User/Settings - - - 200 - text/html;+charset=utf-8 3159.2684ms
2023-12-28 14:57:35.490 +02:00 [INF] Request starting HTTP/2 GET https://localhost:7208/_framework/aspnetcore-browser-refresh.js - -
2023-12-28 14:57:35.490 +02:00 [INF] Request finished HTTP/2 GET https://localhost:7208/_framework/aspnetcore-browser-refresh.js - - - 200 12344 application/javascript;+charset=utf-8 0.6015ms
2023-12-28 14:57:35.497 +02:00 [INF] Request starting HTTP/2 GET https://localhost:7208/_vs/browserLink - -
2023-12-28 14:57:35.502 +02:00 [INF] Request finished HTTP/2 GET https://localhost:7208/_vs/browserLink - - - 200 - text/javascript;+charset=UTF-8 4.5012ms
2023-12-28 14:57:35.513 +02:00 [INF] Request starting HTTP/2 GET https://localhost:7208/User/ChangePassword?_=1703768255508 - -
2023-12-28 14:57:35.514 +02:00 [INF] Executing endpoint 'ISQuiz.Controllers.UserController.ChangePassword (ISQuiz)'
2023-12-28 14:57:35.515 +02:00 [INF] Route matched with {action = "ChangePassword", controller = "User"}. Executing controller action with signature Microsoft.AspNetCore.Mvc.IActionResult ChangePassword() on controller ISQuiz.Controllers.UserController (ISQuiz).
2023-12-28 14:57:35.516 +02:00 [INF] Executing PartialViewResult, running view ~/Views/User/_ChangePassword.cshtml.
2023-12-28 14:57:35.517 +02:00 [INF] Executed PartialViewResult - view ~/Views/User/_ChangePassword.cshtml executed in 1.5277ms.
2023-12-28 14:57:35.518 +02:00 [INF] Executed action ISQuiz.Controllers.UserController.ChangePassword (ISQuiz) in 2.2753ms
2023-12-28 14:57:35.519 +02:00 [INF] Executed endpoint 'ISQuiz.Controllers.UserController.ChangePassword (ISQuiz)'
2023-12-28 14:57:35.519 +02:00 [INF] Request finished HTTP/2 GET https://localhost:7208/User/ChangePassword?_=1703768255508 - - - 200 - text/html;+charset=utf-8 6.4399ms
2023-12-28 14:57:35.549 +02:00 [INF] Request starting HTTP/2 GET https://localhost:7208/User/assets/css/bootstrap.min.css - -
2023-12-28 14:57:35.549 +02:00 [INF] Request starting HTTP/2 GET https://localhost:7208/User/assets/css/app.min.css - -
2023-12-28 14:57:35.550 +02:00 [INF] Request finished HTTP/2 GET https://localhost:7208/User/assets/css/bootstrap.min.css - - - 404 0 - 0.9707ms
2023-12-28 14:57:35.550 +02:00 [INF] Request finished HTTP/2 GET https://localhost:7208/User/assets/css/app.min.css - - - 404 0 - 1.3667ms
2023-12-28 14:57:39.605 +02:00 [INF] Request starting HTTP/2 GET https://localhost:7208/ - -
2023-12-28 14:57:39.606 +02:00 [INF] Executing endpoint 'ISQuiz.Controllers.HomeController.Index (ISQuiz)'
2023-12-28 14:57:39.607 +02:00 [INF] Route matched with {action = "Index", controller = "Home"}. Executing controller action with signature System.Threading.Tasks.Task`1[Microsoft.AspNetCore.Mvc.IActionResult] Index() on controller ISQuiz.Controllers.HomeController (ISQuiz).
2023-12-28 14:57:39.608 +02:00 [INF] Index method called.
2023-12-28 14:57:39.633 +02:00 [INF] Executing ViewResult, running view ~/Views/Home/Index.cshtml.
2023-12-28 14:57:39.637 +02:00 [INF] Executed ViewResult - view ~/Views/Home/Index.cshtml executed in 3.8662ms.
2023-12-28 14:57:39.638 +02:00 [INF] Executed action ISQuiz.Controllers.HomeController.Index (ISQuiz) in 29.921ms
2023-12-28 14:57:39.639 +02:00 [INF] Executed endpoint 'ISQuiz.Controllers.HomeController.Index (ISQuiz)'
2023-12-28 14:57:39.642 +02:00 [INF] Request finished HTTP/2 GET https://localhost:7208/ - - - 200 - text/html;+charset=utf-8 37.1571ms
2023-12-28 14:57:39.646 +02:00 [INF] Request starting HTTP/2 GET https://localhost:7208/_vs/browserLink - -
2023-12-28 14:57:39.646 +02:00 [INF] Request starting HTTP/2 GET https://localhost:7208/_framework/aspnetcore-browser-refresh.js - -
2023-12-28 14:57:39.647 +02:00 [INF] Request finished HTTP/2 GET https://localhost:7208/_framework/aspnetcore-browser-refresh.js - - - 200 12344 application/javascript;+charset=utf-8 1.5023ms
2023-12-28 14:57:39.648 +02:00 [INF] Request finished HTTP/2 GET https://localhost:7208/_vs/browserLink - - - 200 - text/javascript;+charset=UTF-8 2.6785ms
2023-12-28 14:57:46.764 +02:00 [INF] Request starting HTTP/2 GET https://localhost:7208/Home/CreateQuestionnaire - -
2023-12-28 14:57:46.769 +02:00 [INF] Executing endpoint 'ISQuiz.Controllers.HomeController.CreateQuestionnaire (ISQuiz)'
2023-12-28 14:57:46.770 +02:00 [INF] Route matched with {action = "CreateQuestionnaire", controller = "Home"}. Executing controller action with signature Microsoft.AspNetCore.Mvc.IActionResult CreateQuestionnaire() on controller ISQuiz.Controllers.HomeController (ISQuiz).
2023-12-28 14:57:46.773 +02:00 [INF] Executing ViewResult, running view ~/Views/Home/Upsert.cshtml.
2023-12-28 14:57:46.796 +02:00 [INF] Executed ViewResult - view ~/Views/Home/Upsert.cshtml executed in 23.8096ms.
2023-12-28 14:57:46.797 +02:00 [INF] Executed action ISQuiz.Controllers.HomeController.CreateQuestionnaire (ISQuiz) in 25.0238ms
2023-12-28 14:57:46.797 +02:00 [INF] Executed endpoint 'ISQuiz.Controllers.HomeController.CreateQuestionnaire (ISQuiz)'
2023-12-28 14:57:46.802 +02:00 [INF] Request finished HTTP/2 GET https://localhost:7208/Home/CreateQuestionnaire - - - 200 - text/html;+charset=utf-8 37.4908ms
2023-12-28 14:57:46.822 +02:00 [INF] Request starting HTTP/2 GET https://localhost:7208/_framework/aspnetcore-browser-refresh.js - -
2023-12-28 14:57:46.823 +02:00 [INF] Request starting HTTP/2 GET https://localhost:7208/_vs/browserLink - -
2023-12-28 14:57:46.823 +02:00 [INF] Request finished HTTP/2 GET https://localhost:7208/_framework/aspnetcore-browser-refresh.js - - - 200 12344 application/javascript;+charset=utf-8 0.8909ms
2023-12-28 14:57:46.825 +02:00 [INF] Request finished HTTP/2 GET https://localhost:7208/_vs/browserLink - - - 200 - text/javascript;+charset=UTF-8 2.2672ms
2023-12-28 14:57:46.860 +02:00 [INF] Request starting HTTP/2 GET https://localhost:7208/Home/assets/css/app.min.css - -
2023-12-28 14:57:46.860 +02:00 [INF] Request starting HTTP/2 GET https://localhost:7208/Home/assets/css/bootstrap.min.css - -
2023-12-28 14:57:46.861 +02:00 [INF] Request finished HTTP/2 GET https://localhost:7208/Home/assets/css/app.min.css - - - 404 0 - 0.9888ms
2023-12-28 14:57:46.862 +02:00 [INF] Request finished HTTP/2 GET https://localhost:7208/Home/assets/css/bootstrap.min.css - - - 404 0 - 1.4370ms
2023-12-28 14:58:33.478 +02:00 [INF] Request starting HTTP/2 GET https://localhost:7208/ - -
2023-12-28 14:58:33.485 +02:00 [INF] Executing endpoint 'ISQuiz.Controllers.HomeController.Index (ISQuiz)'
2023-12-28 14:58:33.486 +02:00 [INF] Route matched with {action = "Index", controller = "Home"}. Executing controller action with signature System.Threading.Tasks.Task`1[Microsoft.AspNetCore.Mvc.IActionResult] Index() on controller ISQuiz.Controllers.HomeController (ISQuiz).
2023-12-28 14:58:33.487 +02:00 [INF] Index method called.
2023-12-28 14:58:33.851 +02:00 [INF] Executing ViewResult, running view ~/Views/Home/Index.cshtml.
2023-12-28 14:58:33.856 +02:00 [INF] Executed ViewResult - view ~/Views/Home/Index.cshtml executed in 4.713ms.
2023-12-28 14:58:33.856 +02:00 [INF] Executed action ISQuiz.Controllers.HomeController.Index (ISQuiz) in 369.6875ms
2023-12-28 14:58:33.857 +02:00 [INF] Executed endpoint 'ISQuiz.Controllers.HomeController.Index (ISQuiz)'
2023-12-28 14:58:33.862 +02:00 [INF] Request finished HTTP/2 GET https://localhost:7208/ - - - 200 - text/html;+charset=utf-8 384.0659ms
2023-12-28 14:58:33.866 +02:00 [INF] Request starting HTTP/2 GET https://localhost:7208/_framework/aspnetcore-browser-refresh.js - -
2023-12-28 14:58:33.866 +02:00 [INF] Request finished HTTP/2 GET https://localhost:7208/_framework/aspnetcore-browser-refresh.js - - - 200 12344 application/javascript;+charset=utf-8 0.7638ms
2023-12-28 14:58:33.882 +02:00 [INF] Request starting HTTP/2 GET https://localhost:7208/_vs/browserLink - -
2023-12-28 14:58:33.884 +02:00 [INF] Request finished HTTP/2 GET https://localhost:7208/_vs/browserLink - - - 200 - text/javascript;+charset=UTF-8 2.2568ms
2023-12-28 14:58:46.070 +02:00 [INF] Request starting HTTP/2 GET https://localhost:7208/Home/Detail/29 - -
2023-12-28 14:58:46.072 +02:00 [INF] Executing endpoint 'ISQuiz.Controllers.HomeController.Detail (ISQuiz)'
2023-12-28 14:58:46.074 +02:00 [INF] Route matched with {action = "Detail", controller = "Home"}. Executing controller action with signature Microsoft.AspNetCore.Mvc.IActionResult Detail(Int32) on controller ISQuiz.Controllers.HomeController (ISQuiz).
2023-12-28 14:58:46.076 +02:00 [INF] Executing ViewResult, running view ~/Views/Home/Detail.cshtml.
2023-12-28 14:58:46.085 +02:00 [INF] Executed ViewResult - view ~/Views/Home/Detail.cshtml executed in 9.6405ms.
2023-12-28 14:58:46.086 +02:00 [INF] Executed action ISQuiz.Controllers.HomeController.Detail (ISQuiz) in 10.7953ms
2023-12-28 14:58:46.087 +02:00 [INF] Executed endpoint 'ISQuiz.Controllers.HomeController.Detail (ISQuiz)'
2023-12-28 14:58:46.090 +02:00 [INF] Request finished HTTP/2 GET https://localhost:7208/Home/Detail/29 - - - 200 - text/html;+charset=utf-8 19.8644ms
2023-12-28 14:58:46.093 +02:00 [INF] Request starting HTTP/2 GET https://localhost:7208/_framework/aspnetcore-browser-refresh.js - -
2023-12-28 14:58:46.093 +02:00 [INF] Request starting HTTP/2 GET https://localhost:7208/_vs/browserLink - -
2023-12-28 14:58:46.094 +02:00 [INF] Request finished HTTP/2 GET https://localhost:7208/_framework/aspnetcore-browser-refresh.js - - - 200 12344 application/javascript;+charset=utf-8 0.6018ms
2023-12-28 14:58:46.096 +02:00 [INF] Request finished HTTP/2 GET https://localhost:7208/_vs/browserLink - - - 200 - text/javascript;+charset=UTF-8 3.0046ms
2023-12-28 14:58:46.116 +02:00 [INF] Request starting HTTP/2 GET https://localhost:7208/Home/GetInfoQuestionnaire/29?_=1703768326110 - -
2023-12-28 14:58:46.116 +02:00 [INF] Request starting HTTP/2 GET https://localhost:7208/Home/QuestionnaireStatistic/29?_=1703768326111 - -
2023-12-28 14:58:46.117 +02:00 [INF] Executing endpoint 'ISQuiz.Controllers.HomeController.GetInfoQuestionnaire (ISQuiz)'
2023-12-28 14:58:46.118 +02:00 [INF] Executing endpoint 'ISQuiz.Controllers.HomeController.QuestionnaireStatistic (ISQuiz)'
2023-12-28 14:58:46.120 +02:00 [INF] Route matched with {action = "GetInfoQuestionnaire", controller = "Home"}. Executing controller action with signature System.Threading.Tasks.Task`1[Microsoft.AspNetCore.Mvc.IActionResult] GetInfoQuestionnaire(Int32) on controller ISQuiz.Controllers.HomeController (ISQuiz).
2023-12-28 14:58:46.120 +02:00 [INF] Route matched with {action = "QuestionnaireStatistic", controller = "Home"}. Executing controller action with signature System.Threading.Tasks.Task`1[Microsoft.AspNetCore.Mvc.IActionResult] QuestionnaireStatistic(Int32) on controller ISQuiz.Controllers.HomeController (ISQuiz).
2023-12-28 14:58:46.123 +02:00 [INF] QuestionnaireStatistic method called. Id = 29
2023-12-28 14:58:46.123 +02:00 [INF] GetInfoQuestionnaire method called. Id = 29
2023-12-28 14:58:46.124 +02:00 [INF] QuestionnaireDetail method called. Id = 29
2023-12-28 14:58:46.153 +02:00 [INF] Request starting HTTP/2 GET https://localhost:7208/Home/Detail/assets/css/bootstrap.min.css - -
2023-12-28 14:58:46.153 +02:00 [INF] Request starting HTTP/2 GET https://localhost:7208/Home/Detail/assets/css/app.min.css - -
2023-12-28 14:58:46.154 +02:00 [INF] Request finished HTTP/2 GET https://localhost:7208/Home/Detail/assets/css/bootstrap.min.css - - - 404 0 - 1.0657ms
2023-12-28 14:58:46.154 +02:00 [INF] Request finished HTTP/2 GET https://localhost:7208/Home/Detail/assets/css/app.min.css - - - 404 0 - 1.4022ms
2023-12-28 14:58:46.406 +02:00 [INF] QuestionsDetail method called. Id = 29
2023-12-28 14:58:46.410 +02:00 [INF] Executing PartialViewResult, running view ~/Views/Home/_Statistic.cshtml.
2023-12-28 14:58:46.414 +02:00 [INF] Executed PartialViewResult - view ~/Views/Home/_Statistic.cshtml executed in 3.9527ms.
2023-12-28 14:58:46.415 +02:00 [INF] Executed action ISQuiz.Controllers.HomeController.QuestionnaireStatistic (ISQuiz) in 292.7699ms
2023-12-28 14:58:46.416 +02:00 [INF] Executed endpoint 'ISQuiz.Controllers.HomeController.QuestionnaireStatistic (ISQuiz)'
2023-12-28 14:58:46.416 +02:00 [INF] Request finished HTTP/2 GET https://localhost:7208/Home/QuestionnaireStatistic/29?_=1703768326111 - - - 200 - text/html;+charset=utf-8 300.2303ms
2023-12-28 14:58:46.875 +02:00 [INF] Executing PartialViewResult, running view ~/Views/Home/_Info.cshtml.
2023-12-28 14:58:46.885 +02:00 [INF] Executed PartialViewResult - view ~/Views/Home/_Info.cshtml executed in 10.0322ms.
2023-12-28 14:58:46.886 +02:00 [INF] Executed action ISQuiz.Controllers.HomeController.GetInfoQuestionnaire (ISQuiz) in 764.5642ms
2023-12-28 14:58:46.886 +02:00 [INF] Executed endpoint 'ISQuiz.Controllers.HomeController.GetInfoQuestionnaire (ISQuiz)'
2023-12-28 14:58:46.889 +02:00 [INF] Request finished HTTP/2 GET https://localhost:7208/Home/GetInfoQuestionnaire/29?_=1703768326110 - - - 200 - text/html;+charset=utf-8 773.2210ms
2023-12-28 14:58:46.894 +02:00 [INF] Request starting HTTP/2 GET https://localhost:7208/Home/GetQuestions/29?_=1703768326112 - -
2023-12-28 14:58:46.895 +02:00 [INF] Executing endpoint 'ISQuiz.Controllers.HomeController.GetQuestions (ISQuiz)'
2023-12-28 14:58:46.897 +02:00 [INF] Route matched with {action = "GetQuestions", controller = "Home"}. Executing controller action with signature System.Threading.Tasks.Task`1[Microsoft.AspNetCore.Mvc.IActionResult] GetQuestions(Int32) on controller ISQuiz.Controllers.HomeController (ISQuiz).
2023-12-28 14:58:46.899 +02:00 [INF] GetQuestions method called. Id = 29
2023-12-28 14:58:46.900 +02:00 [INF] QuestionsDetail method called. Id = 29
2023-12-28 14:58:47.127 +02:00 [INF] Executing PartialViewResult, running view ~/Views/Home/_Questions.cshtml.
2023-12-28 14:58:47.135 +02:00 [INF] Executed PartialViewResult - view ~/Views/Home/_Questions.cshtml executed in 7.731ms.
2023-12-28 14:58:47.136 +02:00 [INF] Executed action ISQuiz.Controllers.HomeController.GetQuestions (ISQuiz) in 237.0902ms
2023-12-28 14:58:47.136 +02:00 [INF] Executed endpoint 'ISQuiz.Controllers.HomeController.GetQuestions (ISQuiz)'
2023-12-28 14:58:47.142 +02:00 [INF] Request finished HTTP/2 GET https://localhost:7208/Home/GetQuestions/29?_=1703768326112 - - - 200 - text/html;+charset=utf-8 247.9748ms
2023-12-28 14:58:51.078 +02:00 [INF] Request starting HTTP/2 GET https://localhost:7208/ - -
2023-12-28 14:58:51.080 +02:00 [INF] Executing endpoint 'ISQuiz.Controllers.HomeController.Index (ISQuiz)'
2023-12-28 14:58:51.081 +02:00 [INF] Route matched with {action = "Index", controller = "Home"}. Executing controller action with signature System.Threading.Tasks.Task`1[Microsoft.AspNetCore.Mvc.IActionResult] Index() on controller ISQuiz.Controllers.HomeController (ISQuiz).
2023-12-28 14:58:51.082 +02:00 [INF] Index method called.
2023-12-28 14:58:51.434 +02:00 [INF] Executing ViewResult, running view ~/Views/Home/Index.cshtml.
2023-12-28 14:58:51.439 +02:00 [INF] Executed ViewResult - view ~/Views/Home/Index.cshtml executed in 4.6954ms.
2023-12-28 14:58:51.440 +02:00 [INF] Executed action ISQuiz.Controllers.HomeController.Index (ISQuiz) in 358.392ms
2023-12-28 14:58:51.441 +02:00 [INF] Executed endpoint 'ISQuiz.Controllers.HomeController.Index (ISQuiz)'
2023-12-28 14:58:51.445 +02:00 [INF] Request finished HTTP/2 GET https://localhost:7208/ - - - 200 - text/html;+charset=utf-8 366.0538ms
2023-12-28 14:58:51.448 +02:00 [INF] Request starting HTTP/2 GET https://localhost:7208/_framework/aspnetcore-browser-refresh.js - -
2023-12-28 14:58:51.448 +02:00 [INF] Request starting HTTP/2 GET https://localhost:7208/_vs/browserLink - -
2023-12-28 14:58:51.449 +02:00 [INF] Request finished HTTP/2 GET https://localhost:7208/_framework/aspnetcore-browser-refresh.js - - - 200 12344 application/javascript;+charset=utf-8 0.8185ms
2023-12-28 14:58:51.454 +02:00 [INF] Request finished HTTP/2 GET https://localhost:7208/_vs/browserLink - - - 200 - text/javascript;+charset=UTF-8 5.5378ms
2023-12-28 14:58:56.838 +02:00 [INF] Request starting HTTP/2 GET https://localhost:7208/User/Settings - -
2023-12-28 14:58:56.840 +02:00 [INF] Executing endpoint 'ISQuiz.Controllers.UserController.Settings (ISQuiz)'
2023-12-28 14:58:56.841 +02:00 [INF] Route matched with {action = "Settings", controller = "User"}. Executing controller action with signature System.Threading.Tasks.Task`1[Microsoft.AspNetCore.Mvc.IActionResult] Settings() on controller ISQuiz.Controllers.UserController (ISQuiz).
2023-12-28 14:58:57.424 +02:00 [INF] AuthenticationScheme: Cookies signed out.
2023-12-28 14:58:57.425 +02:00 [INF] AuthenticationScheme: Cookies signed in.
2023-12-28 14:58:57.865 +02:00 [INF] Executing ViewResult, running view ~/Views/User/Settings.cshtml.
2023-12-28 14:58:57.869 +02:00 [INF] Executed ViewResult - view ~/Views/User/Settings.cshtml executed in 4.9733ms.
2023-12-28 14:58:57.870 +02:00 [INF] Executed action ISQuiz.Controllers.UserController.Settings (ISQuiz) in 1027.8698ms
2023-12-28 14:58:57.871 +02:00 [INF] Executed endpoint 'ISQuiz.Controllers.UserController.Settings (ISQuiz)'
2023-12-28 14:58:57.875 +02:00 [INF] Request finished HTTP/2 GET https://localhost:7208/User/Settings - - - 200 - text/html;+charset=utf-8 1036.2455ms
2023-12-28 14:58:57.879 +02:00 [INF] Request starting HTTP/2 GET https://localhost:7208/_framework/aspnetcore-browser-refresh.js - -
2023-12-28 14:58:57.879 +02:00 [INF] Request starting HTTP/2 GET https://localhost:7208/_vs/browserLink - -
2023-12-28 14:58:57.880 +02:00 [INF] Request finished HTTP/2 GET https://localhost:7208/_framework/aspnetcore-browser-refresh.js - - - 200 12344 application/javascript;+charset=utf-8 0.7592ms
2023-12-28 14:58:57.882 +02:00 [INF] Request finished HTTP/2 GET https://localhost:7208/_vs/browserLink - - - 200 - text/javascript;+charset=UTF-8 2.9751ms
2023-12-28 14:58:57.906 +02:00 [INF] Request starting HTTP/2 GET https://localhost:7208/User/ChangePassword?_=1703768337892 - -
2023-12-28 14:58:57.907 +02:00 [INF] Executing endpoint 'ISQuiz.Controllers.UserController.ChangePassword (ISQuiz)'
2023-12-28 14:58:57.907 +02:00 [INF] Route matched with {action = "ChangePassword", controller = "User"}. Executing controller action with signature Microsoft.AspNetCore.Mvc.IActionResult ChangePassword() on controller ISQuiz.Controllers.UserController (ISQuiz).
2023-12-28 14:58:57.908 +02:00 [INF] Executing PartialViewResult, running view ~/Views/User/_ChangePassword.cshtml.
2023-12-28 14:58:57.910 +02:00 [INF] Executed PartialViewResult - view ~/Views/User/_ChangePassword.cshtml executed in 1.7039ms.
2023-12-28 14:58:57.911 +02:00 [INF] Executed action ISQuiz.Controllers.UserController.ChangePassword (ISQuiz) in 2.4686ms
2023-12-28 14:58:57.911 +02:00 [INF] Executed endpoint 'ISQuiz.Controllers.UserController.ChangePassword (ISQuiz)'
2023-12-28 14:58:57.912 +02:00 [INF] Request finished HTTP/2 GET https://localhost:7208/User/ChangePassword?_=1703768337892 - - - 200 - text/html;+charset=utf-8 6.5633ms
2023-12-28 14:58:57.936 +02:00 [INF] Request starting HTTP/2 GET https://localhost:7208/User/assets/css/bootstrap.min.css - -
2023-12-28 14:58:57.936 +02:00 [INF] Request starting HTTP/2 GET https://localhost:7208/User/assets/css/app.min.css - -
2023-12-28 14:58:57.937 +02:00 [INF] Request finished HTTP/2 GET https://localhost:7208/User/assets/css/bootstrap.min.css - - - 404 0 - 1.1072ms
2023-12-28 14:58:57.937 +02:00 [INF] Request finished HTTP/2 GET https://localhost:7208/User/assets/css/app.min.css - - - 404 0 - 1.5684ms
2023-12-28 14:59:00.262 +02:00 [INF] Request starting HTTP/2 GET https://localhost:7208/ - -
2023-12-28 14:59:00.263 +02:00 [INF] Executing endpoint 'ISQuiz.Controllers.HomeController.Index (ISQuiz)'
2023-12-28 14:59:00.263 +02:00 [INF] Route matched with {action = "Index", controller = "Home"}. Executing controller action with signature System.Threading.Tasks.Task`1[Microsoft.AspNetCore.Mvc.IActionResult] Index() on controller ISQuiz.Controllers.HomeController (ISQuiz).
2023-12-28 14:59:00.264 +02:00 [INF] Index method called.
2023-12-28 14:59:00.560 +02:00 [INF] Executing ViewResult, running view ~/Views/Home/Index.cshtml.
2023-12-28 14:59:00.564 +02:00 [INF] Executed ViewResult - view ~/Views/Home/Index.cshtml executed in 4.2121ms.
2023-12-28 14:59:00.565 +02:00 [INF] Executed action ISQuiz.Controllers.HomeController.Index (ISQuiz) in 300.4872ms
2023-12-28 14:59:00.566 +02:00 [INF] Executed endpoint 'ISQuiz.Controllers.HomeController.Index (ISQuiz)'
2023-12-28 14:59:00.569 +02:00 [INF] Request finished HTTP/2 GET https://localhost:7208/ - - - 200 - text/html;+charset=utf-8 307.6307ms
2023-12-28 14:59:00.574 +02:00 [INF] Request starting HTTP/2 GET https://localhost:7208/_framework/aspnetcore-browser-refresh.js - -
2023-12-28 14:59:00.575 +02:00 [INF] Request finished HTTP/2 GET https://localhost:7208/_framework/aspnetcore-browser-refresh.js - - - 200 12344 application/javascript;+charset=utf-8 0.7112ms
2023-12-28 14:59:00.581 +02:00 [INF] Request starting HTTP/2 GET https://localhost:7208/_vs/browserLink - -
2023-12-28 14:59:00.583 +02:00 [INF] Request finished HTTP/2 GET https://localhost:7208/_vs/browserLink - - - 200 - text/javascript;+charset=UTF-8 2.2106ms
2023-12-28 15:00:04.287 +02:00 [INF] Request starting HTTP/2 GET https://localhost:7208/Home/Detail/29 - -
2023-12-28 15:00:04.291 +02:00 [INF] Executing endpoint 'ISQuiz.Controllers.HomeController.Detail (ISQuiz)'
2023-12-28 15:00:04.292 +02:00 [INF] Route matched with {action = "Detail", controller = "Home"}. Executing controller action with signature Microsoft.AspNetCore.Mvc.IActionResult Detail(Int32) on controller ISQuiz.Controllers.HomeController (ISQuiz).
2023-12-28 15:00:04.293 +02:00 [INF] Executing ViewResult, running view ~/Views/Home/Detail.cshtml.
2023-12-28 15:00:04.297 +02:00 [INF] Executed ViewResult - view ~/Views/Home/Detail.cshtml executed in 3.72ms.
2023-12-28 15:00:04.298 +02:00 [INF] Executed action ISQuiz.Controllers.HomeController.Detail (ISQuiz) in 4.7825ms
2023-12-28 15:00:04.299 +02:00 [INF] Executed endpoint 'ISQuiz.Controllers.HomeController.Detail (ISQuiz)'
2023-12-28 15:00:04.303 +02:00 [INF] Request finished HTTP/2 GET https://localhost:7208/Home/Detail/29 - - - 200 - text/html;+charset=utf-8 16.0028ms
2023-12-28 15:00:04.307 +02:00 [INF] Request starting HTTP/2 GET https://localhost:7208/_framework/aspnetcore-browser-refresh.js - -
2023-12-28 15:00:04.308 +02:00 [INF] Request finished HTTP/2 GET https://localhost:7208/_framework/aspnetcore-browser-refresh.js - - - 200 12344 application/javascript;+charset=utf-8 0.6294ms
2023-12-28 15:00:04.319 +02:00 [INF] Request starting HTTP/2 GET https://localhost:7208/_vs/browserLink - -
2023-12-28 15:00:04.321 +02:00 [INF] Request finished HTTP/2 GET https://localhost:7208/_vs/browserLink - - - 200 - text/javascript;+charset=UTF-8 2.7540ms
2023-12-28 15:00:04.330 +02:00 [INF] Request starting HTTP/2 GET https://localhost:7208/Home/GetInfoQuestionnaire/29?_=1703768404324 - -
2023-12-28 15:00:04.330 +02:00 [INF] Request starting HTTP/2 GET https://localhost:7208/Home/QuestionnaireStatistic/29?_=1703768404325 - -
2023-12-28 15:00:04.337 +02:00 [INF] Executing endpoint 'ISQuiz.Controllers.HomeController.GetInfoQuestionnaire (ISQuiz)'
2023-12-28 15:00:04.338 +02:00 [INF] Executing endpoint 'ISQuiz.Controllers.HomeController.QuestionnaireStatistic (ISQuiz)'
2023-12-28 15:00:04.338 +02:00 [INF] Route matched with {action = "GetInfoQuestionnaire", controller = "Home"}. Executing controller action with signature System.Threading.Tasks.Task`1[Microsoft.AspNetCore.Mvc.IActionResult] GetInfoQuestionnaire(Int32) on controller ISQuiz.Controllers.HomeController (ISQuiz).
2023-12-28 15:00:04.339 +02:00 [INF] Route matched with {action = "QuestionnaireStatistic", controller = "Home"}. Executing controller action with signature System.Threading.Tasks.Task`1[Microsoft.AspNetCore.Mvc.IActionResult] QuestionnaireStatistic(Int32) on controller ISQuiz.Controllers.HomeController (ISQuiz).
2023-12-28 15:00:04.341 +02:00 [INF] GetInfoQuestionnaire method called. Id = 29
2023-12-28 15:00:04.344 +02:00 [INF] QuestionnaireStatistic method called. Id = 29
2023-12-28 15:00:04.344 +02:00 [INF] QuestionnaireDetail method called. Id = 29
2023-12-28 15:00:04.368 +02:00 [INF] Request starting HTTP/2 GET https://localhost:7208/Home/Detail/assets/css/app.min.css - -
2023-12-28 15:00:04.368 +02:00 [INF] Request starting HTTP/2 GET https://localhost:7208/Home/Detail/assets/css/bootstrap.min.css - -
2023-12-28 15:00:04.370 +02:00 [INF] Request finished HTTP/2 GET https://localhost:7208/Home/Detail/assets/css/app.min.css - - - 404 0 - 1.6612ms
2023-12-28 15:00:04.370 +02:00 [INF] Request finished HTTP/2 GET https://localhost:7208/Home/Detail/assets/css/bootstrap.min.css - - - 404 0 - 2.2081ms
2023-12-28 15:00:04.699 +02:00 [INF] QuestionsDetail method called. Id = 29
2023-12-28 15:00:04.699 +02:00 [INF] Executing PartialViewResult, running view ~/Views/Home/_Statistic.cshtml.
2023-12-28 15:00:04.702 +02:00 [INF] Executed PartialViewResult - view ~/Views/Home/_Statistic.cshtml executed in 3.019ms.
2023-12-28 15:00:04.702 +02:00 [INF] Executed action ISQuiz.Controllers.HomeController.QuestionnaireStatistic (ISQuiz) in 358.7278ms
2023-12-28 15:00:04.703 +02:00 [INF] Executed endpoint 'ISQuiz.Controllers.HomeController.QuestionnaireStatistic (ISQuiz)'
2023-12-28 15:00:04.704 +02:00 [INF] Request finished HTTP/2 GET https://localhost:7208/Home/QuestionnaireStatistic/29?_=1703768404325 - - - 200 - text/html;+charset=utf-8 373.6478ms
2023-12-28 15:00:05.040 +02:00 [INF] Executing PartialViewResult, running view ~/Views/Home/_Info.cshtml.
2023-12-28 15:00:05.044 +02:00 [INF] Executed PartialViewResult - view ~/Views/Home/_Info.cshtml executed in 3.9681ms.
2023-12-28 15:00:05.044 +02:00 [INF] Executed action ISQuiz.Controllers.HomeController.GetInfoQuestionnaire (ISQuiz) in 703.4764ms
2023-12-28 15:00:05.045 +02:00 [INF] Executed endpoint 'ISQuiz.Controllers.HomeController.GetInfoQuestionnaire (ISQuiz)'
2023-12-28 15:00:05.048 +02:00 [INF] Request finished HTTP/2 GET https://localhost:7208/Home/GetInfoQuestionnaire/29?_=1703768404324 - - - 200 - text/html;+charset=utf-8 718.1030ms
2023-12-28 15:00:05.052 +02:00 [INF] Request starting HTTP/2 GET https://localhost:7208/Home/GetQuestions/29?_=1703768404326 - -
2023-12-28 15:00:05.053 +02:00 [INF] Executing endpoint 'ISQuiz.Controllers.HomeController.GetQuestions (ISQuiz)'
2023-12-28 15:00:05.054 +02:00 [INF] Route matched with {action = "GetQuestions", controller = "Home"}. Executing controller action with signature System.Threading.Tasks.Task`1[Microsoft.AspNetCore.Mvc.IActionResult] GetQuestions(Int32) on controller ISQuiz.Controllers.HomeController (ISQuiz).
2023-12-28 15:00:05.057 +02:00 [INF] GetQuestions method called. Id = 29
2023-12-28 15:00:05.057 +02:00 [INF] QuestionsDetail method called. Id = 29
2023-12-28 15:00:05.417 +02:00 [INF] Executing PartialViewResult, running view ~/Views/Home/_Questions.cshtml.
2023-12-28 15:00:05.421 +02:00 [INF] Executed PartialViewResult - view ~/Views/Home/_Questions.cshtml executed in 4.139ms.
2023-12-28 15:00:05.422 +02:00 [INF] Executed action ISQuiz.Controllers.HomeController.GetQuestions (ISQuiz) in 365.1388ms
2023-12-28 15:00:05.423 +02:00 [INF] Executed endpoint 'ISQuiz.Controllers.HomeController.GetQuestions (ISQuiz)'
2023-12-28 15:00:05.428 +02:00 [INF] Request finished HTTP/2 GET https://localhost:7208/Home/GetQuestions/29?_=1703768404326 - - - 200 - text/html;+charset=utf-8 375.7380ms
2023-12-28 15:00:33.855 +02:00 [INF] Request starting HTTP/2 GET https://localhost:7208/License - -
2023-12-28 15:00:33.860 +02:00 [INF] Executing endpoint 'ISQuiz.Controllers.LicenseController.Index (ISQuiz)'
2023-12-28 15:00:33.863 +02:00 [INF] Route matched with {action = "Index", controller = "License"}. Executing controller action with signature System.Threading.Tasks.Task`1[Microsoft.AspNetCore.Mvc.IActionResult] Index() on controller ISQuiz.Controllers.LicenseController (ISQuiz).
2023-12-28 15:00:34.213 +02:00 [INF] Executing ViewResult, running view ~/Views/License/Index.cshtml.
2023-12-28 15:00:34.220 +02:00 [INF] Executed ViewResult - view ~/Views/License/Index.cshtml executed in 7.6532ms.
2023-12-28 15:00:34.221 +02:00 [INF] Executed action ISQuiz.Controllers.LicenseController.Index (ISQuiz) in 357.4529ms
2023-12-28 15:00:34.222 +02:00 [INF] Executed endpoint 'ISQuiz.Controllers.LicenseController.Index (ISQuiz)'
2023-12-28 15:00:34.235 +02:00 [INF] Request finished HTTP/2 GET https://localhost:7208/License - - - 200 - text/html;+charset=utf-8 379.8571ms
2023-12-28 15:00:34.249 +02:00 [INF] Request starting HTTP/2 GET https://localhost:7208/License/CreateLicence?_=1703768434245 - -
2023-12-28 15:00:34.251 +02:00 [INF] Executing endpoint 'ISQuiz.Controllers.LicenseController.CreateLicence (ISQuiz)'
2023-12-28 15:00:34.253 +02:00 [INF] Route matched with {action = "CreateLicence", controller = "License"}. Executing controller action with signature Microsoft.AspNetCore.Mvc.IActionResult CreateLicence() on controller ISQuiz.Controllers.LicenseController (ISQuiz).
2023-12-28 15:00:34.254 +02:00 [INF] Executing PartialViewResult, running view ~/Views/License/_CreateLicence.cshtml.
2023-12-28 15:00:34.256 +02:00 [INF] Request starting HTTP/2 GET https://localhost:7208/_framework/aspnetcore-browser-refresh.js - -
2023-12-28 15:00:34.256 +02:00 [INF] Request starting HTTP/2 GET https://localhost:7208/_vs/browserLink - -
2023-12-28 15:00:34.260 +02:00 [INF] Request finished HTTP/2 GET https://localhost:7208/_framework/aspnetcore-browser-refresh.js - - - 200 12344 application/javascript;+charset=utf-8 3.7961ms
2023-12-28 15:00:34.263 +02:00 [INF] Request finished HTTP/2 GET https://localhost:7208/_vs/browserLink - - - 200 - text/javascript;+charset=UTF-8 6.0051ms
2023-12-28 15:00:34.274 +02:00 [INF] Executed PartialViewResult - view ~/Views/License/_CreateLicence.cshtml executed in 20.0095ms.
2023-12-28 15:00:34.275 +02:00 [INF] Executed action ISQuiz.Controllers.LicenseController.CreateLicence (ISQuiz) in 21.0558ms
2023-12-28 15:00:34.276 +02:00 [INF] Executed endpoint 'ISQuiz.Controllers.LicenseController.CreateLicence (ISQuiz)'
2023-12-28 15:00:34.278 +02:00 [INF] Request finished HTTP/2 GET https://localhost:7208/License/CreateLicence?_=1703768434245 - - - 200 - text/html;+charset=utf-8 28.1785ms
