2024-01-19 13:59:35.164 +02:00 [INF] User profile is available. Using 'C:\Users\User\AppData\Local\ASP.NET\DataProtection-Keys' as key repository and Windows DPAPI to encrypt keys at rest.
2024-01-19 13:59:35.952 +02:00 [INF] Now listening on: https://localhost:7208
2024-01-19 13:59:35.952 +02:00 [INF] Now listening on: http://localhost:5118
2024-01-19 13:59:35.955 +02:00 [INF] Application started. Press Ctrl+C to shut down.
2024-01-19 13:59:35.955 +02:00 [INF] Hosting environment: Development
2024-01-19 13:59:35.955 +02:00 [INF] Content root path: C:\Users\User\Desktop\Новая папка\Quiz\WebApplication2\
2024-01-19 13:59:38.581 +02:00 [INF] Request starting HTTP/2 GET https://localhost:7208/ - -
2024-01-19 13:59:39.011 +02:00 [INF] Authorization failed. These requirements were not met:
DenyAnonymousAuthorizationRequirement: Requires an authenticated user.
2024-01-19 13:59:39.046 +02:00 [INF] AuthenticationScheme: Cookies was challenged.
2024-01-19 13:59:39.056 +02:00 [INF] Request finished HTTP/2 GET https://localhost:7208/ - - - 302 0 - 479.4117ms
2024-01-19 13:59:39.057 +02:00 [INF] Request starting HTTP/2 GET https://localhost:7208/Account/Login?ReturnUrl=%2F - -
2024-01-19 13:59:39.070 +02:00 [INF] Executing endpoint 'ISQuiz.Controllers.AccountController.Login (ISQuiz)'
2024-01-19 13:59:39.126 +02:00 [INF] Route matched with {action = "Login", controller = "Account"}. Executing controller action with signature Microsoft.AspNetCore.Mvc.IActionResult Login() on controller ISQuiz.Controllers.AccountController (ISQuiz).
2024-01-19 13:59:39.131 +02:00 [INF] GetLanguageCookie BaseController
2024-01-19 13:59:39.150 +02:00 [INF] Executing ViewResult, running view ~/Views/Account/Login.cshtml.
2024-01-19 13:59:39.441 +02:00 [INF] Executed ViewResult - view ~/Views/Account/Login.cshtml executed in 291.8983ms.
2024-01-19 13:59:39.445 +02:00 [INF] Executed action ISQuiz.Controllers.AccountController.Login (ISQuiz) in 317.4823ms
2024-01-19 13:59:39.445 +02:00 [INF] Executed endpoint 'ISQuiz.Controllers.AccountController.Login (ISQuiz)'
2024-01-19 13:59:39.449 +02:00 [INF] Request finished HTTP/2 GET https://localhost:7208/Account/Login?ReturnUrl=%2F - - - 200 - text/html;+charset=utf-8 391.4358ms
2024-01-19 13:59:39.451 +02:00 [INF] Request starting HTTP/2 GET https://localhost:7208/assets/css/bootstrap.css - -
2024-01-19 13:59:39.452 +02:00 [INF] Request starting HTTP/2 GET https://localhost:7208/assets/css/bootstrap.min.css - -
2024-01-19 13:59:39.452 +02:00 [INF] Request starting HTTP/2 GET https://localhost:7208/assets/css/icons.min.css - -
2024-01-19 13:59:39.453 +02:00 [INF] Request starting HTTP/2 GET https://localhost:7208/assets/css/app.css - -
2024-01-19 13:59:39.454 +02:00 [INF] Request starting HTTP/2 GET https://localhost:7208/assets/css/app.min.css - -
2024-01-19 13:59:39.464 +02:00 [INF] Request starting HTTP/2 GET https://localhost:7208/assets/libs/datatables.net-bs4/css/dataTables.bootstrap4.min.css - -
2024-01-19 13:59:39.492 +02:00 [INF] Request starting HTTP/2 GET https://localhost:7208/assets/libs/datatables.net-buttons-bs4/css/buttons.bootstrap4.min.css - -
2024-01-19 13:59:39.498 +02:00 [INF] Request starting HTTP/2 GET https://localhost:7208/assets/libs/datatables.net-responsive-bs4/css/responsive.bootstrap4.min.css - -
2024-01-19 13:59:39.502 +02:00 [INF] Request starting HTTP/2 GET https://localhost:7208/_framework/aspnetcore-browser-refresh.js - -
2024-01-19 13:59:39.503 +02:00 [INF] Request starting HTTP/2 GET https://localhost:7208/assets/images/flags/russia.jpg - -
2024-01-19 13:59:39.503 +02:00 [INF] Request starting HTTP/2 GET https://localhost:7208/assets/libs/bootstrap/js/bootstrap.bundle.min.js - -
2024-01-19 13:59:39.505 +02:00 [INF] Request starting HTTP/2 GET https://localhost:7208/assets/images/intelectsoft/logo/IS-long-green.svg - -
2024-01-19 13:59:39.506 +02:00 [INF] The file /assets/css/app.min.css was not modified
2024-01-19 13:59:39.506 +02:00 [INF] The file /assets/images/flags/russia.jpg was not modified
2024-01-19 13:59:39.506 +02:00 [INF] The file /assets/css/icons.min.css was not modified
2024-01-19 13:59:39.506 +02:00 [INF] The file /assets/images/intelectsoft/logo/IS-long-green.svg was not modified
2024-01-19 13:59:39.506 +02:00 [INF] The file /assets/css/bootstrap.min.css was not modified
2024-01-19 13:59:39.506 +02:00 [INF] The file /assets/libs/datatables.net-bs4/css/dataTables.bootstrap4.min.css was not modified
2024-01-19 13:59:39.506 +02:00 [INF] The file /assets/libs/datatables.net-buttons-bs4/css/buttons.bootstrap4.min.css was not modified
2024-01-19 13:59:39.506 +02:00 [INF] The file /assets/libs/bootstrap/js/bootstrap.bundle.min.js was not modified
2024-01-19 13:59:39.506 +02:00 [INF] The file /assets/css/app.css was not modified
2024-01-19 13:59:39.506 +02:00 [INF] The file /assets/libs/datatables.net-responsive-bs4/css/responsive.bootstrap4.min.css was not modified
2024-01-19 13:59:39.506 +02:00 [INF] The file /assets/css/bootstrap.css was not modified
2024-01-19 13:59:39.506 +02:00 [INF] Request finished HTTP/2 GET https://localhost:7208/assets/libs/datatables.net-buttons-bs4/css/buttons.bootstrap4.min.css - - - 304 - text/css 13.9026ms
2024-01-19 13:59:39.506 +02:00 [INF] Request finished HTTP/2 GET https://localhost:7208/assets/css/app.min.css - - - 304 - text/css 52.7495ms
2024-01-19 13:59:39.506 +02:00 [INF] Request finished HTTP/2 GET https://localhost:7208/assets/images/flags/russia.jpg - - - 304 - image/jpeg 3.5567ms
2024-01-19 13:59:39.506 +02:00 [INF] Request starting HTTP/2 GET https://localhost:7208/assets/images/flags/us.jpg - -
2024-01-19 13:59:39.506 +02:00 [INF] Request finished HTTP/2 GET https://localhost:7208/assets/css/app.css - - - 304 - text/css 53.8400ms
2024-01-19 13:59:39.506 +02:00 [INF] Request starting HTTP/2 GET https://localhost:7208/assets/images/flags/ro.png - -
2024-01-19 13:59:39.506 +02:00 [INF] Request starting HTTP/2 GET https://localhost:7208/assets/libs/metismenu/metisMenu.min.js - -
2024-01-19 13:59:39.506 +02:00 [INF] Request finished HTTP/2 GET https://localhost:7208/assets/css/icons.min.css - - - 304 - text/css 54.0605ms
2024-01-19 13:59:39.506 +02:00 [INF] Request finished HTTP/2 GET https://localhost:7208/assets/libs/bootstrap/js/bootstrap.bundle.min.js - - - 304 - application/javascript 3.4612ms
2024-01-19 13:59:39.506 +02:00 [INF] Request finished HTTP/2 GET https://localhost:7208/assets/libs/datatables.net-responsive-bs4/css/responsive.bootstrap4.min.css - - - 304 - text/css 8.6991ms
2024-01-19 13:59:39.506 +02:00 [INF] Request finished HTTP/2 GET https://localhost:7208/assets/css/bootstrap.css - - - 304 - text/css 55.4025ms
2024-01-19 13:59:39.506 +02:00 [INF] Request finished HTTP/2 GET https://localhost:7208/assets/css/bootstrap.min.css - - - 304 - text/css 54.2556ms
2024-01-19 13:59:39.507 +02:00 [INF] Request starting HTTP/2 GET https://localhost:7208/assets/libs/datatables.net/js/jquery.dataTables.min.js - -
2024-01-19 13:59:39.507 +02:00 [INF] Request starting HTTP/2 GET https://localhost:7208/assets/libs/node-waves/waves.min.js - -
2024-01-19 13:59:39.507 +02:00 [INF] The file /assets/images/flags/us.jpg was not modified
2024-01-19 13:59:39.507 +02:00 [INF] The file /assets/images/flags/ro.png was not modified
2024-01-19 13:59:39.506 +02:00 [INF] Request finished HTTP/2 GET https://localhost:7208/assets/libs/datatables.net-bs4/css/dataTables.bootstrap4.min.css - - - 304 - text/css 42.6697ms
2024-01-19 13:59:39.506 +02:00 [INF] Request finished HTTP/2 GET https://localhost:7208/assets/images/intelectsoft/logo/IS-long-green.svg - - - 304 - image/svg+xml 1.8078ms
2024-01-19 13:59:39.507 +02:00 [INF] Request finished HTTP/2 GET https://localhost:7208/assets/images/flags/us.jpg - - - 304 - image/jpeg 0.2982ms
2024-01-19 13:59:39.507 +02:00 [INF] Request starting HTTP/2 GET https://localhost:7208/assets/libs/datatables.net-responsive-bs4/js/responsive.bootstrap4.min.js - -
2024-01-19 13:59:39.507 +02:00 [INF] Request finished HTTP/2 GET https://localhost:7208/assets/images/flags/ro.png - - - 304 - image/png 0.3004ms
2024-01-19 13:59:39.507 +02:00 [INF] Request starting HTTP/2 GET https://localhost:7208/assets/libs/datatables.net-responsive/js/dataTables.responsive.min.js - -
2024-01-19 13:59:39.506 +02:00 [INF] Request starting HTTP/2 GET https://localhost:7208/assets/libs/simplebar/simplebar.min.js - -
2024-01-19 13:59:39.506 +02:00 [INF] Request starting HTTP/2 GET https://localhost:7208/assets/libs/waypoints/lib/jquery.waypoints.min.js - -
2024-01-19 13:59:39.507 +02:00 [INF] The file /assets/libs/datatables.net-responsive-bs4/js/responsive.bootstrap4.min.js was not modified
2024-01-19 13:59:39.507 +02:00 [INF] Request starting HTTP/2 GET https://localhost:7208/assets/libs/datatables.net-bs4/js/dataTables.bootstrap4.min.js - -
2024-01-19 13:59:39.507 +02:00 [INF] Request starting HTTP/2 GET https://localhost:7208/assets/libs/jquery.counterup/jquery.counterup.min.js - -
2024-01-19 13:59:39.507 +02:00 [INF] The file /assets/libs/datatables.net-responsive/js/dataTables.responsive.min.js was not modified
2024-01-19 13:59:39.507 +02:00 [INF] The file /assets/libs/datatables.net/js/jquery.dataTables.min.js was not modified
2024-01-19 13:59:39.507 +02:00 [INF] The file /assets/libs/waypoints/lib/jquery.waypoints.min.js was not modified
2024-01-19 13:59:39.507 +02:00 [INF] Request starting HTTP/2 GET https://localhost:7208/assets/libs/parsleyjs/parsley.min.js - -
2024-01-19 13:59:39.507 +02:00 [INF] Request finished HTTP/2 GET https://localhost:7208/assets/libs/datatables.net-responsive/js/dataTables.responsive.min.js - - - 304 - application/javascript 0.2533ms
2024-01-19 13:59:39.507 +02:00 [INF] Request starting HTTP/2 GET https://localhost:7208/assets/js/app.js - -
2024-01-19 13:59:39.507 +02:00 [INF] The file /assets/libs/datatables.net-bs4/js/dataTables.bootstrap4.min.js was not modified
2024-01-19 13:59:39.507 +02:00 [INF] Request starting HTTP/2 GET https://localhost:7208/_vs/browserLink - -
2024-01-19 13:59:39.507 +02:00 [INF] Request finished HTTP/2 GET https://localhost:7208/assets/libs/datatables.net-responsive-bs4/js/responsive.bootstrap4.min.js - - - 304 - application/javascript 0.1989ms
2024-01-19 13:59:39.507 +02:00 [INF] The file /assets/libs/metismenu/metisMenu.min.js was not modified
2024-01-19 13:59:39.507 +02:00 [INF] The file /assets/libs/parsleyjs/parsley.min.js was not modified
2024-01-19 13:59:39.507 +02:00 [INF] The file /assets/libs/node-waves/waves.min.js was not modified
2024-01-19 13:59:39.507 +02:00 [INF] The file /assets/libs/jquery.counterup/jquery.counterup.min.js was not modified
2024-01-19 13:59:39.507 +02:00 [INF] The file /assets/libs/simplebar/simplebar.min.js was not modified
2024-01-19 13:59:39.507 +02:00 [INF] The file /assets/js/app.js was not modified
2024-01-19 13:59:39.507 +02:00 [INF] Request finished HTTP/2 GET https://localhost:7208/assets/libs/datatables.net-bs4/js/dataTables.bootstrap4.min.js - - - 304 - application/javascript 0.8049ms
2024-01-19 13:59:39.507 +02:00 [INF] Request finished HTTP/2 GET https://localhost:7208/_framework/aspnetcore-browser-refresh.js - - - 200 13748 application/javascript;+charset=utf-8 5.6103ms
2024-01-19 13:59:39.507 +02:00 [INF] Request finished HTTP/2 GET https://localhost:7208/assets/libs/metismenu/metisMenu.min.js - - - 304 - application/javascript 1.0042ms
2024-01-19 13:59:39.507 +02:00 [INF] Request finished HTTP/2 GET https://localhost:7208/assets/libs/parsleyjs/parsley.min.js - - - 304 - application/javascript 0.7123ms
2024-01-19 13:59:39.507 +02:00 [INF] Request finished HTTP/2 GET https://localhost:7208/assets/libs/jquery.counterup/jquery.counterup.min.js - - - 304 - application/javascript 0.8846ms
2024-01-19 13:59:39.507 +02:00 [INF] Request finished HTTP/2 GET https://localhost:7208/assets/libs/datatables.net/js/jquery.dataTables.min.js - - - 304 - application/javascript 0.9664ms
2024-01-19 13:59:39.507 +02:00 [INF] Request finished HTTP/2 GET https://localhost:7208/assets/libs/waypoints/lib/jquery.waypoints.min.js - - - 304 - application/javascript 1.0697ms
2024-01-19 13:59:39.508 +02:00 [INF] Request finished HTTP/2 GET https://localhost:7208/assets/libs/simplebar/simplebar.min.js - - - 304 - application/javascript 1.0508ms
2024-01-19 13:59:39.508 +02:00 [INF] Request finished HTTP/2 GET https://localhost:7208/assets/libs/node-waves/waves.min.js - - - 304 - application/javascript 1.0025ms
2024-01-19 13:59:39.508 +02:00 [INF] Request finished HTTP/2 GET https://localhost:7208/assets/js/app.js - - - 304 - application/javascript 0.8149ms
2024-01-19 13:59:39.564 +02:00 [INF] Request finished HTTP/2 GET https://localhost:7208/_vs/browserLink - - - 200 - text/javascript;+charset=UTF-8 56.5539ms
2024-01-19 13:59:48.335 +02:00 [INF] Request starting HTTP/2 POST https://localhost:7208/Account/Login application/x-www-form-urlencoded 241
2024-01-19 13:59:48.339 +02:00 [INF] Executing endpoint 'ISQuiz.Controllers.AccountController.Login (ISQuiz)'
2024-01-19 13:59:48.352 +02:00 [INF] Route matched with {action = "Login", controller = "Account"}. Executing controller action with signature System.Threading.Tasks.Task`1[Microsoft.AspNetCore.Mvc.IActionResult] Login(ISQuiz.ViewModels.AuthorizeViewModel) on controller ISQuiz.Controllers.AccountController (ISQuiz).
2024-01-19 13:59:48.401 +02:00 [INF] Login method called.
2024-01-19 13:59:49.013 +02:00 [INF] GetLanguageCookie BaseController
2024-01-19 13:59:49.052 +02:00 [INF] GetLanguageCookie BaseController
2024-01-19 13:59:49.052 +02:00 [INF] GetLanguageCookie BaseController
2024-01-19 13:59:49.056 +02:00 [INF] AuthenticationScheme: Cookies signed in.
2024-01-19 13:59:49.058 +02:00 [INF] GetLanguageCookie BaseController
2024-01-19 13:59:49.062 +02:00 [INF] Executing RedirectResult, redirecting to /.
2024-01-19 13:59:49.063 +02:00 [INF] Executed action ISQuiz.Controllers.AccountController.Login (ISQuiz) in 710.4221ms
2024-01-19 13:59:49.064 +02:00 [INF] Executed endpoint 'ISQuiz.Controllers.AccountController.Login (ISQuiz)'
2024-01-19 13:59:49.066 +02:00 [INF] Request finished HTTP/2 POST https://localhost:7208/Account/Login application/x-www-form-urlencoded 241 - 302 0 - 731.5092ms
2024-01-19 13:59:49.068 +02:00 [INF] Request starting HTTP/2 GET https://localhost:7208/ - -
2024-01-19 13:59:49.072 +02:00 [INF] Executing endpoint 'ISQuiz.Controllers.HomeController.Index (ISQuiz)'
2024-01-19 13:59:49.074 +02:00 [INF] Route matched with {action = "Index", controller = "Home"}. Executing controller action with signature System.Threading.Tasks.Task`1[Microsoft.AspNetCore.Mvc.IActionResult] Index() on controller ISQuiz.Controllers.HomeController (ISQuiz).
2024-01-19 13:59:49.075 +02:00 [INF] Home.Index method called.
2024-01-19 13:59:49.075 +02:00 [INF] GetToken BaseController
2024-01-19 13:59:49.113 +02:00 [INF] GetLanguageCookie BaseController
2024-01-19 13:59:49.114 +02:00 [INF] Executing ViewResult, running view ~/Views/Home/Index.cshtml.
2024-01-19 13:59:49.148 +02:00 [INF] Executed ViewResult - view ~/Views/Home/Index.cshtml executed in 34.9444ms.
2024-01-19 13:59:49.148 +02:00 [INF] Executed action ISQuiz.Controllers.HomeController.Index (ISQuiz) in 74.7037ms
2024-01-19 13:59:49.148 +02:00 [INF] Executed endpoint 'ISQuiz.Controllers.HomeController.Index (ISQuiz)'
2024-01-19 13:59:49.149 +02:00 [INF] Request finished HTTP/2 GET https://localhost:7208/ - - - 200 - text/html;+charset=utf-8 81.1104ms
2024-01-19 13:59:49.160 +02:00 [INF] Request starting HTTP/2 GET https://localhost:7208/assets/libs/jquery/jquery.min.js - -
2024-01-19 13:59:49.161 +02:00 [INF] Request starting HTTP/2 GET https://localhost:7208/_framework/aspnetcore-browser-refresh.js - -
2024-01-19 13:59:49.161 +02:00 [INF] The file /assets/libs/jquery/jquery.min.js was not modified
2024-01-19 13:59:49.161 +02:00 [INF] Request finished HTTP/2 GET https://localhost:7208/assets/libs/jquery/jquery.min.js - - - 304 - application/javascript 0.6979ms
2024-01-19 13:59:49.161 +02:00 [INF] Request finished HTTP/2 GET https://localhost:7208/_framework/aspnetcore-browser-refresh.js - - - 200 13748 application/javascript;+charset=utf-8 0.3428ms
2024-01-19 13:59:49.161 +02:00 [INF] Request starting HTTP/2 GET https://localhost:7208/js/app.js - -
2024-01-19 13:59:49.161 +02:00 [INF] Request starting HTTP/2 GET https://localhost:7208/assets/images/LOGO.png - -
2024-01-19 13:59:49.162 +02:00 [INF] The file /js/app.js was not modified
2024-01-19 13:59:49.162 +02:00 [INF] The file /assets/images/LOGO.png was not modified
2024-01-19 13:59:49.162 +02:00 [INF] Request finished HTTP/2 GET https://localhost:7208/js/app.js - - - 304 - application/javascript 0.5545ms
2024-01-19 13:59:49.162 +02:00 [INF] Request finished HTTP/2 GET https://localhost:7208/assets/images/LOGO.png - - - 304 - image/png 0.4354ms
2024-01-19 13:59:49.177 +02:00 [INF] Request starting HTTP/2 GET https://localhost:7208/assets/images/intelectsoft/logo/IS-small-green.svg - -
2024-01-19 13:59:49.178 +02:00 [INF] The file /assets/images/intelectsoft/logo/IS-small-green.svg was not modified
2024-01-19 13:59:49.178 +02:00 [INF] Request finished HTTP/2 GET https://localhost:7208/assets/images/intelectsoft/logo/IS-small-green.svg - - - 304 - image/svg+xml 0.3237ms
2024-01-19 13:59:49.181 +02:00 [INF] Request starting HTTP/2 GET https://localhost:7208/_vs/browserLink - -
2024-01-19 13:59:49.188 +02:00 [INF] Request finished HTTP/2 GET https://localhost:7208/_vs/browserLink - - - 200 - text/javascript;+charset=UTF-8 6.2694ms
2024-01-19 13:59:49.244 +02:00 [INF] Request starting HTTP/2 GET https://localhost:7208/assets/fonts/fa-solid-900.woff2 - -
2024-01-19 13:59:49.244 +02:00 [INF] The file /assets/fonts/fa-solid-900.woff2 was not modified
2024-01-19 13:59:49.244 +02:00 [INF] Request finished HTTP/2 GET https://localhost:7208/assets/fonts/fa-solid-900.woff2 - - - 304 - font/woff2 0.4317ms
2024-01-19 13:59:49.245 +02:00 [INF] Request starting HTTP/2 GET https://localhost:7208/assets/fonts/materialdesignicons-webfont.woff2?v=5.8.55 - -
2024-01-19 13:59:49.245 +02:00 [INF] The file /assets/fonts/materialdesignicons-webfont.woff2 was not modified
2024-01-19 13:59:49.245 +02:00 [INF] Request finished HTTP/2 GET https://localhost:7208/assets/fonts/materialdesignicons-webfont.woff2?v=5.8.55 - - - 304 - font/woff2 0.5593ms
2024-01-19 13:59:52.413 +02:00 [INF] Request starting HTTP/2 GET https://localhost:7208/Home/Detail/52 - -
2024-01-19 13:59:52.415 +02:00 [INF] Executing endpoint 'ISQuiz.Controllers.HomeController.Detail (ISQuiz)'
2024-01-19 13:59:52.416 +02:00 [INF] Route matched with {action = "Detail", controller = "Home"}. Executing controller action with signature Microsoft.AspNetCore.Mvc.IActionResult Detail(Int32) on controller ISQuiz.Controllers.HomeController (ISQuiz).
2024-01-19 13:59:52.417 +02:00 [INF] GetLanguageCookie BaseController
2024-01-19 13:59:52.418 +02:00 [INF] Executing ViewResult, running view ~/Views/Home/Detail.cshtml.
2024-01-19 13:59:52.428 +02:00 [INF] Executed ViewResult - view ~/Views/Home/Detail.cshtml executed in 10.806ms.
2024-01-19 13:59:52.428 +02:00 [INF] Executed action ISQuiz.Controllers.HomeController.Detail (ISQuiz) in 12.1724ms
2024-01-19 13:59:52.428 +02:00 [INF] Executed endpoint 'ISQuiz.Controllers.HomeController.Detail (ISQuiz)'
2024-01-19 13:59:52.428 +02:00 [INF] Request finished HTTP/2 GET https://localhost:7208/Home/Detail/52 - - - 200 - text/html;+charset=utf-8 15.5936ms
2024-01-19 13:59:52.438 +02:00 [INF] Request starting HTTP/2 GET https://localhost:7208/_framework/aspnetcore-browser-refresh.js - -
2024-01-19 13:59:52.438 +02:00 [INF] Request starting HTTP/2 GET https://localhost:7208/_vs/browserLink - -
2024-01-19 13:59:52.438 +02:00 [INF] Request finished HTTP/2 GET https://localhost:7208/_framework/aspnetcore-browser-refresh.js - - - 200 13748 application/javascript;+charset=utf-8 0.4123ms
2024-01-19 13:59:52.441 +02:00 [INF] Request finished HTTP/2 GET https://localhost:7208/_vs/browserLink - - - 200 - text/javascript;+charset=UTF-8 3.3583ms
2024-01-19 13:59:52.458 +02:00 [INF] Request starting HTTP/2 GET https://localhost:7208/Home/QuestionnaireStatistic/52?_=1705665592449 - -
2024-01-19 13:59:52.458 +02:00 [INF] Request starting HTTP/2 GET https://localhost:7208/Home/GetInfoQuestionnaire/52?_=1705665592448 - -
2024-01-19 13:59:52.464 +02:00 [INF] Executing endpoint 'ISQuiz.Controllers.HomeController.QuestionnaireStatistic (ISQuiz)'
2024-01-19 13:59:52.464 +02:00 [INF] Executing endpoint 'ISQuiz.Controllers.HomeController.GetInfoQuestionnaire (ISQuiz)'
2024-01-19 13:59:52.466 +02:00 [INF] Route matched with {action = "QuestionnaireStatistic", controller = "Home"}. Executing controller action with signature System.Threading.Tasks.Task`1[Microsoft.AspNetCore.Mvc.IActionResult] QuestionnaireStatistic(Int32) on controller ISQuiz.Controllers.HomeController (ISQuiz).
2024-01-19 13:59:52.466 +02:00 [INF] Route matched with {action = "GetInfoQuestionnaire", controller = "Home"}. Executing controller action with signature System.Threading.Tasks.Task`1[Microsoft.AspNetCore.Mvc.IActionResult] GetInfoQuestionnaire(Int32) on controller ISQuiz.Controllers.HomeController (ISQuiz).
2024-01-19 13:59:52.468 +02:00 [INF] GetInfoQuestionnaire method called. Id = 52
2024-01-19 13:59:52.468 +02:00 [INF] QuestionnaireStatistic method called. Id = 52
2024-01-19 13:59:52.468 +02:00 [INF] GetToken BaseController
2024-01-19 13:59:52.469 +02:00 [INF] GetToken BaseController
2024-01-19 13:59:52.488 +02:00 [INF] GetLanguageCookie BaseController
2024-01-19 13:59:52.490 +02:00 [INF] GetLanguageCookie BaseController
2024-01-19 13:59:52.490 +02:00 [INF] Executing PartialViewResult, running view ~/Views/Home/_Statistic.cshtml.
2024-01-19 13:59:52.490 +02:00 [INF] Executing PartialViewResult, running view ~/Views/Home/_Info.cshtml.
2024-01-19 13:59:52.494 +02:00 [INF] Request starting HTTP/2 GET https://localhost:7208/Home/Detail/assets/css/app.min.css - -
2024-01-19 13:59:52.494 +02:00 [INF] Request starting HTTP/2 GET https://localhost:7208/Home/Detail/assets/css/bootstrap.min.css - -
2024-01-19 13:59:52.494 +02:00 [INF] Executed PartialViewResult - view ~/Views/Home/_Statistic.cshtml executed in 4.332ms.
2024-01-19 13:59:52.494 +02:00 [INF] Executed action ISQuiz.Controllers.HomeController.QuestionnaireStatistic (ISQuiz) in 28.339ms
2024-01-19 13:59:52.494 +02:00 [INF] Executed endpoint 'ISQuiz.Controllers.HomeController.QuestionnaireStatistic (ISQuiz)'
2024-01-19 13:59:52.495 +02:00 [INF] Request finished HTTP/2 GET https://localhost:7208/Home/QuestionnaireStatistic/52?_=1705665592449 - - - 200 - text/html;+charset=utf-8 36.9289ms
2024-01-19 13:59:52.495 +02:00 [INF] Request finished HTTP/2 GET https://localhost:7208/Home/Detail/assets/css/app.min.css - - - 404 0 - 1.3596ms
2024-01-19 13:59:52.495 +02:00 [INF] Request finished HTTP/2 GET https://localhost:7208/Home/Detail/assets/css/bootstrap.min.css - - - 404 0 - 1.2365ms
2024-01-19 13:59:52.501 +02:00 [INF] Request starting HTTP/2 GET https://localhost:7208/assets/libs/apexcharts/apexcharts.min.js - -
2024-01-19 13:59:52.502 +02:00 [INF] The file /assets/libs/apexcharts/apexcharts.min.js was not modified
2024-01-19 13:59:52.502 +02:00 [INF] Request finished HTTP/2 GET https://localhost:7208/assets/libs/apexcharts/apexcharts.min.js - - - 304 - application/javascript 0.4389ms
2024-01-19 13:59:52.504 +02:00 [INF] Executed PartialViewResult - view ~/Views/Home/_Info.cshtml executed in 14.0206ms.
2024-01-19 13:59:52.504 +02:00 [INF] Executed action ISQuiz.Controllers.HomeController.GetInfoQuestionnaire (ISQuiz) in 38.424ms
2024-01-19 13:59:52.504 +02:00 [INF] Executed endpoint 'ISQuiz.Controllers.HomeController.GetInfoQuestionnaire (ISQuiz)'
2024-01-19 13:59:52.505 +02:00 [INF] Request finished HTTP/2 GET https://localhost:7208/Home/GetInfoQuestionnaire/52?_=1705665592448 - - - 200 - text/html;+charset=utf-8 46.9570ms
2024-01-19 13:59:52.541 +02:00 [INF] Request starting HTTP/2 GET https://localhost:7208/js/Home/InfoQuestionnaire.js - -
2024-01-19 13:59:52.541 +02:00 [INF] The file /js/Home/InfoQuestionnaire.js was not modified
2024-01-19 13:59:52.541 +02:00 [INF] Request finished HTTP/2 GET https://localhost:7208/js/Home/InfoQuestionnaire.js - - - 304 - application/javascript 0.4900ms
2024-01-19 13:59:52.544 +02:00 [INF] Request starting HTTP/2 GET https://localhost:7208/Home/GetQuestions/52?_=1705665592450 - -
2024-01-19 13:59:52.546 +02:00 [INF] Executing endpoint 'ISQuiz.Controllers.HomeController.GetQuestions (ISQuiz)'
2024-01-19 13:59:52.548 +02:00 [INF] Route matched with {action = "GetQuestions", controller = "Home"}. Executing controller action with signature System.Threading.Tasks.Task`1[Microsoft.AspNetCore.Mvc.IActionResult] GetQuestions(Int32) on controller ISQuiz.Controllers.HomeController (ISQuiz).
2024-01-19 13:59:52.549 +02:00 [INF] GetQuestions method called. Id = 52
2024-01-19 13:59:52.549 +02:00 [INF] GetToken BaseController
2024-01-19 13:59:52.580 +02:00 [INF] GetLanguageCookie BaseController
2024-01-19 13:59:52.580 +02:00 [INF] Executing PartialViewResult, running view ~/Views/Home/_Questions.cshtml.
2024-01-19 13:59:52.584 +02:00 [INF] Executed PartialViewResult - view ~/Views/Home/_Questions.cshtml executed in 3.6769ms.
2024-01-19 13:59:52.584 +02:00 [INF] Executed action ISQuiz.Controllers.HomeController.GetQuestions (ISQuiz) in 35.8202ms
2024-01-19 13:59:52.584 +02:00 [INF] Executed endpoint 'ISQuiz.Controllers.HomeController.GetQuestions (ISQuiz)'
2024-01-19 13:59:52.584 +02:00 [INF] Request finished HTTP/2 GET https://localhost:7208/Home/GetQuestions/52?_=1705665592450 - - - 200 - text/html;+charset=utf-8 39.9787ms
2024-01-19 14:00:04.700 +02:00 [INF] Request starting HTTP/2 GET https://localhost:7208/ - -
2024-01-19 14:00:04.703 +02:00 [INF] Executing endpoint 'ISQuiz.Controllers.HomeController.Index (ISQuiz)'
2024-01-19 14:00:04.704 +02:00 [INF] Route matched with {action = "Index", controller = "Home"}. Executing controller action with signature System.Threading.Tasks.Task`1[Microsoft.AspNetCore.Mvc.IActionResult] Index() on controller ISQuiz.Controllers.HomeController (ISQuiz).
2024-01-19 14:00:04.704 +02:00 [INF] Home.Index method called.
2024-01-19 14:00:04.704 +02:00 [INF] GetToken BaseController
2024-01-19 14:00:04.722 +02:00 [INF] GetLanguageCookie BaseController
2024-01-19 14:00:04.723 +02:00 [INF] Executing ViewResult, running view ~/Views/Home/Index.cshtml.
2024-01-19 14:00:04.724 +02:00 [INF] Executed ViewResult - view ~/Views/Home/Index.cshtml executed in 0.9628ms.
2024-01-19 14:00:04.724 +02:00 [INF] Executed action ISQuiz.Controllers.HomeController.Index (ISQuiz) in 20.0993ms
2024-01-19 14:00:04.724 +02:00 [INF] Executed endpoint 'ISQuiz.Controllers.HomeController.Index (ISQuiz)'
2024-01-19 14:00:04.724 +02:00 [INF] Request finished HTTP/2 GET https://localhost:7208/ - - - 200 - text/html;+charset=utf-8 23.6186ms
2024-01-19 14:00:04.734 +02:00 [INF] Request starting HTTP/2 GET https://localhost:7208/_framework/aspnetcore-browser-refresh.js - -
2024-01-19 14:00:04.734 +02:00 [INF] Request finished HTTP/2 GET https://localhost:7208/_framework/aspnetcore-browser-refresh.js - - - 200 13748 application/javascript;+charset=utf-8 0.2688ms
2024-01-19 14:00:04.742 +02:00 [INF] Request starting HTTP/2 GET https://localhost:7208/_vs/browserLink - -
2024-01-19 14:00:04.747 +02:00 [INF] Request finished HTTP/2 GET https://localhost:7208/_vs/browserLink - - - 200 - text/javascript;+charset=UTF-8 5.8288ms
2024-01-19 14:00:08.380 +02:00 [INF] Request starting HTTP/2 GET https://localhost:7208/License - -
2024-01-19 14:00:08.382 +02:00 [INF] Executing endpoint 'ISQuiz.Controllers.LicenseController.Index (ISQuiz)'
2024-01-19 14:00:08.384 +02:00 [INF] Route matched with {action = "Index", controller = "License"}. Executing controller action with signature System.Threading.Tasks.Task`1[Microsoft.AspNetCore.Mvc.IActionResult] Index() on controller ISQuiz.Controllers.LicenseController (ISQuiz).
2024-01-19 14:00:08.385 +02:00 [INF] License.Index method called.
2024-01-19 14:00:08.385 +02:00 [INF] GetToken BaseController
2024-01-19 14:00:08.409 +02:00 [INF] Executing ViewResult, running view ~/Views/License/Index.cshtml.
2024-01-19 14:00:08.414 +02:00 [INF] Executed ViewResult - view ~/Views/License/Index.cshtml executed in 5.3685ms.
2024-01-19 14:00:08.414 +02:00 [INF] Executed action ISQuiz.Controllers.LicenseController.Index (ISQuiz) in 30.3422ms
2024-01-19 14:00:08.414 +02:00 [INF] Executed endpoint 'ISQuiz.Controllers.LicenseController.Index (ISQuiz)'
2024-01-19 14:00:08.415 +02:00 [INF] Request finished HTTP/2 GET https://localhost:7208/License - - - 200 - text/html;+charset=utf-8 34.4587ms
2024-01-19 14:00:08.426 +02:00 [INF] Request starting HTTP/2 GET https://localhost:7208/_framework/aspnetcore-browser-refresh.js - -
2024-01-19 14:00:08.426 +02:00 [INF] Request starting HTTP/2 GET https://localhost:7208/_vs/browserLink - -
2024-01-19 14:00:08.426 +02:00 [INF] Request finished HTTP/2 GET https://localhost:7208/_framework/aspnetcore-browser-refresh.js - - - 200 13748 application/javascript;+charset=utf-8 0.3894ms
2024-01-19 14:00:08.429 +02:00 [INF] Request finished HTTP/2 GET https://localhost:7208/_vs/browserLink - - - 200 - text/javascript;+charset=UTF-8 2.8377ms
2024-01-19 14:00:08.446 +02:00 [INF] Request starting HTTP/2 GET https://localhost:7208/License/CreateLicence?_=1705665608439 - -
2024-01-19 14:00:08.447 +02:00 [INF] Executing endpoint 'ISQuiz.Controllers.LicenseController.CreateLicence (ISQuiz)'
2024-01-19 14:00:08.448 +02:00 [INF] Route matched with {action = "CreateLicence", controller = "License"}. Executing controller action with signature Microsoft.AspNetCore.Mvc.IActionResult CreateLicence() on controller ISQuiz.Controllers.LicenseController (ISQuiz).
2024-01-19 14:00:08.449 +02:00 [INF] Executing PartialViewResult, running view ~/Views/License/_CreateLicence.cshtml.
2024-01-19 14:00:08.464 +02:00 [INF] Executed PartialViewResult - view ~/Views/License/_CreateLicence.cshtml executed in 15.5352ms.
2024-01-19 14:00:08.464 +02:00 [INF] Executed action ISQuiz.Controllers.LicenseController.CreateLicence (ISQuiz) in 15.7999ms
2024-01-19 14:00:08.464 +02:00 [INF] Executed endpoint 'ISQuiz.Controllers.LicenseController.CreateLicence (ISQuiz)'
2024-01-19 14:00:08.464 +02:00 [INF] Request finished HTTP/2 GET https://localhost:7208/License/CreateLicence?_=1705665608439 - - - 200 - text/html;+charset=utf-8 18.6870ms
2024-01-19 14:00:09.396 +02:00 [INF] Request starting HTTP/2 GET https://localhost:7208/ - -
2024-01-19 14:00:09.397 +02:00 [INF] Executing endpoint 'ISQuiz.Controllers.HomeController.Index (ISQuiz)'
2024-01-19 14:00:09.398 +02:00 [INF] Route matched with {action = "Index", controller = "Home"}. Executing controller action with signature System.Threading.Tasks.Task`1[Microsoft.AspNetCore.Mvc.IActionResult] Index() on controller ISQuiz.Controllers.HomeController (ISQuiz).
2024-01-19 14:00:09.398 +02:00 [INF] Home.Index method called.
2024-01-19 14:00:09.398 +02:00 [INF] GetToken BaseController
2024-01-19 14:00:09.499 +02:00 [INF] GetLanguageCookie BaseController
2024-01-19 14:00:09.499 +02:00 [INF] Executing ViewResult, running view ~/Views/Home/Index.cshtml.
2024-01-19 14:00:09.501 +02:00 [INF] Executed ViewResult - view ~/Views/Home/Index.cshtml executed in 1.202ms.
2024-01-19 14:00:09.501 +02:00 [INF] Executed action ISQuiz.Controllers.HomeController.Index (ISQuiz) in 103.0661ms
2024-01-19 14:00:09.501 +02:00 [INF] Executed endpoint 'ISQuiz.Controllers.HomeController.Index (ISQuiz)'
2024-01-19 14:00:09.501 +02:00 [INF] Request finished HTTP/2 GET https://localhost:7208/ - - - 200 - text/html;+charset=utf-8 105.1039ms
2024-01-19 14:00:09.510 +02:00 [INF] Request starting HTTP/2 GET https://localhost:7208/_framework/aspnetcore-browser-refresh.js - -
2024-01-19 14:00:09.510 +02:00 [INF] Request starting HTTP/2 GET https://localhost:7208/_vs/browserLink - -
2024-01-19 14:00:09.510 +02:00 [INF] Request finished HTTP/2 GET https://localhost:7208/_framework/aspnetcore-browser-refresh.js - - - 200 13748 application/javascript;+charset=utf-8 0.4120ms
2024-01-19 14:00:09.513 +02:00 [INF] Request finished HTTP/2 GET https://localhost:7208/_vs/browserLink - - - 200 - text/javascript;+charset=UTF-8 2.7771ms
