2024-01-18 09:58:51.915 +02:00 [INF] User profile is available. Using 'C:\Users\User\AppData\Local\ASP.NET\DataProtection-Keys' as key repository and Windows DPAPI to encrypt keys at rest.
2024-01-18 09:58:52.744 +02:00 [INF] Now listening on: https://localhost:7208
2024-01-18 09:58:52.744 +02:00 [INF] Now listening on: http://localhost:5118
2024-01-18 09:58:52.746 +02:00 [INF] Application started. Press Ctrl+C to shut down.
2024-01-18 09:58:52.747 +02:00 [INF] Hosting environment: Development
2024-01-18 09:58:52.747 +02:00 [INF] Content root path: C:\Users\User\Desktop\Новая папка\Quiz\WebApplication2\
2024-01-18 09:58:55.901 +02:00 [INF] Request starting HTTP/2 GET https://localhost:7208/ - -
2024-01-18 09:58:56.137 +02:00 [INF] Authorization failed. These requirements were not met:
DenyAnonymousAuthorizationRequirement: Requires an authenticated user.
2024-01-18 09:58:56.170 +02:00 [INF] AuthenticationScheme: Cookies was challenged.
2024-01-18 09:58:56.181 +02:00 [INF] Request finished HTTP/2 GET https://localhost:7208/ - - - 302 0 - 284.2891ms
2024-01-18 09:58:56.182 +02:00 [INF] Request starting HTTP/2 GET https://localhost:7208/Account/Login?ReturnUrl=%2F - -
2024-01-18 09:58:56.197 +02:00 [INF] Executing endpoint 'ISQuiz.Controllers.AccountController.Login (ISQuiz)'
2024-01-18 09:58:56.285 +02:00 [INF] Route matched with {action = "Login", controller = "Account"}. Executing controller action with signature Microsoft.AspNetCore.Mvc.IActionResult Login() on controller ISQuiz.Controllers.AccountController (ISQuiz).
2024-01-18 09:58:56.288 +02:00 [INF] GetLanguageCookie BaseController
2024-01-18 09:58:56.306 +02:00 [INF] Executing ViewResult, running view ~/Views/Account/Login.cshtml.
2024-01-18 09:58:56.614 +02:00 [INF] Executed ViewResult - view ~/Views/Account/Login.cshtml executed in 308.5028ms.
2024-01-18 09:58:56.618 +02:00 [INF] Executed action ISQuiz.Controllers.AccountController.Login (ISQuiz) in 333.0553ms
2024-01-18 09:58:56.619 +02:00 [INF] Executed endpoint 'ISQuiz.Controllers.AccountController.Login (ISQuiz)'
2024-01-18 09:58:56.624 +02:00 [INF] Request finished HTTP/2 GET https://localhost:7208/Account/Login?ReturnUrl=%2F - - - 200 - text/html;+charset=utf-8 441.6265ms
2024-01-18 09:58:56.626 +02:00 [INF] Request starting HTTP/2 GET https://localhost:7208/assets/css/bootstrap.css - -
2024-01-18 09:58:56.626 +02:00 [INF] Request starting HTTP/2 GET https://localhost:7208/assets/css/bootstrap.min.css - -
2024-01-18 09:58:56.626 +02:00 [INF] Request starting HTTP/2 GET https://localhost:7208/assets/css/app.css - -
2024-01-18 09:58:56.627 +02:00 [INF] Request starting HTTP/2 GET https://localhost:7208/assets/css/icons.min.css - -
2024-01-18 09:58:56.638 +02:00 [INF] Request starting HTTP/2 GET https://localhost:7208/assets/libs/datatables.net-bs4/css/dataTables.bootstrap4.min.css - -
2024-01-18 09:58:56.643 +02:00 [INF] Request starting HTTP/2 GET https://localhost:7208/assets/libs/datatables.net-buttons-bs4/css/buttons.bootstrap4.min.css - -
2024-01-18 09:58:56.643 +02:00 [INF] Request starting HTTP/2 GET https://localhost:7208/assets/css/app.min.css - -
2024-01-18 09:58:56.645 +02:00 [INF] Request starting HTTP/2 GET https://localhost:7208/assets/images/flags/russia.jpg - -
2024-01-18 09:58:56.647 +02:00 [INF] Request starting HTTP/2 GET https://localhost:7208/assets/images/intelectsoft/logo/IS-long-green.svg - -
2024-01-18 09:58:56.648 +02:00 [INF] Request starting HTTP/2 GET https://localhost:7208/assets/libs/datatables.net-responsive-bs4/css/responsive.bootstrap4.min.css - -
2024-01-18 09:58:56.651 +02:00 [INF] Request starting HTTP/2 GET https://localhost:7208/assets/libs/bootstrap/js/bootstrap.bundle.min.js - -
2024-01-18 09:58:56.652 +02:00 [INF] Request starting HTTP/2 GET https://localhost:7208/assets/images/flags/ro.png - -
2024-01-18 09:58:56.661 +02:00 [INF] The file /assets/css/bootstrap.css was not modified
2024-01-18 09:58:56.661 +02:00 [INF] The file /assets/css/app.min.css was not modified
2024-01-18 09:58:56.661 +02:00 [INF] The file /assets/css/app.css was not modified
2024-01-18 09:58:56.661 +02:00 [INF] The file /assets/libs/datatables.net-buttons-bs4/css/buttons.bootstrap4.min.css was not modified
2024-01-18 09:58:56.661 +02:00 [INF] The file /assets/images/intelectsoft/logo/IS-long-green.svg was not modified
2024-01-18 09:58:56.661 +02:00 [INF] The file /assets/libs/bootstrap/js/bootstrap.bundle.min.js was not modified
2024-01-18 09:58:56.661 +02:00 [INF] The file /assets/images/flags/ro.png was not modified
2024-01-18 09:58:56.661 +02:00 [INF] The file /assets/libs/datatables.net-responsive-bs4/css/responsive.bootstrap4.min.css was not modified
2024-01-18 09:58:56.661 +02:00 [INF] The file /assets/css/bootstrap.min.css was not modified
2024-01-18 09:58:56.661 +02:00 [INF] The file /assets/libs/datatables.net-bs4/css/dataTables.bootstrap4.min.css was not modified
2024-01-18 09:58:56.661 +02:00 [INF] The file /assets/css/icons.min.css was not modified
2024-01-18 09:58:56.662 +02:00 [INF] Request finished HTTP/2 GET https://localhost:7208/assets/libs/datatables.net-bs4/css/dataTables.bootstrap4.min.css - - - 304 - text/css 23.4967ms
2024-01-18 09:58:56.662 +02:00 [INF] The file /assets/images/flags/russia.jpg was not modified
2024-01-18 09:58:56.662 +02:00 [INF] Request finished HTTP/2 GET https://localhost:7208/assets/libs/bootstrap/js/bootstrap.bundle.min.js - - - 304 - application/javascript 10.9013ms
2024-01-18 09:58:56.662 +02:00 [INF] Request finished HTTP/2 GET https://localhost:7208/assets/css/app.min.css - - - 304 - text/css 18.5952ms
2024-01-18 09:58:56.662 +02:00 [INF] Request finished HTTP/2 GET https://localhost:7208/assets/css/bootstrap.min.css - - - 304 - text/css 35.8243ms
2024-01-18 09:58:56.662 +02:00 [INF] Request starting HTTP/2 GET https://localhost:7208/_framework/aspnetcore-browser-refresh.js - -
2024-01-18 09:58:56.662 +02:00 [INF] Request starting HTTP/2 GET https://localhost:7208/assets/images/flags/us.jpg - -
2024-01-18 09:58:56.662 +02:00 [INF] Request starting HTTP/2 GET https://localhost:7208/assets/libs/metismenu/metisMenu.min.js - -
2024-01-18 09:58:56.662 +02:00 [INF] Request finished HTTP/2 GET https://localhost:7208/assets/libs/datatables.net-responsive-bs4/css/responsive.bootstrap4.min.css - - - 304 - text/css 13.6008ms
2024-01-18 09:58:56.662 +02:00 [INF] Request finished HTTP/2 GET https://localhost:7208/assets/images/intelectsoft/logo/IS-long-green.svg - - - 304 - image/svg+xml 14.7923ms
2024-01-18 09:58:56.662 +02:00 [INF] Request finished HTTP/2 GET https://localhost:7208/assets/images/flags/russia.jpg - - - 304 - image/jpeg 17.1582ms
2024-01-18 09:58:56.662 +02:00 [INF] Request starting HTTP/2 GET https://localhost:7208/assets/libs/node-waves/waves.min.js - -
2024-01-18 09:58:56.662 +02:00 [INF] Request finished HTTP/2 GET https://localhost:7208/assets/css/icons.min.css - - - 304 - text/css 34.5614ms
2024-01-18 09:58:56.662 +02:00 [INF] Request starting HTTP/2 GET https://localhost:7208/assets/libs/waypoints/lib/jquery.waypoints.min.js - -
2024-01-18 09:58:56.662 +02:00 [INF] Request finished HTTP/2 GET https://localhost:7208/assets/images/flags/ro.png - - - 304 - image/png 9.9868ms
2024-01-18 09:58:56.662 +02:00 [INF] Request finished HTTP/2 GET https://localhost:7208/assets/css/bootstrap.css - - - 304 - text/css 36.0061ms
2024-01-18 09:58:56.662 +02:00 [INF] Request starting HTTP/2 GET https://localhost:7208/assets/libs/datatables.net/js/jquery.dataTables.min.js - -
2024-01-18 09:58:56.662 +02:00 [INF] Request finished HTTP/2 GET https://localhost:7208/assets/css/app.css - - - 304 - text/css 35.4463ms
2024-01-18 09:58:56.662 +02:00 [INF] The file /assets/images/flags/us.jpg was not modified
2024-01-18 09:58:56.662 +02:00 [INF] Request finished HTTP/2 GET https://localhost:7208/assets/libs/datatables.net-buttons-bs4/css/buttons.bootstrap4.min.css - - - 304 - text/css 18.6947ms
2024-01-18 09:58:56.662 +02:00 [INF] Request starting HTTP/2 GET https://localhost:7208/assets/libs/simplebar/simplebar.min.js - -
2024-01-18 09:58:56.662 +02:00 [INF] The file /assets/libs/waypoints/lib/jquery.waypoints.min.js was not modified
2024-01-18 09:58:56.662 +02:00 [INF] Request finished HTTP/2 GET https://localhost:7208/assets/images/flags/us.jpg - - - 304 - image/jpeg 0.3293ms
2024-01-18 09:58:56.662 +02:00 [INF] The file /assets/libs/metismenu/metisMenu.min.js was not modified
2024-01-18 09:58:56.662 +02:00 [INF] Request starting HTTP/2 GET https://localhost:7208/assets/libs/datatables.net-bs4/js/dataTables.bootstrap4.min.js - -
2024-01-18 09:58:56.662 +02:00 [INF] Request starting HTTP/2 GET https://localhost:7208/assets/js/app.js - -
2024-01-18 09:58:56.662 +02:00 [INF] Request starting HTTP/2 GET https://localhost:7208/assets/libs/datatables.net-responsive/js/dataTables.responsive.min.js - -
2024-01-18 09:58:56.662 +02:00 [INF] Request finished HTTP/2 GET https://localhost:7208/assets/libs/metismenu/metisMenu.min.js - - - 304 - application/javascript 0.4155ms
2024-01-18 09:58:56.662 +02:00 [INF] Request starting HTTP/2 GET https://localhost:7208/assets/libs/datatables.net-responsive-bs4/js/responsive.bootstrap4.min.js - -
2024-01-18 09:58:56.662 +02:00 [INF] Request starting HTTP/2 GET https://localhost:7208/assets/libs/jquery.counterup/jquery.counterup.min.js - -
2024-01-18 09:58:56.662 +02:00 [INF] Request starting HTTP/2 GET https://localhost:7208/_vs/browserLink - -
2024-01-18 09:58:56.662 +02:00 [INF] Request starting HTTP/2 GET https://localhost:7208/assets/libs/parsleyjs/parsley.min.js - -
2024-01-18 09:58:56.662 +02:00 [INF] The file /assets/libs/node-waves/waves.min.js was not modified
2024-01-18 09:58:56.662 +02:00 [INF] The file /assets/libs/datatables.net/js/jquery.dataTables.min.js was not modified
2024-01-18 09:58:56.662 +02:00 [INF] Request finished HTTP/2 GET https://localhost:7208/assets/libs/waypoints/lib/jquery.waypoints.min.js - - - 304 - application/javascript 0.2546ms
2024-01-18 09:58:56.662 +02:00 [INF] The file /assets/libs/simplebar/simplebar.min.js was not modified
2024-01-18 09:58:56.662 +02:00 [INF] The file /assets/libs/datatables.net-responsive-bs4/js/responsive.bootstrap4.min.js was not modified
2024-01-18 09:58:56.662 +02:00 [INF] The file /assets/libs/datatables.net-bs4/js/dataTables.bootstrap4.min.js was not modified
2024-01-18 09:58:56.662 +02:00 [INF] The file /assets/libs/parsleyjs/parsley.min.js was not modified
2024-01-18 09:58:56.662 +02:00 [INF] Request finished HTTP/2 GET https://localhost:7208/assets/libs/simplebar/simplebar.min.js - - - 304 - application/javascript 0.6769ms
2024-01-18 09:58:56.662 +02:00 [INF] Request finished HTTP/2 GET https://localhost:7208/assets/libs/datatables.net-responsive-bs4/js/responsive.bootstrap4.min.js - - - 304 - application/javascript 0.4453ms
2024-01-18 09:58:56.662 +02:00 [INF] Request finished HTTP/2 GET https://localhost:7208/assets/libs/datatables.net-bs4/js/dataTables.bootstrap4.min.js - - - 304 - application/javascript 0.5270ms
2024-01-18 09:58:56.662 +02:00 [INF] Request finished HTTP/2 GET https://localhost:7208/assets/libs/datatables.net/js/jquery.dataTables.min.js - - - 304 - application/javascript 0.4838ms
2024-01-18 09:58:56.662 +02:00 [INF] The file /assets/js/app.js was not modified
2024-01-18 09:58:56.662 +02:00 [INF] The file /assets/libs/datatables.net-responsive/js/dataTables.responsive.min.js was not modified
2024-01-18 09:58:56.662 +02:00 [INF] The file /assets/libs/jquery.counterup/jquery.counterup.min.js was not modified
2024-01-18 09:58:56.662 +02:00 [INF] Request finished HTTP/2 GET https://localhost:7208/assets/libs/node-waves/waves.min.js - - - 304 - application/javascript 0.5349ms
2024-01-18 09:58:56.663 +02:00 [INF] Request finished HTTP/2 GET https://localhost:7208/assets/js/app.js - - - 304 - application/javascript 0.4817ms
2024-01-18 09:58:56.663 +02:00 [INF] Request finished HTTP/2 GET https://localhost:7208/assets/libs/datatables.net-responsive/js/dataTables.responsive.min.js - - - 304 - application/javascript 0.6713ms
2024-01-18 09:58:56.662 +02:00 [INF] Request finished HTTP/2 GET https://localhost:7208/assets/libs/parsleyjs/parsley.min.js - - - 304 - application/javascript 0.4580ms
2024-01-18 09:58:56.663 +02:00 [INF] Request finished HTTP/2 GET https://localhost:7208/assets/libs/jquery.counterup/jquery.counterup.min.js - - - 304 - application/javascript 0.7936ms
2024-01-18 09:58:56.666 +02:00 [INF] Request finished HTTP/2 GET https://localhost:7208/_framework/aspnetcore-browser-refresh.js - - - 200 13748 application/javascript;+charset=utf-8 4.1854ms
2024-01-18 09:58:56.718 +02:00 [INF] Request finished HTTP/2 GET https://localhost:7208/_vs/browserLink - - - 200 - text/javascript;+charset=UTF-8 55.8645ms
2024-01-18 09:59:07.160 +02:00 [INF] Request starting HTTP/2 POST https://localhost:7208/Account/Login application/x-www-form-urlencoded 241
2024-01-18 09:59:07.164 +02:00 [INF] Executing endpoint 'ISQuiz.Controllers.AccountController.Login (ISQuiz)'
2024-01-18 09:59:07.177 +02:00 [INF] Route matched with {action = "Login", controller = "Account"}. Executing controller action with signature System.Threading.Tasks.Task`1[Microsoft.AspNetCore.Mvc.IActionResult] Login(ISQuiz.ViewModels.AuthorizeViewModel) on controller ISQuiz.Controllers.AccountController (ISQuiz).
2024-01-18 09:59:07.227 +02:00 [INF] Login method called.
2024-01-18 09:59:07.798 +02:00 [INF] GetLanguageCookie BaseController
2024-01-18 09:59:07.821 +02:00 [INF] GetLanguageCookie BaseController
2024-01-18 09:59:07.821 +02:00 [INF] GetLanguageCookie BaseController
2024-01-18 09:59:07.825 +02:00 [INF] AuthenticationScheme: Cookies signed in.
2024-01-18 09:59:07.827 +02:00 [INF] GetLanguageCookie BaseController
2024-01-18 09:59:07.831 +02:00 [INF] Executing RedirectResult, redirecting to /.
2024-01-18 09:59:07.832 +02:00 [INF] Executed action ISQuiz.Controllers.AccountController.Login (ISQuiz) in 655.2323ms
2024-01-18 09:59:07.833 +02:00 [INF] Executed endpoint 'ISQuiz.Controllers.AccountController.Login (ISQuiz)'
2024-01-18 09:59:07.835 +02:00 [INF] Request finished HTTP/2 POST https://localhost:7208/Account/Login application/x-www-form-urlencoded 241 - 302 0 - 675.3554ms
2024-01-18 09:59:07.838 +02:00 [INF] Request starting HTTP/2 GET https://localhost:7208/ - -
2024-01-18 09:59:07.841 +02:00 [INF] Executing endpoint 'ISQuiz.Controllers.HomeController.Index (ISQuiz)'
2024-01-18 09:59:07.843 +02:00 [INF] Route matched with {action = "Index", controller = "Home"}. Executing controller action with signature System.Threading.Tasks.Task`1[Microsoft.AspNetCore.Mvc.IActionResult] Index() on controller ISQuiz.Controllers.HomeController (ISQuiz).
2024-01-18 09:59:07.845 +02:00 [INF] Home.Index method called.
2024-01-18 09:59:07.845 +02:00 [INF] GetToken BaseController
2024-01-18 09:59:07.878 +02:00 [INF] GetLanguageCookie BaseController
2024-01-18 09:59:07.878 +02:00 [INF] Executing ViewResult, running view ~/Views/Home/Index.cshtml.
2024-01-18 09:59:07.911 +02:00 [INF] Executed ViewResult - view ~/Views/Home/Index.cshtml executed in 33.6678ms.
2024-01-18 09:59:07.912 +02:00 [INF] Executed action ISQuiz.Controllers.HomeController.Index (ISQuiz) in 68.4423ms
2024-01-18 09:59:07.912 +02:00 [INF] Executed endpoint 'ISQuiz.Controllers.HomeController.Index (ISQuiz)'
2024-01-18 09:59:07.912 +02:00 [INF] Request finished HTTP/2 GET https://localhost:7208/ - - - 200 - text/html;+charset=utf-8 74.9205ms
2024-01-18 09:59:07.922 +02:00 [INF] Request starting HTTP/2 GET https://localhost:7208/assets/libs/jquery/jquery.min.js - -
2024-01-18 09:59:07.922 +02:00 [INF] Request starting HTTP/2 GET https://localhost:7208/js/app.js - -
2024-01-18 09:59:07.922 +02:00 [INF] Request starting HTTP/2 GET https://localhost:7208/_framework/aspnetcore-browser-refresh.js - -
2024-01-18 09:59:07.922 +02:00 [INF] The file /assets/libs/jquery/jquery.min.js was not modified
2024-01-18 09:59:07.922 +02:00 [INF] The file /js/app.js was not modified
2024-01-18 09:59:07.922 +02:00 [INF] Request finished HTTP/2 GET https://localhost:7208/assets/libs/jquery/jquery.min.js - - - 304 - application/javascript 0.4426ms
2024-01-18 09:59:07.922 +02:00 [INF] Request finished HTTP/2 GET https://localhost:7208/js/app.js - - - 304 - application/javascript 0.2651ms
2024-01-18 09:59:07.922 +02:00 [INF] Request finished HTTP/2 GET https://localhost:7208/_framework/aspnetcore-browser-refresh.js - - - 200 13748 application/javascript;+charset=utf-8 0.1813ms
2024-01-18 09:59:07.923 +02:00 [INF] Request starting HTTP/2 GET https://localhost:7208/assets/images/LOGO.png - -
2024-01-18 09:59:07.924 +02:00 [INF] The file /assets/images/LOGO.png was not modified
2024-01-18 09:59:07.924 +02:00 [INF] Request finished HTTP/2 GET https://localhost:7208/assets/images/LOGO.png - - - 304 - image/png 0.3589ms
2024-01-18 09:59:07.939 +02:00 [INF] Request starting HTTP/2 GET https://localhost:7208/assets/images/intelectsoft/logo/IS-small-green.svg - -
2024-01-18 09:59:07.940 +02:00 [INF] The file /assets/images/intelectsoft/logo/IS-small-green.svg was not modified
2024-01-18 09:59:07.940 +02:00 [INF] Request finished HTTP/2 GET https://localhost:7208/assets/images/intelectsoft/logo/IS-small-green.svg - - - 304 - image/svg+xml 0.4058ms
2024-01-18 09:59:07.942 +02:00 [INF] Request starting HTTP/2 GET https://localhost:7208/_vs/browserLink - -
2024-01-18 09:59:07.951 +02:00 [INF] Request finished HTTP/2 GET https://localhost:7208/_vs/browserLink - - - 200 - text/javascript;+charset=UTF-8 9.1884ms
2024-01-18 09:59:07.998 +02:00 [INF] Request starting HTTP/2 GET https://localhost:7208/assets/fonts/fa-solid-900.woff2 - -
2024-01-18 09:59:07.998 +02:00 [INF] Request starting HTTP/2 GET https://localhost:7208/assets/fonts/materialdesignicons-webfont.woff2?v=5.8.55 - -
2024-01-18 09:59:07.998 +02:00 [INF] The file /assets/fonts/materialdesignicons-webfont.woff2 was not modified
2024-01-18 09:59:07.998 +02:00 [INF] The file /assets/fonts/fa-solid-900.woff2 was not modified
2024-01-18 09:59:07.998 +02:00 [INF] Request finished HTTP/2 GET https://localhost:7208/assets/fonts/fa-solid-900.woff2 - - - 304 - font/woff2 0.7050ms
2024-01-18 09:59:07.998 +02:00 [INF] Request finished HTTP/2 GET https://localhost:7208/assets/fonts/materialdesignicons-webfont.woff2?v=5.8.55 - - - 304 - font/woff2 0.6949ms
2024-01-18 09:59:12.260 +02:00 [INF] Request starting HTTP/2 GET https://localhost:7208/Home/Detail/52 - -
2024-01-18 09:59:12.263 +02:00 [INF] Executing endpoint 'ISQuiz.Controllers.HomeController.Detail (ISQuiz)'
2024-01-18 09:59:12.264 +02:00 [INF] Route matched with {action = "Detail", controller = "Home"}. Executing controller action with signature Microsoft.AspNetCore.Mvc.IActionResult Detail(Int32) on controller ISQuiz.Controllers.HomeController (ISQuiz).
2024-01-18 09:59:12.265 +02:00 [INF] GetLanguageCookie BaseController
2024-01-18 09:59:12.266 +02:00 [INF] Executing ViewResult, running view ~/Views/Home/Detail.cshtml.
2024-01-18 09:59:12.276 +02:00 [INF] Executed ViewResult - view ~/Views/Home/Detail.cshtml executed in 10.5018ms.
2024-01-18 09:59:12.276 +02:00 [INF] Executed action ISQuiz.Controllers.HomeController.Detail (ISQuiz) in 11.6734ms
2024-01-18 09:59:12.276 +02:00 [INF] Executed endpoint 'ISQuiz.Controllers.HomeController.Detail (ISQuiz)'
2024-01-18 09:59:12.276 +02:00 [INF] Request finished HTTP/2 GET https://localhost:7208/Home/Detail/52 - - - 200 - text/html;+charset=utf-8 15.8683ms
2024-01-18 09:59:12.285 +02:00 [INF] Request starting HTTP/2 GET https://localhost:7208/_vs/browserLink - -
2024-01-18 09:59:12.285 +02:00 [INF] Request starting HTTP/2 GET https://localhost:7208/_framework/aspnetcore-browser-refresh.js - -
2024-01-18 09:59:12.285 +02:00 [INF] Request finished HTTP/2 GET https://localhost:7208/_framework/aspnetcore-browser-refresh.js - - - 200 13748 application/javascript;+charset=utf-8 0.3253ms
2024-01-18 09:59:12.290 +02:00 [INF] Request finished HTTP/2 GET https://localhost:7208/_vs/browserLink - - - 200 - text/javascript;+charset=UTF-8 5.0447ms
2024-01-18 09:59:12.303 +02:00 [INF] Request starting HTTP/2 GET https://localhost:7208/Home/GetInfoQuestionnaire/52?_=1705564752295 - -
2024-01-18 09:59:12.303 +02:00 [INF] Request starting HTTP/2 GET https://localhost:7208/Home/QuestionnaireStatistic/52?_=1705564752296 - -
2024-01-18 09:59:12.310 +02:00 [INF] Executing endpoint 'ISQuiz.Controllers.HomeController.GetInfoQuestionnaire (ISQuiz)'
2024-01-18 09:59:12.310 +02:00 [INF] Executing endpoint 'ISQuiz.Controllers.HomeController.QuestionnaireStatistic (ISQuiz)'
2024-01-18 09:59:12.312 +02:00 [INF] Route matched with {action = "QuestionnaireStatistic", controller = "Home"}. Executing controller action with signature System.Threading.Tasks.Task`1[Microsoft.AspNetCore.Mvc.IActionResult] QuestionnaireStatistic(Int32) on controller ISQuiz.Controllers.HomeController (ISQuiz).
2024-01-18 09:59:12.312 +02:00 [INF] Route matched with {action = "GetInfoQuestionnaire", controller = "Home"}. Executing controller action with signature System.Threading.Tasks.Task`1[Microsoft.AspNetCore.Mvc.IActionResult] GetInfoQuestionnaire(Int32) on controller ISQuiz.Controllers.HomeController (ISQuiz).
2024-01-18 09:59:12.314 +02:00 [INF] GetInfoQuestionnaire method called. Id = 52
2024-01-18 09:59:12.314 +02:00 [INF] QuestionnaireStatistic method called. Id = 52
2024-01-18 09:59:12.314 +02:00 [INF] GetToken BaseController
2024-01-18 09:59:12.315 +02:00 [INF] GetToken BaseController
2024-01-18 09:59:12.335 +02:00 [INF] Request starting HTTP/2 GET https://localhost:7208/Home/Detail/assets/css/bootstrap.min.css - -
2024-01-18 09:59:12.335 +02:00 [INF] Request starting HTTP/2 GET https://localhost:7208/Home/Detail/assets/css/app.min.css - -
2024-01-18 09:59:12.336 +02:00 [INF] Request finished HTTP/2 GET https://localhost:7208/Home/Detail/assets/css/bootstrap.min.css - - - 404 0 - 1.0029ms
2024-01-18 09:59:12.336 +02:00 [INF] Request finished HTTP/2 GET https://localhost:7208/Home/Detail/assets/css/app.min.css - - - 404 0 - 0.9583ms
2024-01-18 09:59:12.339 +02:00 [INF] GetLanguageCookie BaseController
2024-01-18 09:59:12.341 +02:00 [INF] Executing PartialViewResult, running view ~/Views/Home/_Info.cshtml.
2024-01-18 09:59:12.342 +02:00 [INF] GetLanguageCookie BaseController
2024-01-18 09:59:12.342 +02:00 [INF] Executing PartialViewResult, running view ~/Views/Home/_Statistic.cshtml.
2024-01-18 09:59:12.346 +02:00 [INF] Executed PartialViewResult - view ~/Views/Home/_Statistic.cshtml executed in 4.2164ms.
2024-01-18 09:59:12.346 +02:00 [INF] Executed action ISQuiz.Controllers.HomeController.QuestionnaireStatistic (ISQuiz) in 33.8798ms
2024-01-18 09:59:12.346 +02:00 [INF] Executed endpoint 'ISQuiz.Controllers.HomeController.QuestionnaireStatistic (ISQuiz)'
2024-01-18 09:59:12.346 +02:00 [INF] Request finished HTTP/2 GET https://localhost:7208/Home/QuestionnaireStatistic/52?_=1705564752296 - - - 200 - text/html;+charset=utf-8 43.7364ms
2024-01-18 09:59:12.352 +02:00 [INF] Request starting HTTP/2 GET https://localhost:7208/assets/libs/apexcharts/apexcharts.min.js - -
2024-01-18 09:59:12.354 +02:00 [INF] Executed PartialViewResult - view ~/Views/Home/_Info.cshtml executed in 14.0938ms.
2024-01-18 09:59:12.354 +02:00 [INF] Executed action ISQuiz.Controllers.HomeController.GetInfoQuestionnaire (ISQuiz) in 42.1918ms
2024-01-18 09:59:12.355 +02:00 [INF] Executed endpoint 'ISQuiz.Controllers.HomeController.GetInfoQuestionnaire (ISQuiz)'
2024-01-18 09:59:12.355 +02:00 [INF] Request finished HTTP/2 GET https://localhost:7208/Home/GetInfoQuestionnaire/52?_=1705564752295 - - - 200 - text/html;+charset=utf-8 52.0627ms
2024-01-18 09:59:12.408 +02:00 [INF] Sending file. Request path: '/assets/libs/apexcharts/apexcharts.min.js'. Physical path: 'C:\Users\User\Desktop\Новая папка\Quiz\WebApplication2\wwwroot\assets\libs\apexcharts\apexcharts.min.js'
2024-01-18 09:59:12.409 +02:00 [INF] Request finished HTTP/2 GET https://localhost:7208/assets/libs/apexcharts/apexcharts.min.js - - - 200 470227 application/javascript 56.3303ms
2024-01-18 09:59:12.438 +02:00 [INF] Request starting HTTP/2 GET https://localhost:7208/js/Home/InfoQuestionnaire.js - -
2024-01-18 09:59:12.448 +02:00 [INF] Sending file. Request path: '/js/Home/InfoQuestionnaire.js'. Physical path: 'C:\Users\User\Desktop\Новая папка\Quiz\WebApplication2\wwwroot\js\Home\InfoQuestionnaire.js'
2024-01-18 09:59:12.448 +02:00 [INF] Request finished HTTP/2 GET https://localhost:7208/js/Home/InfoQuestionnaire.js - - - 200 1288 application/javascript 10.1254ms
2024-01-18 09:59:12.451 +02:00 [INF] Request starting HTTP/2 GET https://localhost:7208/Home/GetQuestions/52?_=1705564752297 - -
2024-01-18 09:59:12.452 +02:00 [INF] Executing endpoint 'ISQuiz.Controllers.HomeController.GetQuestions (ISQuiz)'
2024-01-18 09:59:12.456 +02:00 [INF] Route matched with {action = "GetQuestions", controller = "Home"}. Executing controller action with signature System.Threading.Tasks.Task`1[Microsoft.AspNetCore.Mvc.IActionResult] GetQuestions(Int32) on controller ISQuiz.Controllers.HomeController (ISQuiz).
2024-01-18 09:59:12.457 +02:00 [INF] GetQuestions method called. Id = 52
2024-01-18 09:59:12.458 +02:00 [INF] GetToken BaseController
2024-01-18 09:59:12.491 +02:00 [INF] GetLanguageCookie BaseController
2024-01-18 09:59:12.491 +02:00 [INF] Executing PartialViewResult, running view ~/Views/Home/_Questions.cshtml.
2024-01-18 09:59:12.494 +02:00 [INF] Executed PartialViewResult - view ~/Views/Home/_Questions.cshtml executed in 3.4578ms.
2024-01-18 09:59:12.494 +02:00 [INF] Executed action ISQuiz.Controllers.HomeController.GetQuestions (ISQuiz) in 38.3745ms
2024-01-18 09:59:12.494 +02:00 [INF] Executed endpoint 'ISQuiz.Controllers.HomeController.GetQuestions (ISQuiz)'
2024-01-18 09:59:12.494 +02:00 [INF] Request finished HTTP/2 GET https://localhost:7208/Home/GetQuestions/52?_=1705564752297 - - - 200 - text/html;+charset=utf-8 43.9342ms
2024-01-18 09:59:20.203 +02:00 [INF] Request starting HTTP/2 GET https://localhost:7208/_framework/aspnetcore-browser-refresh.js - -
2024-01-18 09:59:20.204 +02:00 [INF] Request finished HTTP/2 GET https://localhost:7208/_framework/aspnetcore-browser-refresh.js - - - 200 13748 application/javascript;+charset=utf-8 0.2108ms
2024-01-18 09:59:23.141 +02:00 [INF] Request starting HTTP/2 GET https://localhost:7208/Home/Detail/30 - -
2024-01-18 09:59:23.142 +02:00 [INF] Executing endpoint 'ISQuiz.Controllers.HomeController.Detail (ISQuiz)'
2024-01-18 09:59:23.142 +02:00 [INF] Route matched with {action = "Detail", controller = "Home"}. Executing controller action with signature Microsoft.AspNetCore.Mvc.IActionResult Detail(Int32) on controller ISQuiz.Controllers.HomeController (ISQuiz).
2024-01-18 09:59:23.143 +02:00 [INF] GetLanguageCookie BaseController
2024-01-18 09:59:23.143 +02:00 [INF] Executing ViewResult, running view ~/Views/Home/Detail.cshtml.
2024-01-18 09:59:23.144 +02:00 [INF] Executed ViewResult - view ~/Views/Home/Detail.cshtml executed in 0.9118ms.
2024-01-18 09:59:23.144 +02:00 [INF] Executed action ISQuiz.Controllers.HomeController.Detail (ISQuiz) in 1.26ms
2024-01-18 09:59:23.144 +02:00 [INF] Executed endpoint 'ISQuiz.Controllers.HomeController.Detail (ISQuiz)'
2024-01-18 09:59:23.144 +02:00 [INF] Request finished HTTP/2 GET https://localhost:7208/Home/Detail/30 - - - 200 - text/html;+charset=utf-8 3.1365ms
2024-01-18 09:59:23.152 +02:00 [INF] Request starting HTTP/2 GET https://localhost:7208/_framework/aspnetcore-browser-refresh.js - -
2024-01-18 09:59:23.152 +02:00 [INF] Request starting HTTP/2 GET https://localhost:7208/_vs/browserLink - -
2024-01-18 09:59:23.152 +02:00 [INF] Request finished HTTP/2 GET https://localhost:7208/_framework/aspnetcore-browser-refresh.js - - - 200 13748 application/javascript;+charset=utf-8 0.2931ms
2024-01-18 09:59:23.154 +02:00 [INF] Request finished HTTP/2 GET https://localhost:7208/_vs/browserLink - - - 200 - text/javascript;+charset=UTF-8 1.9953ms
2024-01-18 09:59:23.170 +02:00 [INF] Request starting HTTP/2 GET https://localhost:7208/Home/GetInfoQuestionnaire/30?_=1705564763165 - -
2024-01-18 09:59:23.170 +02:00 [INF] Request starting HTTP/2 GET https://localhost:7208/Home/QuestionnaireStatistic/30?_=1705564763166 - -
2024-01-18 09:59:23.172 +02:00 [INF] Executing endpoint 'ISQuiz.Controllers.HomeController.GetInfoQuestionnaire (ISQuiz)'
2024-01-18 09:59:23.172 +02:00 [INF] Executing endpoint 'ISQuiz.Controllers.HomeController.QuestionnaireStatistic (ISQuiz)'
2024-01-18 09:59:23.172 +02:00 [INF] Route matched with {action = "QuestionnaireStatistic", controller = "Home"}. Executing controller action with signature System.Threading.Tasks.Task`1[Microsoft.AspNetCore.Mvc.IActionResult] QuestionnaireStatistic(Int32) on controller ISQuiz.Controllers.HomeController (ISQuiz).
2024-01-18 09:59:23.172 +02:00 [INF] Route matched with {action = "GetInfoQuestionnaire", controller = "Home"}. Executing controller action with signature System.Threading.Tasks.Task`1[Microsoft.AspNetCore.Mvc.IActionResult] GetInfoQuestionnaire(Int32) on controller ISQuiz.Controllers.HomeController (ISQuiz).
2024-01-18 09:59:23.172 +02:00 [INF] GetInfoQuestionnaire method called. Id = 30
2024-01-18 09:59:23.172 +02:00 [INF] QuestionnaireStatistic method called. Id = 30
2024-01-18 09:59:23.172 +02:00 [INF] GetToken BaseController
2024-01-18 09:59:23.172 +02:00 [INF] GetToken BaseController
2024-01-18 09:59:23.192 +02:00 [INF] GetLanguageCookie BaseController
2024-01-18 09:59:23.192 +02:00 [INF] Executing PartialViewResult, running view ~/Views/Home/_Info.cshtml.
2024-01-18 09:59:23.193 +02:00 [INF] Executed PartialViewResult - view ~/Views/Home/_Info.cshtml executed in 0.5369ms.
2024-01-18 09:59:23.193 +02:00 [INF] Executed action ISQuiz.Controllers.HomeController.GetInfoQuestionnaire (ISQuiz) in 20.8467ms
2024-01-18 09:59:23.193 +02:00 [INF] Executed endpoint 'ISQuiz.Controllers.HomeController.GetInfoQuestionnaire (ISQuiz)'
2024-01-18 09:59:23.193 +02:00 [INF] Request finished HTTP/2 GET https://localhost:7208/Home/GetInfoQuestionnaire/30?_=1705564763165 - - - 200 - text/html;+charset=utf-8 22.9469ms
2024-01-18 09:59:23.197 +02:00 [INF] GetLanguageCookie BaseController
2024-01-18 09:59:23.197 +02:00 [INF] Executing PartialViewResult, running view ~/Views/Home/_Statistic.cshtml.
2024-01-18 09:59:23.197 +02:00 [INF] Executed PartialViewResult - view ~/Views/Home/_Statistic.cshtml executed in 0.3222ms.
2024-01-18 09:59:23.197 +02:00 [INF] Executed action ISQuiz.Controllers.HomeController.QuestionnaireStatistic (ISQuiz) in 25.4563ms
2024-01-18 09:59:23.197 +02:00 [INF] Executed endpoint 'ISQuiz.Controllers.HomeController.QuestionnaireStatistic (ISQuiz)'
2024-01-18 09:59:23.197 +02:00 [INF] Request finished HTTP/2 GET https://localhost:7208/Home/QuestionnaireStatistic/30?_=1705564763166 - - - 200 - text/html;+charset=utf-8 27.5506ms
2024-01-18 09:59:23.215 +02:00 [INF] Request starting HTTP/2 GET https://localhost:7208/Home/GetQuestions/30?_=1705564763167 - -
2024-01-18 09:59:23.216 +02:00 [INF] Executing endpoint 'ISQuiz.Controllers.HomeController.GetQuestions (ISQuiz)'
2024-01-18 09:59:23.216 +02:00 [INF] Route matched with {action = "GetQuestions", controller = "Home"}. Executing controller action with signature System.Threading.Tasks.Task`1[Microsoft.AspNetCore.Mvc.IActionResult] GetQuestions(Int32) on controller ISQuiz.Controllers.HomeController (ISQuiz).
2024-01-18 09:59:23.216 +02:00 [INF] GetQuestions method called. Id = 30
2024-01-18 09:59:23.216 +02:00 [INF] GetToken BaseController
2024-01-18 09:59:23.217 +02:00 [INF] Request starting HTTP/2 GET https://localhost:7208/Home/Detail/assets/css/bootstrap.min.css - -
2024-01-18 09:59:23.217 +02:00 [INF] Request starting HTTP/2 GET https://localhost:7208/Home/Detail/assets/css/app.min.css - -
2024-01-18 09:59:23.219 +02:00 [INF] Request finished HTTP/2 GET https://localhost:7208/Home/Detail/assets/css/app.min.css - - - 404 0 - 1.8760ms
2024-01-18 09:59:23.219 +02:00 [INF] Request finished HTTP/2 GET https://localhost:7208/Home/Detail/assets/css/bootstrap.min.css - - - 404 0 - 2.0138ms
2024-01-18 09:59:23.376 +02:00 [INF] GetLanguageCookie BaseController
2024-01-18 09:59:23.376 +02:00 [INF] Executing PartialViewResult, running view ~/Views/Home/_Questions.cshtml.
2024-01-18 09:59:23.376 +02:00 [INF] Executed PartialViewResult - view ~/Views/Home/_Questions.cshtml executed in 0.3235ms.
2024-01-18 09:59:23.376 +02:00 [INF] Executed action ISQuiz.Controllers.HomeController.GetQuestions (ISQuiz) in 160.1884ms
2024-01-18 09:59:23.376 +02:00 [INF] Executed endpoint 'ISQuiz.Controllers.HomeController.GetQuestions (ISQuiz)'
2024-01-18 09:59:23.376 +02:00 [INF] Request finished HTTP/2 GET https://localhost:7208/Home/GetQuestions/30?_=1705564763167 - - - 200 - text/html;+charset=utf-8 161.8169ms
2024-01-18 09:59:31.669 +02:00 [INF] Request starting HTTP/2 GET https://localhost:7208/License - -
2024-01-18 09:59:31.670 +02:00 [INF] Executing endpoint 'ISQuiz.Controllers.LicenseController.Index (ISQuiz)'
2024-01-18 09:59:31.672 +02:00 [INF] Route matched with {action = "Index", controller = "License"}. Executing controller action with signature System.Threading.Tasks.Task`1[Microsoft.AspNetCore.Mvc.IActionResult] Index() on controller ISQuiz.Controllers.LicenseController (ISQuiz).
2024-01-18 09:59:31.674 +02:00 [INF] License.Index method called.
2024-01-18 09:59:31.674 +02:00 [INF] GetToken BaseController
2024-01-18 09:59:31.696 +02:00 [INF] Executing ViewResult, running view ~/Views/License/Index.cshtml.
2024-01-18 09:59:31.701 +02:00 [INF] Executed ViewResult - view ~/Views/License/Index.cshtml executed in 4.8163ms.
2024-01-18 09:59:31.701 +02:00 [INF] Executed action ISQuiz.Controllers.LicenseController.Index (ISQuiz) in 28.3845ms
2024-01-18 09:59:31.701 +02:00 [INF] Executed endpoint 'ISQuiz.Controllers.LicenseController.Index (ISQuiz)'
2024-01-18 09:59:31.701 +02:00 [INF] Request finished HTTP/2 GET https://localhost:7208/License - - - 200 - text/html;+charset=utf-8 32.0022ms
2024-01-18 09:59:31.709 +02:00 [INF] Request starting HTTP/2 GET https://localhost:7208/_framework/aspnetcore-browser-refresh.js - -
2024-01-18 09:59:31.709 +02:00 [INF] Request finished HTTP/2 GET https://localhost:7208/_framework/aspnetcore-browser-refresh.js - - - 200 13748 application/javascript;+charset=utf-8 0.3209ms
2024-01-18 09:59:31.717 +02:00 [INF] Request starting HTTP/2 GET https://localhost:7208/_vs/browserLink - -
2024-01-18 09:59:31.719 +02:00 [INF] Request finished HTTP/2 GET https://localhost:7208/_vs/browserLink - - - 200 - text/javascript;+charset=UTF-8 2.0378ms
2024-01-18 09:59:31.730 +02:00 [INF] Request starting HTTP/2 GET https://localhost:7208/License/CreateLicence?_=1705564771726 - -
2024-01-18 09:59:31.731 +02:00 [INF] Executing endpoint 'ISQuiz.Controllers.LicenseController.CreateLicence (ISQuiz)'
2024-01-18 09:59:31.732 +02:00 [INF] Route matched with {action = "CreateLicence", controller = "License"}. Executing controller action with signature Microsoft.AspNetCore.Mvc.IActionResult CreateLicence() on controller ISQuiz.Controllers.LicenseController (ISQuiz).
2024-01-18 09:59:31.733 +02:00 [INF] Executing PartialViewResult, running view ~/Views/License/_CreateLicence.cshtml.
2024-01-18 09:59:31.747 +02:00 [INF] Executed PartialViewResult - view ~/Views/License/_CreateLicence.cshtml executed in 14.6037ms.
2024-01-18 09:59:31.747 +02:00 [INF] Executed action ISQuiz.Controllers.LicenseController.CreateLicence (ISQuiz) in 14.8523ms
2024-01-18 09:59:31.747 +02:00 [INF] Executed endpoint 'ISQuiz.Controllers.LicenseController.CreateLicence (ISQuiz)'
2024-01-18 09:59:31.747 +02:00 [INF] Request finished HTTP/2 GET https://localhost:7208/License/CreateLicence?_=1705564771726 - - - 200 - text/html;+charset=utf-8 17.0841ms
2024-01-18 09:59:36.644 +02:00 [INF] Request starting HTTP/2 GET https://localhost:7208/ - -
2024-01-18 09:59:36.646 +02:00 [INF] Executing endpoint 'ISQuiz.Controllers.HomeController.Index (ISQuiz)'
2024-01-18 09:59:36.646 +02:00 [INF] Route matched with {action = "Index", controller = "Home"}. Executing controller action with signature System.Threading.Tasks.Task`1[Microsoft.AspNetCore.Mvc.IActionResult] Index() on controller ISQuiz.Controllers.HomeController (ISQuiz).
2024-01-18 09:59:36.646 +02:00 [INF] Home.Index method called.
2024-01-18 09:59:36.646 +02:00 [INF] GetToken BaseController
2024-01-18 09:59:36.677 +02:00 [INF] GetLanguageCookie BaseController
2024-01-18 09:59:36.677 +02:00 [INF] Executing ViewResult, running view ~/Views/Home/Index.cshtml.
2024-01-18 09:59:36.678 +02:00 [INF] Executed ViewResult - view ~/Views/Home/Index.cshtml executed in 0.8386ms.
2024-01-18 09:59:36.678 +02:00 [INF] Executed action ISQuiz.Controllers.HomeController.Index (ISQuiz) in 31.4353ms
2024-01-18 09:59:36.678 +02:00 [INF] Executed endpoint 'ISQuiz.Controllers.HomeController.Index (ISQuiz)'
2024-01-18 09:59:36.678 +02:00 [INF] Request finished HTTP/2 GET https://localhost:7208/ - - - 200 - text/html;+charset=utf-8 33.3758ms
2024-01-18 09:59:36.686 +02:00 [INF] Request starting HTTP/2 GET https://localhost:7208/_framework/aspnetcore-browser-refresh.js - -
2024-01-18 09:59:36.686 +02:00 [INF] Request starting HTTP/2 GET https://localhost:7208/_vs/browserLink - -
2024-01-18 09:59:36.686 +02:00 [INF] Request finished HTTP/2 GET https://localhost:7208/_framework/aspnetcore-browser-refresh.js - - - 200 13748 application/javascript;+charset=utf-8 0.4537ms
2024-01-18 09:59:36.689 +02:00 [INF] Request finished HTTP/2 GET https://localhost:7208/_vs/browserLink - - - 200 - text/javascript;+charset=UTF-8 2.3030ms
2024-01-18 09:59:44.397 +02:00 [INF] Request starting HTTP/2 GET https://localhost:7208/License - -
2024-01-18 09:59:44.398 +02:00 [INF] Executing endpoint 'ISQuiz.Controllers.LicenseController.Index (ISQuiz)'
2024-01-18 09:59:44.398 +02:00 [INF] Route matched with {action = "Index", controller = "License"}. Executing controller action with signature System.Threading.Tasks.Task`1[Microsoft.AspNetCore.Mvc.IActionResult] Index() on controller ISQuiz.Controllers.LicenseController (ISQuiz).
2024-01-18 09:59:44.399 +02:00 [INF] License.Index method called.
2024-01-18 09:59:44.399 +02:00 [INF] GetToken BaseController
2024-01-18 09:59:44.433 +02:00 [INF] Executing ViewResult, running view ~/Views/License/Index.cshtml.
2024-01-18 09:59:44.434 +02:00 [INF] Executed ViewResult - view ~/Views/License/Index.cshtml executed in 0.8937ms.
2024-01-18 09:59:44.434 +02:00 [INF] Executed action ISQuiz.Controllers.LicenseController.Index (ISQuiz) in 36.1178ms
2024-01-18 09:59:44.434 +02:00 [INF] Executed endpoint 'ISQuiz.Controllers.LicenseController.Index (ISQuiz)'
2024-01-18 09:59:44.435 +02:00 [INF] Request finished HTTP/2 GET https://localhost:7208/License - - - 200 - text/html;+charset=utf-8 37.6536ms
2024-01-18 09:59:44.443 +02:00 [INF] Request starting HTTP/2 GET https://localhost:7208/_framework/aspnetcore-browser-refresh.js - -
2024-01-18 09:59:44.443 +02:00 [INF] Request starting HTTP/2 GET https://localhost:7208/_vs/browserLink - -
2024-01-18 09:59:44.443 +02:00 [INF] Request finished HTTP/2 GET https://localhost:7208/_framework/aspnetcore-browser-refresh.js - - - 200 13748 application/javascript;+charset=utf-8 0.2668ms
2024-01-18 09:59:44.448 +02:00 [INF] Request finished HTTP/2 GET https://localhost:7208/_vs/browserLink - - - 200 - text/javascript;+charset=UTF-8 4.5961ms
2024-01-18 09:59:44.459 +02:00 [INF] Request starting HTTP/2 GET https://localhost:7208/License/CreateLicence?_=1705564784455 - -
2024-01-18 09:59:44.462 +02:00 [INF] Executing endpoint 'ISQuiz.Controllers.LicenseController.CreateLicence (ISQuiz)'
2024-01-18 09:59:44.462 +02:00 [INF] Route matched with {action = "CreateLicence", controller = "License"}. Executing controller action with signature Microsoft.AspNetCore.Mvc.IActionResult CreateLicence() on controller ISQuiz.Controllers.LicenseController (ISQuiz).
2024-01-18 09:59:44.462 +02:00 [INF] Executing PartialViewResult, running view ~/Views/License/_CreateLicence.cshtml.
2024-01-18 09:59:44.463 +02:00 [INF] Executed PartialViewResult - view ~/Views/License/_CreateLicence.cshtml executed in 0.7104ms.
2024-01-18 09:59:44.463 +02:00 [INF] Executed action ISQuiz.Controllers.LicenseController.CreateLicence (ISQuiz) in 0.8015ms
2024-01-18 09:59:44.463 +02:00 [INF] Executed endpoint 'ISQuiz.Controllers.LicenseController.CreateLicence (ISQuiz)'
2024-01-18 09:59:44.463 +02:00 [INF] Request finished HTTP/2 GET https://localhost:7208/License/CreateLicence?_=1705564784455 - - - 200 - text/html;+charset=utf-8 3.9480ms
2024-01-18 09:59:46.124 +02:00 [INF] Request starting HTTP/2 GET https://localhost:7208/License/Detail/91c9fce5-a809-4996-bfe2-3468d785c2ea?_=1705564784456 - -
2024-01-18 09:59:46.125 +02:00 [INF] Executing endpoint 'ISQuiz.Controllers.LicenseController.Detail (ISQuiz)'
2024-01-18 09:59:46.128 +02:00 [INF] Route matched with {action = "Detail", controller = "License"}. Executing controller action with signature System.Threading.Tasks.Task`1[Microsoft.AspNetCore.Mvc.IActionResult] Detail(System.String) on controller ISQuiz.Controllers.LicenseController (ISQuiz).
2024-01-18 09:59:46.129 +02:00 [INF] License.Detail method called.
2024-01-18 09:59:46.129 +02:00 [INF] GetToken BaseController
2024-01-18 09:59:46.147 +02:00 [INF] Executing PartialViewResult, running view ~/Views/License/Detail.cshtml.
2024-01-18 09:59:46.154 +02:00 [INF] Executed PartialViewResult - view ~/Views/License/Detail.cshtml executed in 6.8207ms.
2024-01-18 09:59:46.154 +02:00 [INF] Executed action ISQuiz.Controllers.LicenseController.Detail (ISQuiz) in 26.0453ms
2024-01-18 09:59:46.154 +02:00 [INF] Executed endpoint 'ISQuiz.Controllers.LicenseController.Detail (ISQuiz)'
2024-01-18 09:59:46.154 +02:00 [INF] Request finished HTTP/2 GET https://localhost:7208/License/Detail/91c9fce5-a809-4996-bfe2-3468d785c2ea?_=1705564784456 - - - 200 - text/html;+charset=utf-8 29.9531ms
2024-01-18 09:59:48.172 +02:00 [INF] Request starting HTTP/2 GET https://localhost:7208/License/Detail/9903a49e-111e-448a-ab2c-eff9f431029a?_=1705564784457 - -
2024-01-18 09:59:48.173 +02:00 [INF] Executing endpoint 'ISQuiz.Controllers.LicenseController.Detail (ISQuiz)'
2024-01-18 09:59:48.173 +02:00 [INF] Route matched with {action = "Detail", controller = "License"}. Executing controller action with signature System.Threading.Tasks.Task`1[Microsoft.AspNetCore.Mvc.IActionResult] Detail(System.String) on controller ISQuiz.Controllers.LicenseController (ISQuiz).
2024-01-18 09:59:48.174 +02:00 [INF] License.Detail method called.
2024-01-18 09:59:48.174 +02:00 [INF] GetToken BaseController
2024-01-18 09:59:48.223 +02:00 [INF] Executing PartialViewResult, running view ~/Views/License/Detail.cshtml.
2024-01-18 09:59:48.224 +02:00 [INF] Executed PartialViewResult - view ~/Views/License/Detail.cshtml executed in 0.5812ms.
2024-01-18 09:59:48.224 +02:00 [INF] Executed action ISQuiz.Controllers.LicenseController.Detail (ISQuiz) in 50.4858ms
2024-01-18 09:59:48.224 +02:00 [INF] Executed endpoint 'ISQuiz.Controllers.LicenseController.Detail (ISQuiz)'
2024-01-18 09:59:48.224 +02:00 [INF] Request finished HTTP/2 GET https://localhost:7208/License/Detail/9903a49e-111e-448a-ab2c-eff9f431029a?_=1705564784457 - - - 200 - text/html;+charset=utf-8 52.3494ms
2024-01-18 09:59:50.604 +02:00 [INF] Request starting HTTP/2 GET https://localhost:7208/License/Detail/e767c86b-8091-440b-8161-4cd1ba2c44d9?_=1705564784458 - -
2024-01-18 09:59:50.605 +02:00 [INF] Executing endpoint 'ISQuiz.Controllers.LicenseController.Detail (ISQuiz)'
2024-01-18 09:59:50.605 +02:00 [INF] Route matched with {action = "Detail", controller = "License"}. Executing controller action with signature System.Threading.Tasks.Task`1[Microsoft.AspNetCore.Mvc.IActionResult] Detail(System.String) on controller ISQuiz.Controllers.LicenseController (ISQuiz).
2024-01-18 09:59:50.605 +02:00 [INF] License.Detail method called.
2024-01-18 09:59:50.605 +02:00 [INF] GetToken BaseController
2024-01-18 09:59:50.655 +02:00 [INF] Executing PartialViewResult, running view ~/Views/License/Detail.cshtml.
2024-01-18 09:59:50.656 +02:00 [INF] Executed PartialViewResult - view ~/Views/License/Detail.cshtml executed in 0.7228ms.
2024-01-18 09:59:50.656 +02:00 [INF] Executed action ISQuiz.Controllers.LicenseController.Detail (ISQuiz) in 50.3533ms
2024-01-18 09:59:50.656 +02:00 [INF] Executed endpoint 'ISQuiz.Controllers.LicenseController.Detail (ISQuiz)'
2024-01-18 09:59:50.656 +02:00 [INF] Request finished HTTP/2 GET https://localhost:7208/License/Detail/e767c86b-8091-440b-8161-4cd1ba2c44d9?_=1705564784458 - - - 200 - text/html;+charset=utf-8 51.8887ms
2024-01-18 09:59:53.444 +02:00 [INF] Request starting HTTP/2 GET https://localhost:7208/ - -
2024-01-18 09:59:53.445 +02:00 [INF] Executing endpoint 'ISQuiz.Controllers.HomeController.Index (ISQuiz)'
2024-01-18 09:59:53.445 +02:00 [INF] Route matched with {action = "Index", controller = "Home"}. Executing controller action with signature System.Threading.Tasks.Task`1[Microsoft.AspNetCore.Mvc.IActionResult] Index() on controller ISQuiz.Controllers.HomeController (ISQuiz).
2024-01-18 09:59:53.446 +02:00 [INF] Home.Index method called.
2024-01-18 09:59:53.446 +02:00 [INF] GetToken BaseController
2024-01-18 09:59:53.482 +02:00 [INF] GetLanguageCookie BaseController
2024-01-18 09:59:53.482 +02:00 [INF] Executing ViewResult, running view ~/Views/Home/Index.cshtml.
2024-01-18 09:59:53.483 +02:00 [INF] Executed ViewResult - view ~/Views/Home/Index.cshtml executed in 1.4188ms.
2024-01-18 09:59:53.484 +02:00 [INF] Executed action ISQuiz.Controllers.HomeController.Index (ISQuiz) in 38.0178ms
2024-01-18 09:59:53.484 +02:00 [INF] Executed endpoint 'ISQuiz.Controllers.HomeController.Index (ISQuiz)'
2024-01-18 09:59:53.484 +02:00 [INF] Request finished HTTP/2 GET https://localhost:7208/ - - - 200 - text/html;+charset=utf-8 39.5975ms
2024-01-18 09:59:53.493 +02:00 [INF] Request starting HTTP/2 GET https://localhost:7208/_framework/aspnetcore-browser-refresh.js - -
2024-01-18 09:59:53.493 +02:00 [INF] Request finished HTTP/2 GET https://localhost:7208/_framework/aspnetcore-browser-refresh.js - - - 200 13748 application/javascript;+charset=utf-8 0.2212ms
2024-01-18 09:59:53.498 +02:00 [INF] Request starting HTTP/2 GET https://localhost:7208/_vs/browserLink - -
2024-01-18 09:59:53.500 +02:00 [INF] Request finished HTTP/2 GET https://localhost:7208/_vs/browserLink - - - 200 - text/javascript;+charset=UTF-8 1.9477ms
2024-01-18 10:00:24.399 +02:00 [INF] Request starting HTTP/2 GET https://localhost:7208/User/Settings - -
2024-01-18 10:00:24.403 +02:00 [INF] Executing endpoint 'ISQuiz.Controllers.UserController.Settings (ISQuiz)'
2024-01-18 10:00:24.405 +02:00 [INF] Route matched with {action = "Settings", controller = "User"}. Executing controller action with signature System.Threading.Tasks.Task`1[Microsoft.AspNetCore.Mvc.IActionResult] Settings() on controller ISQuiz.Controllers.UserController (ISQuiz).
2024-01-18 10:00:24.406 +02:00 [INF] User.Settings method called.
2024-01-18 10:00:24.406 +02:00 [INF] GetToken BaseController
2024-01-18 10:00:24.428 +02:00 [INF] RefreshToken BaseController
2024-01-18 10:00:24.451 +02:00 [INF] AuthenticationScheme: Cookies signed out.
2024-01-18 10:00:24.451 +02:00 [INF] AuthenticationScheme: Cookies signed in.
2024-01-18 10:00:24.451 +02:00 [INF] User.Settings method called.
2024-01-18 10:00:24.451 +02:00 [INF] GetToken BaseController
2024-01-18 10:00:24.461 +02:00 [INF] Executing ViewResult, running view ~/Views/User/Settings.cshtml.
2024-01-18 10:00:24.472 +02:00 [INF] Executed ViewResult - view ~/Views/User/Settings.cshtml executed in 12.4666ms.
2024-01-18 10:00:24.473 +02:00 [INF] Executed action ISQuiz.Controllers.UserController.Settings (ISQuiz) in 67.3431ms
2024-01-18 10:00:24.473 +02:00 [INF] Executed endpoint 'ISQuiz.Controllers.UserController.Settings (ISQuiz)'
2024-01-18 10:00:24.473 +02:00 [INF] Request finished HTTP/2 GET https://localhost:7208/User/Settings - - - 200 - text/html;+charset=utf-8 73.7021ms
2024-01-18 10:00:24.482 +02:00 [INF] Request starting HTTP/2 GET https://localhost:7208/_framework/aspnetcore-browser-refresh.js - -
2024-01-18 10:00:24.482 +02:00 [INF] Request finished HTTP/2 GET https://localhost:7208/_framework/aspnetcore-browser-refresh.js - - - 200 13748 application/javascript;+charset=utf-8 0.2362ms
2024-01-18 10:00:24.491 +02:00 [INF] Request starting HTTP/2 GET https://localhost:7208/_vs/browserLink - -
2024-01-18 10:00:24.493 +02:00 [INF] Request finished HTTP/2 GET https://localhost:7208/_vs/browserLink - - - 200 - text/javascript;+charset=UTF-8 2.1809ms
2024-01-18 10:00:24.504 +02:00 [INF] Request starting HTTP/2 GET https://localhost:7208/User/ChangePassword?_=1705564824501 - -
2024-01-18 10:00:24.506 +02:00 [INF] Executing endpoint 'ISQuiz.Controllers.UserController.ChangePassword (ISQuiz)'
2024-01-18 10:00:24.507 +02:00 [INF] Route matched with {action = "ChangePassword", controller = "User"}. Executing controller action with signature Microsoft.AspNetCore.Mvc.IActionResult ChangePassword() on controller ISQuiz.Controllers.UserController (ISQuiz).
2024-01-18 10:00:24.508 +02:00 [INF] Executing PartialViewResult, running view ~/Views/User/_ChangePassword.cshtml.
2024-01-18 10:00:24.525 +02:00 [INF] Executed PartialViewResult - view ~/Views/User/_ChangePassword.cshtml executed in 17.2674ms.
2024-01-18 10:00:24.525 +02:00 [INF] Executed action ISQuiz.Controllers.UserController.ChangePassword (ISQuiz) in 17.4826ms
2024-01-18 10:00:24.525 +02:00 [INF] Executed endpoint 'ISQuiz.Controllers.UserController.ChangePassword (ISQuiz)'
2024-01-18 10:00:24.525 +02:00 [INF] Request finished HTTP/2 GET https://localhost:7208/User/ChangePassword?_=1705564824501 - - - 200 - text/html;+charset=utf-8 20.7264ms
2024-01-18 10:00:24.536 +02:00 [INF] Request starting HTTP/2 GET https://localhost:7208/User/assets/css/app.min.css - -
2024-01-18 10:00:24.536 +02:00 [INF] Request starting HTTP/2 GET https://localhost:7208/User/assets/css/bootstrap.min.css - -
2024-01-18 10:00:24.536 +02:00 [INF] Request finished HTTP/2 GET https://localhost:7208/User/assets/css/bootstrap.min.css - - - 404 0 - 0.4367ms
2024-01-18 10:00:24.536 +02:00 [INF] Request finished HTTP/2 GET https://localhost:7208/User/assets/css/app.min.css - - - 404 0 - 0.4771ms
2024-01-18 10:00:26.634 +02:00 [INF] Request starting HTTP/2 POST https://localhost:7208/User/ChangePassword application/json;+charset=UTF-8 56
2024-01-18 10:00:26.635 +02:00 [INF] Executing endpoint 'ISQuiz.Controllers.UserController.ChangePassword (ISQuiz)'
2024-01-18 10:00:26.637 +02:00 [INF] Route matched with {action = "ChangePassword", controller = "User"}. Executing controller action with signature System.Threading.Tasks.Task`1[Microsoft.AspNetCore.Mvc.IActionResult] ChangePassword(ISQuiz.ViewModels.ChangeConfirmPasswordViewModel) on controller ISQuiz.Controllers.UserController (ISQuiz).
2024-01-18 10:00:26.655 +02:00 [INF] User.ChangePassword method called.
2024-01-18 10:00:26.655 +02:00 [INF] Executing PartialViewResult, running view ~/Views/User/_ChangePassword.cshtml.
2024-01-18 10:00:26.656 +02:00 [INF] Executed PartialViewResult - view ~/Views/User/_ChangePassword.cshtml executed in 1.1302ms.
2024-01-18 10:00:26.656 +02:00 [INF] Executed action ISQuiz.Controllers.UserController.ChangePassword (ISQuiz) in 18.8994ms
2024-01-18 10:00:26.656 +02:00 [INF] Executed endpoint 'ISQuiz.Controllers.UserController.ChangePassword (ISQuiz)'
2024-01-18 10:00:26.656 +02:00 [INF] Request finished HTTP/2 POST https://localhost:7208/User/ChangePassword application/json;+charset=UTF-8 56 - 200 - text/html;+charset=utf-8 21.6232ms
2024-01-18 10:00:28.021 +02:00 [INF] Request starting HTTP/2 GET https://localhost:7208/ - -
2024-01-18 10:00:28.023 +02:00 [INF] Executing endpoint 'ISQuiz.Controllers.HomeController.Index (ISQuiz)'
2024-01-18 10:00:28.023 +02:00 [INF] Route matched with {action = "Index", controller = "Home"}. Executing controller action with signature System.Threading.Tasks.Task`1[Microsoft.AspNetCore.Mvc.IActionResult] Index() on controller ISQuiz.Controllers.HomeController (ISQuiz).
2024-01-18 10:00:28.023 +02:00 [INF] Home.Index method called.
2024-01-18 10:00:28.023 +02:00 [INF] GetToken BaseController
2024-01-18 10:00:28.063 +02:00 [INF] GetLanguageCookie BaseController
2024-01-18 10:00:28.063 +02:00 [INF] Executing ViewResult, running view ~/Views/Home/Index.cshtml.
2024-01-18 10:00:28.064 +02:00 [INF] Executed ViewResult - view ~/Views/Home/Index.cshtml executed in 0.8375ms.
2024-01-18 10:00:28.064 +02:00 [INF] Executed action ISQuiz.Controllers.HomeController.Index (ISQuiz) in 41.0886ms
2024-01-18 10:00:28.064 +02:00 [INF] Executed endpoint 'ISQuiz.Controllers.HomeController.Index (ISQuiz)'
2024-01-18 10:00:28.064 +02:00 [INF] Request finished HTTP/2 GET https://localhost:7208/ - - - 200 - text/html;+charset=utf-8 42.9539ms
2024-01-18 10:00:28.073 +02:00 [INF] Request starting HTTP/2 GET https://localhost:7208/_vs/browserLink - -
2024-01-18 10:00:28.073 +02:00 [INF] Request starting HTTP/2 GET https://localhost:7208/_framework/aspnetcore-browser-refresh.js - -
2024-01-18 10:00:28.073 +02:00 [INF] Request finished HTTP/2 GET https://localhost:7208/_framework/aspnetcore-browser-refresh.js - - - 200 13748 application/javascript;+charset=utf-8 0.2122ms
2024-01-18 10:00:28.075 +02:00 [INF] Request finished HTTP/2 GET https://localhost:7208/_vs/browserLink - - - 200 - text/javascript;+charset=UTF-8 2.1686ms
2024-01-18 10:00:57.261 +02:00 [INF] Request starting HTTP/2 GET https://localhost:7208/Home/Detail/52 - -
2024-01-18 10:00:57.264 +02:00 [INF] Executing endpoint 'ISQuiz.Controllers.HomeController.Detail (ISQuiz)'
2024-01-18 10:00:57.264 +02:00 [INF] Route matched with {action = "Detail", controller = "Home"}. Executing controller action with signature Microsoft.AspNetCore.Mvc.IActionResult Detail(Int32) on controller ISQuiz.Controllers.HomeController (ISQuiz).
2024-01-18 10:00:57.264 +02:00 [INF] GetLanguageCookie BaseController
2024-01-18 10:00:57.264 +02:00 [INF] Executing ViewResult, running view ~/Views/Home/Detail.cshtml.
2024-01-18 10:00:57.265 +02:00 [INF] Executed ViewResult - view ~/Views/Home/Detail.cshtml executed in 1.1758ms.
2024-01-18 10:00:57.265 +02:00 [INF] Executed action ISQuiz.Controllers.HomeController.Detail (ISQuiz) in 1.4269ms
2024-01-18 10:00:57.265 +02:00 [INF] Executed endpoint 'ISQuiz.Controllers.HomeController.Detail (ISQuiz)'
2024-01-18 10:00:57.265 +02:00 [INF] Request finished HTTP/2 GET https://localhost:7208/Home/Detail/52 - - - 200 - text/html;+charset=utf-8 4.7266ms
2024-01-18 10:00:57.275 +02:00 [INF] Request starting HTTP/2 GET https://localhost:7208/_framework/aspnetcore-browser-refresh.js - -
2024-01-18 10:00:57.275 +02:00 [INF] Request finished HTTP/2 GET https://localhost:7208/_framework/aspnetcore-browser-refresh.js - - - 200 13748 application/javascript;+charset=utf-8 0.2448ms
2024-01-18 10:00:57.284 +02:00 [INF] Request starting HTTP/2 GET https://localhost:7208/_vs/browserLink - -
2024-01-18 10:00:57.289 +02:00 [INF] Request finished HTTP/2 GET https://localhost:7208/_vs/browserLink - - - 200 - text/javascript;+charset=UTF-8 4.3818ms
2024-01-18 10:00:57.298 +02:00 [INF] Request starting HTTP/2 GET https://localhost:7208/Home/GetInfoQuestionnaire/52?_=1705564857294 - -
2024-01-18 10:00:57.298 +02:00 [INF] Request starting HTTP/2 GET https://localhost:7208/Home/QuestionnaireStatistic/52?_=1705564857295 - -
2024-01-18 10:00:57.300 +02:00 [INF] Executing endpoint 'ISQuiz.Controllers.HomeController.QuestionnaireStatistic (ISQuiz)'
2024-01-18 10:00:57.300 +02:00 [INF] Executing endpoint 'ISQuiz.Controllers.HomeController.GetInfoQuestionnaire (ISQuiz)'
2024-01-18 10:00:57.300 +02:00 [INF] Route matched with {action = "QuestionnaireStatistic", controller = "Home"}. Executing controller action with signature System.Threading.Tasks.Task`1[Microsoft.AspNetCore.Mvc.IActionResult] QuestionnaireStatistic(Int32) on controller ISQuiz.Controllers.HomeController (ISQuiz).
2024-01-18 10:00:57.300 +02:00 [INF] Route matched with {action = "GetInfoQuestionnaire", controller = "Home"}. Executing controller action with signature System.Threading.Tasks.Task`1[Microsoft.AspNetCore.Mvc.IActionResult] GetInfoQuestionnaire(Int32) on controller ISQuiz.Controllers.HomeController (ISQuiz).
2024-01-18 10:00:57.300 +02:00 [INF] QuestionnaireStatistic method called. Id = 52
2024-01-18 10:00:57.300 +02:00 [INF] GetInfoQuestionnaire method called. Id = 52
2024-01-18 10:00:57.300 +02:00 [INF] GetToken BaseController
2024-01-18 10:00:57.300 +02:00 [INF] GetToken BaseController
2024-01-18 10:00:57.317 +02:00 [INF] GetLanguageCookie BaseController
2024-01-18 10:00:57.317 +02:00 [INF] GetLanguageCookie BaseController
2024-01-18 10:00:57.318 +02:00 [INF] Executing PartialViewResult, running view ~/Views/Home/_Info.cshtml.
2024-01-18 10:00:57.318 +02:00 [INF] Executing PartialViewResult, running view ~/Views/Home/_Statistic.cshtml.
2024-01-18 10:00:57.318 +02:00 [INF] Executed PartialViewResult - view ~/Views/Home/_Statistic.cshtml executed in 0.591ms.
2024-01-18 10:00:57.318 +02:00 [INF] Executed action ISQuiz.Controllers.HomeController.QuestionnaireStatistic (ISQuiz) in 17.9947ms
2024-01-18 10:00:57.318 +02:00 [INF] Executed endpoint 'ISQuiz.Controllers.HomeController.QuestionnaireStatistic (ISQuiz)'
2024-01-18 10:00:57.318 +02:00 [INF] Executed PartialViewResult - view ~/Views/Home/_Info.cshtml executed in 0.7141ms.
2024-01-18 10:00:57.318 +02:00 [INF] Executed action ISQuiz.Controllers.HomeController.GetInfoQuestionnaire (ISQuiz) in 18.0895ms
2024-01-18 10:00:57.318 +02:00 [INF] Request finished HTTP/2 GET https://localhost:7208/Home/QuestionnaireStatistic/52?_=1705564857295 - - - 200 - text/html;+charset=utf-8 20.1395ms
2024-01-18 10:00:57.318 +02:00 [INF] Executed endpoint 'ISQuiz.Controllers.HomeController.GetInfoQuestionnaire (ISQuiz)'
2024-01-18 10:00:57.319 +02:00 [INF] Request finished HTTP/2 GET https://localhost:7208/Home/GetInfoQuestionnaire/52?_=1705564857294 - - - 200 - text/html;+charset=utf-8 20.4606ms
2024-01-18 10:00:57.330 +02:00 [INF] Request starting HTTP/2 GET https://localhost:7208/Home/GetQuestions/52?_=1705564857296 - -
2024-01-18 10:00:57.334 +02:00 [INF] Executing endpoint 'ISQuiz.Controllers.HomeController.GetQuestions (ISQuiz)'
2024-01-18 10:00:57.334 +02:00 [INF] Route matched with {action = "GetQuestions", controller = "Home"}. Executing controller action with signature System.Threading.Tasks.Task`1[Microsoft.AspNetCore.Mvc.IActionResult] GetQuestions(Int32) on controller ISQuiz.Controllers.HomeController (ISQuiz).
2024-01-18 10:00:57.334 +02:00 [INF] GetQuestions method called. Id = 52
2024-01-18 10:00:57.334 +02:00 [INF] GetToken BaseController
2024-01-18 10:00:57.371 +02:00 [INF] Request starting HTTP/2 GET https://localhost:7208/Home/Detail/assets/css/bootstrap.min.css - -
2024-01-18 10:00:57.371 +02:00 [INF] Request starting HTTP/2 GET https://localhost:7208/Home/Detail/assets/css/app.min.css - -
2024-01-18 10:00:57.371 +02:00 [INF] GetLanguageCookie BaseController
2024-01-18 10:00:57.371 +02:00 [INF] Executing PartialViewResult, running view ~/Views/Home/_Questions.cshtml.
2024-01-18 10:00:57.372 +02:00 [INF] Request finished HTTP/2 GET https://localhost:7208/Home/Detail/assets/css/bootstrap.min.css - - - 404 0 - 0.5684ms
2024-01-18 10:00:57.372 +02:00 [INF] Request finished HTTP/2 GET https://localhost:7208/Home/Detail/assets/css/app.min.css - - - 404 0 - 0.5049ms
2024-01-18 10:00:57.372 +02:00 [INF] Executed PartialViewResult - view ~/Views/Home/_Questions.cshtml executed in 0.5825ms.
2024-01-18 10:00:57.372 +02:00 [INF] Executed action ISQuiz.Controllers.HomeController.GetQuestions (ISQuiz) in 37.8954ms
2024-01-18 10:00:57.372 +02:00 [INF] Executed endpoint 'ISQuiz.Controllers.HomeController.GetQuestions (ISQuiz)'
2024-01-18 10:00:57.372 +02:00 [INF] Request finished HTTP/2 GET https://localhost:7208/Home/GetQuestions/52?_=1705564857296 - - - 200 - text/html;+charset=utf-8 42.6265ms
2024-01-18 10:01:03.098 +02:00 [INF] Request starting HTTP/2 POST https://localhost:7208/Home/UpsertQuestionnaire application/json;+charset=UTF-8 31
2024-01-18 10:01:03.098 +02:00 [INF] Executing endpoint 'ISQuiz.Controllers.HomeController.UpsertQuestionnaire (ISQuiz)'
2024-01-18 10:01:03.100 +02:00 [INF] Route matched with {action = "UpsertQuestionnaire", controller = "Home"}. Executing controller action with signature System.Threading.Tasks.Task`1[Microsoft.AspNetCore.Mvc.IActionResult] UpsertQuestionnaire(ISQuiz.ViewModels.UpsertQuestionnaire) on controller ISQuiz.Controllers.HomeController (ISQuiz).
2024-01-18 10:01:03.107 +02:00 [INF] UpsertQuestionnaire method called.
2024-01-18 10:01:03.107 +02:00 [INF] GetToken BaseController
2024-01-18 10:01:03.154 +02:00 [INF] GetLanguageCookie BaseController
2024-01-18 10:01:03.155 +02:00 [INF] Executing JsonResult, writing value of type '<>f__AnonymousType1`1[[System.Int32, System.Private.CoreLib, Version=6.0.0.0, Culture=neutral, PublicKeyToken=7cec85d7bea7798e]]'.
2024-01-18 10:01:03.176 +02:00 [INF] Executed action ISQuiz.Controllers.HomeController.UpsertQuestionnaire (ISQuiz) in 75.5032ms
2024-01-18 10:01:03.176 +02:00 [INF] Executed endpoint 'ISQuiz.Controllers.HomeController.UpsertQuestionnaire (ISQuiz)'
2024-01-18 10:01:03.176 +02:00 [INF] Request finished HTTP/2 POST https://localhost:7208/Home/UpsertQuestionnaire application/json;+charset=UTF-8 31 - 200 - application/json;+charset=utf-8 78.3614ms
2024-01-18 10:01:11.405 +02:00 [INF] Request starting HTTP/2 GET https://localhost:7208/License - -
2024-01-18 10:01:11.407 +02:00 [INF] Executing endpoint 'ISQuiz.Controllers.LicenseController.Index (ISQuiz)'
2024-01-18 10:01:11.407 +02:00 [INF] Route matched with {action = "Index", controller = "License"}. Executing controller action with signature System.Threading.Tasks.Task`1[Microsoft.AspNetCore.Mvc.IActionResult] Index() on controller ISQuiz.Controllers.LicenseController (ISQuiz).
2024-01-18 10:01:11.407 +02:00 [INF] License.Index method called.
2024-01-18 10:01:11.407 +02:00 [INF] GetToken BaseController
2024-01-18 10:01:11.437 +02:00 [INF] Executing ViewResult, running view ~/Views/License/Index.cshtml.
2024-01-18 10:01:11.438 +02:00 [INF] Executed ViewResult - view ~/Views/License/Index.cshtml executed in 1.2189ms.
2024-01-18 10:01:11.438 +02:00 [INF] Executed action ISQuiz.Controllers.LicenseController.Index (ISQuiz) in 31.1386ms
2024-01-18 10:01:11.438 +02:00 [INF] Executed endpoint 'ISQuiz.Controllers.LicenseController.Index (ISQuiz)'
2024-01-18 10:01:11.438 +02:00 [INF] Request finished HTTP/2 GET https://localhost:7208/License - - - 200 - text/html;+charset=utf-8 32.8857ms
2024-01-18 10:01:11.446 +02:00 [INF] Request starting HTTP/2 GET https://localhost:7208/_vs/browserLink - -
2024-01-18 10:01:11.447 +02:00 [INF] Request starting HTTP/2 GET https://localhost:7208/_framework/aspnetcore-browser-refresh.js - -
2024-01-18 10:01:11.448 +02:00 [INF] Request finished HTTP/2 GET https://localhost:7208/_framework/aspnetcore-browser-refresh.js - - - 200 13748 application/javascript;+charset=utf-8 0.6393ms
2024-01-18 10:01:11.449 +02:00 [INF] Request finished HTTP/2 GET https://localhost:7208/_vs/browserLink - - - 200 - text/javascript;+charset=UTF-8 2.4964ms
2024-01-18 10:01:11.465 +02:00 [INF] Request starting HTTP/2 GET https://localhost:7208/License/CreateLicence?_=1705564871460 - -
2024-01-18 10:01:11.467 +02:00 [INF] Executing endpoint 'ISQuiz.Controllers.LicenseController.CreateLicence (ISQuiz)'
2024-01-18 10:01:11.467 +02:00 [INF] Route matched with {action = "CreateLicence", controller = "License"}. Executing controller action with signature Microsoft.AspNetCore.Mvc.IActionResult CreateLicence() on controller ISQuiz.Controllers.LicenseController (ISQuiz).
2024-01-18 10:01:11.467 +02:00 [INF] Executing PartialViewResult, running view ~/Views/License/_CreateLicence.cshtml.
2024-01-18 10:01:11.468 +02:00 [INF] Executed PartialViewResult - view ~/Views/License/_CreateLicence.cshtml executed in 0.9996ms.
2024-01-18 10:01:11.468 +02:00 [INF] Executed action ISQuiz.Controllers.LicenseController.CreateLicence (ISQuiz) in 1.127ms
2024-01-18 10:01:11.468 +02:00 [INF] Executed endpoint 'ISQuiz.Controllers.LicenseController.CreateLicence (ISQuiz)'
2024-01-18 10:01:11.468 +02:00 [INF] Request finished HTTP/2 GET https://localhost:7208/License/CreateLicence?_=1705564871460 - - - 200 - text/html;+charset=utf-8 2.8847ms
2024-01-18 10:01:12.437 +02:00 [INF] Request starting HTTP/2 GET https://localhost:7208/ - -
2024-01-18 10:01:12.438 +02:00 [INF] Executing endpoint 'ISQuiz.Controllers.HomeController.Index (ISQuiz)'
2024-01-18 10:01:12.438 +02:00 [INF] Route matched with {action = "Index", controller = "Home"}. Executing controller action with signature System.Threading.Tasks.Task`1[Microsoft.AspNetCore.Mvc.IActionResult] Index() on controller ISQuiz.Controllers.HomeController (ISQuiz).
2024-01-18 10:01:12.438 +02:00 [INF] Home.Index method called.
2024-01-18 10:01:12.438 +02:00 [INF] GetToken BaseController
2024-01-18 10:01:12.457 +02:00 [INF] GetLanguageCookie BaseController
2024-01-18 10:01:12.457 +02:00 [INF] Executing ViewResult, running view ~/Views/Home/Index.cshtml.
2024-01-18 10:01:12.458 +02:00 [INF] Executed ViewResult - view ~/Views/Home/Index.cshtml executed in 0.779ms.
2024-01-18 10:01:12.458 +02:00 [INF] Executed action ISQuiz.Controllers.HomeController.Index (ISQuiz) in 19.7247ms
2024-01-18 10:01:12.458 +02:00 [INF] Executed endpoint 'ISQuiz.Controllers.HomeController.Index (ISQuiz)'
2024-01-18 10:01:12.458 +02:00 [INF] Request finished HTTP/2 GET https://localhost:7208/ - - - 200 - text/html;+charset=utf-8 21.2020ms
2024-01-18 10:01:12.466 +02:00 [INF] Request starting HTTP/2 GET https://localhost:7208/_vs/browserLink - -
2024-01-18 10:01:12.466 +02:00 [INF] Request starting HTTP/2 GET https://localhost:7208/_framework/aspnetcore-browser-refresh.js - -
2024-01-18 10:01:12.467 +02:00 [INF] Request finished HTTP/2 GET https://localhost:7208/_framework/aspnetcore-browser-refresh.js - - - 200 13748 application/javascript;+charset=utf-8 0.3428ms
2024-01-18 10:01:12.468 +02:00 [INF] Request finished HTTP/2 GET https://localhost:7208/_vs/browserLink - - - 200 - text/javascript;+charset=UTF-8 2.0871ms
2024-01-18 10:01:18.076 +02:00 [INF] Request starting HTTP/2 GET https://localhost:7208/Account/Logout - -
2024-01-18 10:01:18.077 +02:00 [INF] Executing endpoint 'ISQuiz.Controllers.AccountController.Logout (ISQuiz)'
2024-01-18 10:01:18.080 +02:00 [INF] Route matched with {action = "Logout", controller = "Account"}. Executing controller action with signature System.Threading.Tasks.Task`1[Microsoft.AspNetCore.Mvc.IActionResult] Logout() on controller ISQuiz.Controllers.AccountController (ISQuiz).
2024-01-18 10:01:18.081 +02:00 [INF] AuthenticationScheme: Cookies signed out.
2024-01-18 10:01:18.081 +02:00 [INF] GetLanguageCookie BaseController
2024-01-18 10:01:18.081 +02:00 [INF] Executing RedirectResult, redirecting to /Account/Login.
2024-01-18 10:01:18.081 +02:00 [INF] Executed action ISQuiz.Controllers.AccountController.Logout (ISQuiz) in 1.2894ms
2024-01-18 10:01:18.081 +02:00 [INF] Executed endpoint 'ISQuiz.Controllers.AccountController.Logout (ISQuiz)'
2024-01-18 10:01:18.081 +02:00 [INF] Request finished HTTP/2 GET https://localhost:7208/Account/Logout - - - 302 0 - 5.2598ms
2024-01-18 10:01:18.083 +02:00 [INF] Request starting HTTP/2 GET https://localhost:7208/Account/Login - -
2024-01-18 10:01:18.084 +02:00 [INF] Executing endpoint 'ISQuiz.Controllers.AccountController.Login (ISQuiz)'
2024-01-18 10:01:18.084 +02:00 [INF] Route matched with {action = "Login", controller = "Account"}. Executing controller action with signature Microsoft.AspNetCore.Mvc.IActionResult Login() on controller ISQuiz.Controllers.AccountController (ISQuiz).
2024-01-18 10:01:18.085 +02:00 [INF] GetLanguageCookie BaseController
2024-01-18 10:01:18.085 +02:00 [INF] Executing ViewResult, running view ~/Views/Account/Login.cshtml.
2024-01-18 10:01:18.086 +02:00 [INF] Executed ViewResult - view ~/Views/Account/Login.cshtml executed in 1.7554ms.
2024-01-18 10:01:18.086 +02:00 [INF] Executed action ISQuiz.Controllers.AccountController.Login (ISQuiz) in 1.9332ms
2024-01-18 10:01:18.087 +02:00 [INF] Executed endpoint 'ISQuiz.Controllers.AccountController.Login (ISQuiz)'
2024-01-18 10:01:18.087 +02:00 [INF] Request finished HTTP/2 GET https://localhost:7208/Account/Login - - - 200 - text/html;+charset=utf-8 3.6364ms
2024-01-18 10:01:18.097 +02:00 [INF] Request starting HTTP/2 GET https://localhost:7208/_framework/aspnetcore-browser-refresh.js - -
2024-01-18 10:01:18.097 +02:00 [INF] Request finished HTTP/2 GET https://localhost:7208/_framework/aspnetcore-browser-refresh.js - - - 200 13748 application/javascript;+charset=utf-8 0.3166ms
2024-01-18 10:01:18.097 +02:00 [INF] Request starting HTTP/2 GET https://localhost:7208/_vs/browserLink - -
2024-01-18 10:01:18.100 +02:00 [INF] Request finished HTTP/2 GET https://localhost:7208/_vs/browserLink - - - 200 - text/javascript;+charset=UTF-8 2.6383ms
